#
# A fatal error has been detected by the Java Runtime Environment:
#
#  SIGSEGV (0xb) at pc=0x00007f8a8c793acb, pid=27497, tid=140234571749120
#
# JRE version: OpenJDK Runtime Environment (7.0_101) (build 1.7.0_101-b00)
# Java VM: OpenJDK 64-Bit Server VM (24.95-b01 mixed mode linux-amd64 compressed oops)
# Derivative: IcedTea 2.6.6
# Distribution: Debian GNU/Linux 8.4 (jessie), package 7u101-2.6.6-2~deb8u1
# Problematic frame:
# C  [libamdocl64.so+0x66cacb]  clEnqueueWriteBuffer+0x4b
#
# Failed to write core dump. Core dumps have been disabled. To enable core dumping, try "ulimit -c unlimited" before starting Java again
#
# If you would like to submit a bug report, please include
# instructions on how to reproduce the bug and visit:
#   http://icedtea.classpath.org/bugzilla
# The crash happened outside the Java Virtual Machine in native code.
# See problematic frame for where to report the bug.
#

---------------  T H R E A D  ---------------

Current thread (0x00007f8ae000c000):  JavaThread "main" [_thread_in_native, id=27503, stack(0x00007f8ae7c59000,0x00007f8ae7d5a000)]

siginfo:si_signo=SIGSEGV: si_errno=0, si_code=1 (SEGV_MAPERR), si_addr=0x000000000000002c

Registers:
RAX=0xfffffffffffffffc, RBX=0x00007f8ae083c7d0, RCX=0x0000000000000000, RDX=0x0000000000000001
RSP=0x00007f8ae7d58460, RBP=0x0000000000000001, RSI=0x00007f8ae087c7e0, RDI=0x00007f8ae087c7d0
R8 =0x0000000000040000, R9 =0x00007f8ae083c7d0, R10=0x0000000000000002, R11=0x00007f8ae6f75ab4
R12=0x0000000000000000, R13=0x0000000000040000, R14=0x00007f8ae7d587b8, R15=0x00007f8ae068bde0
RIP=0x00007f8a8c793acb, EFLAGS=0x0000000000010202, CSGSFS=0x0000000000000033, ERR=0x0000000000000004
  TRAPNO=0x000000000000000e

Top of Stack: (sp=0x00007f8ae7d58460)
0x00007f8ae7d58460:   00007f8ae7d58490 00007f8ae000c7c8
0x00007f8ae7d58470:   00007f8ae7d584d0 00007f8ae68fcd1d
0x00007f8ae7d58480:   0000000000000000 00007f8ae04d1791
0x00007f8ae7d58490:   00007f8ae6ea1cd0 00007f8ae04d1790
0x00007f8ae7d584a0:   0000000000000043 000000000000000a
0x00007f8ae7d584b0:   00007f8a00000000 eca2cec30a78f900
0x00007f8ae7d584c0:   00007f8ae7d58500 00007f8ae000c000
0x00007f8ae7d584d0:   00007f8ae7d585a0 00007f8ae673b44e
0x00007f8ae7d584e0:   000000067d5cce00 00007f8ae7d587b8
0x00007f8ae7d584f0:   00007f8ae000c000 00007f8ae04d1791
0x00007f8ae7d58500:   00007f8ae6eaf490 00007f8ae04d1790
0x00007f8ae7d58510:   0000000000000042 00007f8ae01322d1
0x00007f8ae7d58520:   00007f8ae000c7c8 0000000100000013
0x00007f8ae7d58530:   00007f8a0000000e 00007f8ae7d58720
0x00007f8ae7d58540:   00007f8ae7d58678 00007f8ae7d585e0
0x00007f8ae7d58550:   00007f8ae7d585e8 00007f8ae000c000
0x00007f8ae7d58560:   00007f8ae7d58590 000000067d5cc4b0
0x00007f8ae7d58570:   00007f8ae7d58620 0000000000000000
0x00007f8ae7d58580:   000000067d5cc4b0 00007f8ae7d587b8
0x00007f8ae7d58590:   00007f8ae000c000 00007f8ab13fb93c
0x00007f8ae7d585a0:   0000000000000000 0000000000000000
0x00007f8ae7d585b0:   0000000000000000 00007f8ab13fb892
0x00007f8ae7d585c0:   0000000000000000 00000001e087c7e0
0x00007f8ae7d585d0:   00007f8ae087c7e0 00007f8ae068bde0
0x00007f8ae7d585e0:   00007f8ae7d587b8 00007f8ae000c1d8
0x00007f8ae7d585f0:   0000000000000000 0000000000000000
0x00007f8ae7d58600:   00007f8ab16021d0 0000000000000000
0x00007f8ae7d58610:   0000000000000000 00007f8ae083c7d0
0x00007f8ae7d58620:   00007f8ae7d58708 00007f8add0148f8
0x00007f8ae7d58630:   0000000000040000 00007f8ae7d58768
0x00007f8ae7d58640:   0000000000000000 0000000000000000
0x00007f8ae7d58650:   0000000000000000 0000000000000000 

Instructions: (pc=0x00007f8a8c793acb)
0x00007f8a8c793aab:   0f 84 ef 00 00 00 4d 85 ff 0f 84 d6 00 00 00 48
0x00007f8a8c793abb:   85 f6 0f 84 bd 00 00 00 48 8b 46 f0 48 8d 7e f0
0x00007f8a8c793acb:   ff 50 30 48 85 c0 49 89 c6 0f 84 a6 00 00 00 49
0x00007f8a8c793adb:   f7 86 90 00 00 00 00 03 00 00 b8 c5 ff ff ff 74 

Register to memory mapping:

RAX=0xfffffffffffffffc is an unknown value
RBX=0x00007f8ae083c7d0 is an unknown value
RCX=0x0000000000000000 is an unknown value
RDX=0x0000000000000001 is an unknown value
RSP=0x00007f8ae7d58460 is pointing into the stack for thread: 0x00007f8ae000c000
RBP=0x0000000000000001 is an unknown value
RSI=0x00007f8ae087c7e0 is an unknown value
RDI=0x00007f8ae087c7d0 is an unknown value
R8 =0x0000000000040000 is an unknown value
R9 =0x00007f8ae083c7d0 is an unknown value
R10=0x0000000000000002 is an unknown value
R11=0x00007f8ae6f75ab4: <offset 0xe2cab4> in /usr/lib/jvm/java-7-openjdk-amd64/jre/lib/amd64/server/libjvm.so at 0x00007f8ae6149000
R12=0x0000000000000000 is an unknown value
R13=0x0000000000040000 is an unknown value
R14=0x00007f8ae7d587b8 is pointing into the stack for thread: 0x00007f8ae000c000
R15=0x00007f8ae068bde0 is an unknown value


Stack: [0x00007f8ae7c59000,0x00007f8ae7d5a000],  sp=0x00007f8ae7d58460,  free space=1021k
Native frames: (J=compiled Java code, j=interpreted, Vv=VM code, C=native code)
C  [libamdocl64.so+0x66cacb]  clEnqueueWriteBuffer+0x4b

Java frames: (J=compiled Java code, j=interpreted, Vv=VM code)
j  com.jogamp.opencl.llb.impl.CLAbstractImpl.dispatch_clEnqueueWriteBuffer0(JJIJJLjava/lang/Object;IILjava/lang/Object;ILjava/lang/Object;IJ)I+0
j  com.jogamp.opencl.llb.impl.CLAbstractImpl.clEnqueueWriteBuffer(JJIJJLjava/nio/Buffer;ILcom/jogamp/common/nio/PointerBuffer;Lcom/jogamp/common/nio/PointerBuffer;)I+149
j  com.jogamp.opencl.CLCommandQueue.putWriteBuffer(Lcom/jogamp/opencl/CLBuffer;ZLcom/jogamp/opencl/CLEventList;Lcom/jogamp/opencl/CLEventList;)Lcom/jogamp/opencl/CLCommandQueue;+66
j  com.jogamp.opencl.CLCommandQueue.putWriteBuffer(Lcom/jogamp/opencl/CLBuffer;Z)Lcom/jogamp/opencl/CLCommandQueue;+5
j  edu.stanford.rsl.tutorial.gu74xyga.OpenCLBP.init()V+231
j  edu.stanford.rsl.tutorial.gu74xyga.OpenCLBP.main([Ljava/lang/String;)V+3
v  ~StubRoutines::call_stub

---------------  P R O C E S S  ---------------

Java Threads: ( => current thread )
  0x00007f8ae04fb800 JavaThread "process reaper" daemon [_thread_blocked, id=27527, stack(0x00007f8ab330a000,0x00007f8ab3343000)]
  0x00007f8ae00c7000 JavaThread "Service Thread" daemon [_thread_blocked, id=27523, stack(0x00007f8ab36c8000,0x00007f8ab37c9000)]
  0x00007f8ae00c4800 JavaThread "C2 CompilerThread1" daemon [_thread_blocked, id=27522, stack(0x00007f8ab37c9000,0x00007f8ab38ca000)]
  0x00007f8ae00c1800 JavaThread "C2 CompilerThread0" daemon [_thread_blocked, id=27521, stack(0x00007f8ab38ca000,0x00007f8ab39cb000)]
  0x00007f8ae00bf800 JavaThread "Signal Dispatcher" daemon [_thread_blocked, id=27520, stack(0x00007f8ab39cb000,0x00007f8ab3acc000)]
  0x00007f8ae0091000 JavaThread "Finalizer" daemon [_thread_blocked, id=27519, stack(0x00007f8ab3bfc000,0x00007f8ab3cfd000)]
  0x00007f8ae008f000 JavaThread "Reference Handler" daemon [_thread_blocked, id=27518, stack(0x00007f8ab3cfd000,0x00007f8ab3dfe000)]
=>0x00007f8ae000c000 JavaThread "main" [_thread_in_native, id=27503, stack(0x00007f8ae7c59000,0x00007f8ae7d5a000)]

Other Threads:
  0x00007f8ae008b000 VMThread [stack: 0x00007f8ab3dfe000,0x00007f8ab3eff000] [id=27517]
  0x00007f8ae00d1800 WatcherThread [stack: 0x00007f8ab35c7000,0x00007f8ab36c8000] [id=27524]

VM state:not at safepoint (normal execution)

VM Mutex/Monitor currently owned by a thread: None

Heap
 PSYoungGen      total 112640K, used 31491K [0x0000000782700000, 0x000000078a480000, 0x0000000800000000)
  eden space 96768K, 32% used [0x0000000782700000,0x00000007845c0d90,0x0000000788580000)
  from space 15872K, 0% used [0x0000000789500000,0x0000000789500000,0x000000078a480000)
  to   space 15872K, 0% used [0x0000000788580000,0x0000000788580000,0x0000000789500000)
 ParOldGen       total 257024K, used 0K [0x0000000687600000, 0x0000000697100000, 0x0000000782700000)
  object space 257024K, 0% used [0x0000000687600000,0x0000000687600000,0x0000000697100000)
 PSPermGen       total 21504K, used 8154K [0x000000067d000000, 0x000000067e500000, 0x0000000687600000)
  object space 21504K, 37% used [0x000000067d000000,0x000000067d7f6800,0x000000067e500000)

Card table byte_map: [0x00007f8adc3e7000,0x00007f8add000000] byte_map_base: 0x00007f8ad8fff000

Polling page: 0x00007f8ae7da3000

Code Cache  [0x00007f8add000000, 0x00007f8add270000, 0x00007f8ae0000000)
 total_blobs=530 nmethods=124 adapters=360 free_code_cache=48143Kb largest_free_block=49252608

Compilation events (10 events):
Event: 1.005 Thread 0x00007f8ae00c4800 nmethod 120 0x00007f8add0dfa10 code [0x00007f8add0dfb80, 0x00007f8add0dfda8]
Event: 1.007 Thread 0x00007f8ae00c4800  121 %           java.lang.String::replace @ 78 (127 bytes)
Event: 1.014 Thread 0x00007f8ae00c4800 nmethod 121% 0x00007f8add0df390 code [0x00007f8add0df500, 0x00007f8add0df878]
Event: 1.014 Thread 0x00007f8ae00c4800  122             java.lang.String::replace (127 bytes)
Event: 1.027 Thread 0x00007f8ae00c4800 nmethod 122 0x00007f8add0da450 code [0x00007f8add0da5a0, 0x00007f8add0daa38]
Event: 1.027 Thread 0x00007f8ae00c4800  123             java.lang.CharacterData::of (120 bytes)
Event: 1.027 Thread 0x00007f8ae00c4800 nmethod 123 0x00007f8add0df110 code [0x00007f8add0df240, 0x00007f8add0df2b8]
Event: 1.027 Thread 0x00007f8ae00c4800  124             java.lang.CharacterDataLatin1::getProperties (11 bytes)
Event: 1.027 Thread 0x00007f8ae00c4800 nmethod 124 0x00007f8add0d8190 code [0x00007f8add0d82c0, 0x00007f8add0d8358]
Event: 1.147 Thread 0x00007f8ae00c1800 nmethod 114 0x00007f8add0f2550 code [0x00007f8add0f2dc0, 0x00007f8add0fb070]

GC Heap History (0 events):
No events

Deoptimization events (10 events):
Event: 0.933 Thread 0x00007f8ae000c000 Uncommon trap: reason=class_check action=maybe_recompile pc=0x00007f8add090778 method=java.util.regex.Pattern$Start.match(Ljava/util/regex/Matcher;ILjava/lang/CharSequence;)Z @ 44
Event: 0.933 Thread 0x00007f8ae000c000 Uncommon trap: reason=bimorphic action=maybe_recompile pc=0x00007f8add091714 method=java.util.regex.Pattern$5.isSatisfiedBy(I)Z @ 5
Event: 0.933 Thread 0x00007f8ae000c000 Uncommon trap: reason=class_check action=maybe_recompile pc=0x00007f8add090778 method=java.util.regex.Pattern$Start.match(Ljava/util/regex/Matcher;ILjava/lang/CharSequence;)Z @ 44
Event: 0.933 Thread 0x00007f8ae000c000 Uncommon trap: reason=bimorphic action=maybe_recompile pc=0x00007f8add091714 method=java.util.regex.Pattern$5.isSatisfiedBy(I)Z @ 5
Event: 0.933 Thread 0x00007f8ae000c000 Uncommon trap: reason=class_check action=maybe_recompile pc=0x00007f8add090778 method=java.util.regex.Pattern$Start.match(Ljava/util/regex/Matcher;ILjava/lang/CharSequence;)Z @ 44
Event: 0.933 Thread 0x00007f8ae000c000 Uncommon trap: reason=class_check action=maybe_recompile pc=0x00007f8add07bfd8 method=java.util.regex.Pattern$Start.match(Ljava/util/regex/Matcher;ILjava/lang/CharSequence;)Z @ 44
Event: 0.933 Thread 0x00007f8ae000c000 Uncommon trap: reason=bimorphic action=maybe_recompile pc=0x00007f8add091714 method=java.util.regex.Pattern$5.isSatisfiedBy(I)Z @ 5
Event: 0.945 Thread 0x00007f8ae000c000 Uncommon trap: reason=unstable_if action=reinterpret pc=0x00007f8add0698f4 method=java.lang.String.replace(CC)Ljava/lang/String; @ 26
Event: 1.199 Thread 0x00007f8ae000c000 Uncommon trap: reason=bimorphic action=maybe_recompile pc=0x00007f8add0f58d0 method=java.util.regex.Pattern$Curly.match0(Ljava/util/regex/Matcher;IILjava/lang/CharSequence;)Z @ 77
Event: 1.199 Thread 0x00007f8ae000c000 Uncommon trap: reason=bimorphic action=maybe_recompile pc=0x00007f8add0f58d0 method=java.util.regex.Pattern$Curly.match0(Ljava/util/regex/Matcher;IILjava/lang/CharSequence;)Z @ 77

Internal exceptions (10 events):
Event: 1.191 Thread 0x00007f8ae000c000 Threw 0x00000007844926b0 at /build/openjdk-7-Z6tDWf/openjdk-7-7u101-2.6.6/build/openjdk/hotspot/src/share/vm/prims/jvm.cpp:1322
Event: 1.193 Thread 0x00007f8ae000c000 Threw 0x000000078449b9f0 at /build/openjdk-7-Z6tDWf/openjdk-7-7u101-2.6.6/build/openjdk/hotspot/src/share/vm/prims/jvm.cpp:1322
Event: 1.195 Thread 0x00007f8ae000c000 Threw 0x00000007844aa868 at /build/openjdk-7-Z6tDWf/openjdk-7-7u101-2.6.6/build/openjdk/hotspot/src/share/vm/prims/jvm.cpp:1322
Event: 1.196 Thread 0x00007f8ae000c000 Threw 0x00000007844b3320 at /build/openjdk-7-Z6tDWf/openjdk-7-7u101-2.6.6/build/openjdk/hotspot/src/share/vm/prims/jvm.cpp:1322
Event: 1.263 Thread 0x00007f8ae000c000 Threw 0x00000007844fe6c0 at /build/openjdk-7-Z6tDWf/openjdk-7-7u101-2.6.6/build/openjdk/hotspot/src/share/vm/prims/jvm.cpp:1322
Event: 1.279 Thread 0x00007f8ae000c000 Threw 0x00000007845153a8 at /build/openjdk-7-Z6tDWf/openjdk-7-7u101-2.6.6/build/openjdk/hotspot/src/share/vm/prims/jvm.cpp:1322
Event: 1.280 Thread 0x00007f8ae000c000 Threw 0x000000078451bee0 at /build/openjdk-7-Z6tDWf/openjdk-7-7u101-2.6.6/build/openjdk/hotspot/src/share/vm/prims/jvm.cpp:1322
Event: 1.280 Thread 0x00007f8ae000c000 Threw 0x0000000784523778 at /build/openjdk-7-Z6tDWf/openjdk-7-7u101-2.6.6/build/openjdk/hotspot/src/share/vm/prims/jvm.cpp:1322
Event: 1.281 Thread 0x00007f8ae000c000 Threw 0x000000078452b398 at /build/openjdk-7-Z6tDWf/openjdk-7-7u101-2.6.6/build/openjdk/hotspot/src/share/vm/prims/jvm.cpp:1322
Event: 1.282 Thread 0x00007f8ae000c000 Threw 0x0000000784532898 at /build/openjdk-7-Z6tDWf/openjdk-7-7u101-2.6.6/build/openjdk/hotspot/src/share/vm/prims/jvm.cpp:1322

Events (10 events):
Event: 1.279 loading class 0x00007f8ae0131dd0
Event: 1.279 loading class 0x00007f8ae0131dd0 done
Event: 1.280 loading class 0x00007f8ae0131e10
Event: 1.280 loading class 0x00007f8ae0131e10 done
Event: 1.280 loading class 0x00007f8ae0131ec0
Event: 1.280 loading class 0x00007f8ae0131ec0 done
Event: 1.281 loading class 0x00007f8ae04b7c30
Event: 1.281 loading class 0x00007f8ae04b7c30 done
Event: 1.282 loading class 0x00007f8ae028ac70
Event: 1.282 loading class 0x00007f8ae028ac70 done


Dynamic libraries:
00400000-00401000 r-xp 00000000 08:01 14699244                           /usr/lib/jvm/java-7-openjdk-amd64/jre/bin/java
00600000-00601000 r--p 00000000 08:01 14699244                           /usr/lib/jvm/java-7-openjdk-amd64/jre/bin/java
00601000-00602000 rw-p 00001000 08:01 14699244                           /usr/lib/jvm/java-7-openjdk-amd64/jre/bin/java
007fc000-0081d000 rw-p 00000000 00:00 0                                  [heap]
200000000-400000000 ---p 00000000 00:00 0 
67d000000-67e500000 rw-p 00000000 00:00 0 
67e500000-687600000 rw-p 00000000 00:00 0 
687600000-697100000 rw-p 00000000 00:00 0 
697100000-782700000 rw-p 00000000 00:00 0 
782700000-78a480000 rw-p 00000000 00:00 0 
78a480000-800000000 rw-p 00000000 00:00 0 
800000000-f00000000 ---p 00000000 00:00 0 
7f8a04000000-7f8a04021000 rw-p 00000000 00:00 0 
7f8a04021000-7f8a08000000 ---p 00000000 00:00 0 
7f8a08000000-7f8a08021000 rw-p 00000000 00:00 0 
7f8a08021000-7f8a0c000000 ---p 00000000 00:00 0 
7f8a0c000000-7f8a0c021000 rw-p 00000000 00:00 0 
7f8a0c021000-7f8a10000000 ---p 00000000 00:00 0 
7f8a11fe9000-7f8a11fea000 ---p 00000000 00:00 0 
7f8a11fea000-7f8a127ea000 rwxp 00000000 00:00 0                          [stack:27554]
7f8a127ea000-7f8a127eb000 ---p 00000000 00:00 0 
7f8a127eb000-7f8a12feb000 rwxp 00000000 00:00 0                          [stack:27553]
7f8a12feb000-7f8a12fec000 ---p 00000000 00:00 0 
7f8a12fec000-7f8a14000000 rwxp 00000000 00:00 0                          [stack:27547]
7f8a14000000-7f8a14021000 rw-p 00000000 00:00 0 
7f8a14021000-7f8a18000000 ---p 00000000 00:00 0 
7f8a18000000-7f8a18021000 rw-p 00000000 00:00 0 
7f8a18021000-7f8a1c000000 ---p 00000000 00:00 0 
7f8a1c000000-7f8a1c021000 rw-p 00000000 00:00 0 
7f8a1c021000-7f8a20000000 ---p 00000000 00:00 0 
7f8a207c0000-7f8a207c1000 ---p 00000000 00:00 0 
7f8a207c1000-7f8a20fc1000 rwxp 00000000 00:00 0                          [stack:27552]
7f8a20fc1000-7f8a20fc2000 ---p 00000000 00:00 0 
7f8a20fc2000-7f8a21fd6000 rwxp 00000000 00:00 0                          [stack:27546]
7f8a21fd6000-7f8a21fd7000 ---p 00000000 00:00 0 
7f8a21fd7000-7f8a22feb000 rwxp 00000000 00:00 0                          [stack:27545]
7f8a22feb000-7f8a22fec000 ---p 00000000 00:00 0 
7f8a22fec000-7f8a24000000 rwxp 00000000 00:00 0                          [stack:27544]
7f8a24000000-7f8a24021000 rw-p 00000000 00:00 0 
7f8a24021000-7f8a28000000 ---p 00000000 00:00 0 
7f8a28000000-7f8a28021000 rw-p 00000000 00:00 0 
7f8a28021000-7f8a2c000000 ---p 00000000 00:00 0 
7f8a2c000000-7f8a2c021000 rw-p 00000000 00:00 0 
7f8a2c021000-7f8a30000000 ---p 00000000 00:00 0 
7f8a307c0000-7f8a307c1000 ---p 00000000 00:00 0 
7f8a307c1000-7f8a30fc1000 rwxp 00000000 00:00 0                          [stack:27551]
7f8a30fc1000-7f8a30fc2000 ---p 00000000 00:00 0 
7f8a30fc2000-7f8a31fd6000 rwxp 00000000 00:00 0                          [stack:27543]
7f8a31fd6000-7f8a31fd7000 ---p 00000000 00:00 0 
7f8a31fd7000-7f8a32feb000 rwxp 00000000 00:00 0                          [stack:27542]
7f8a32feb000-7f8a32fec000 ---p 00000000 00:00 0 
7f8a32fec000-7f8a34000000 rwxp 00000000 00:00 0                          [stack:27541]
7f8a34000000-7f8a34021000 rw-p 00000000 00:00 0 
7f8a34021000-7f8a38000000 ---p 00000000 00:00 0 
7f8a38000000-7f8a38021000 rw-p 00000000 00:00 0 
7f8a38021000-7f8a3c000000 ---p 00000000 00:00 0 
7f8a3c000000-7f8a3c021000 rw-p 00000000 00:00 0 
7f8a3c021000-7f8a40000000 ---p 00000000 00:00 0 
7f8a407c0000-7f8a407c1000 ---p 00000000 00:00 0 
7f8a407c1000-7f8a40fc1000 rwxp 00000000 00:00 0                          [stack:27550]
7f8a40fc1000-7f8a40fc2000 ---p 00000000 00:00 0 
7f8a40fc2000-7f8a41fd6000 rwxp 00000000 00:00 0                          [stack:27540]
7f8a41fd6000-7f8a41fd7000 ---p 00000000 00:00 0 
7f8a41fd7000-7f8a42feb000 rwxp 00000000 00:00 0                          [stack:27539]
7f8a42feb000-7f8a42fec000 ---p 00000000 00:00 0 
7f8a42fec000-7f8a44000000 rwxp 00000000 00:00 0                          [stack:27538]
7f8a44000000-7f8a44021000 rw-p 00000000 00:00 0 
7f8a44021000-7f8a48000000 ---p 00000000 00:00 0 
7f8a48000000-7f8a48021000 rw-p 00000000 00:00 0 
7f8a48021000-7f8a4c000000 ---p 00000000 00:00 0 
7f8a4c000000-7f8a4c021000 rw-p 00000000 00:00 0 
7f8a4c021000-7f8a50000000 ---p 00000000 00:00 0 
7f8a500c0000-7f8a501c0000 rw-s 30fbad000 00:06 5688                      /dev/nvidiactl
7f8a501c0000-7f8a502c0000 rw-s 5e8ebb000 00:06 5688                      /dev/nvidiactl
7f8a502c0000-7f8a503c0000 rw-s 5bcdc5000 00:06 5688                      /dev/nvidiactl
7f8a503c0000-7f8a503c1000 ---p 00000000 00:00 0 
7f8a503c1000-7f8a50bc1000 rwxp 00000000 00:00 0                          [stack:27549]
7f8a50bc1000-7f8a50fc1000 rw-s 5d9a2a000 00:06 5688                      /dev/nvidiactl
7f8a50fc1000-7f8a50fc2000 ---p 00000000 00:00 0 
7f8a50fc2000-7f8a51fd6000 rwxp 00000000 00:00 0                          [stack:27537]
7f8a51fd6000-7f8a51fd7000 ---p 00000000 00:00 0 
7f8a51fd7000-7f8a52feb000 rwxp 00000000 00:00 0                          [stack:27536]
7f8a52feb000-7f8a52fec000 ---p 00000000 00:00 0 
7f8a52fec000-7f8a54000000 rwxp 00000000 00:00 0                          [stack:27535]
7f8a54000000-7f8a54021000 rw-p 00000000 00:00 0 
7f8a54021000-7f8a58000000 ---p 00000000 00:00 0 
7f8a58000000-7f8a58021000 rw-p 00000000 00:00 0 
7f8a58021000-7f8a5c000000 ---p 00000000 00:00 0 
7f8a5c000000-7f8a5c021000 rw-p 00000000 00:00 0 
7f8a5c021000-7f8a60000000 ---p 00000000 00:00 0 
7f8a60000000-7f8a60087000 rw-p 00000000 00:00 0 
7f8a60087000-7f8a64000000 ---p 00000000 00:00 0 
7f8a640ae000-7f8a641ae000 rw-s 5e9c70000 00:06 5688                      /dev/nvidiactl
7f8a641ae000-7f8a645ae000 rw-s 3116a2000 00:06 5688                      /dev/nvidiactl
7f8a645ae000-7f8a645af000 ---p 00000000 00:00 0 
7f8a645af000-7f8a64daf000 rwxp 00000000 00:00 0                          [stack:27548]
7f8a64daf000-7f8a64db0000 ---p 00000000 00:00 0 
7f8a64db0000-7f8a65dc4000 rwxp 00000000 00:00 0                          [stack:27534]
7f8a65dc4000-7f8a65dc5000 ---p 00000000 00:00 0 
7f8a65dc5000-7f8a66dd9000 rwxp 00000000 00:00 0                          [stack:27533]
7f8a66dd9000-7f8a66dda000 ---p 00000000 00:00 0 
7f8a66dda000-7f8a67dee000 rwxp 00000000 00:00 0                          [stack:27532]
7f8a67dee000-7f8a67dff000 r-xp 00000000 08:01 13375860                   /usr/lib/x86_64-linux-gnu/libXext.so.6.4.0
7f8a67dff000-7f8a67ffe000 ---p 00011000 08:01 13375860                   /usr/lib/x86_64-linux-gnu/libXext.so.6.4.0
7f8a67ffe000-7f8a67fff000 r--p 00010000 08:01 13375860                   /usr/lib/x86_64-linux-gnu/libXext.so.6.4.0
7f8a67fff000-7f8a68000000 rw-p 00011000 08:01 13375860                   /usr/lib/x86_64-linux-gnu/libXext.so.6.4.0
7f8a68000000-7f8a68021000 rw-p 00000000 00:00 0 
7f8a68021000-7f8a6c000000 ---p 00000000 00:00 0 
7f8a6c000000-7f8a6c021000 rw-p 00000000 00:00 0 
7f8a6c021000-7f8a70000000 ---p 00000000 00:00 0 
7f8a70000000-7f8a70d34000 rw-p 00000000 00:00 0 
7f8a70d34000-7f8a74000000 ---p 00000000 00:00 0 
7f8a74000000-7f8a74021000 rw-p 00000000 00:00 0 
7f8a74021000-7f8a78000000 ---p 00000000 00:00 0 
7f8a78000000-7f8a78021000 rw-p 00000000 00:00 0 
7f8a78021000-7f8a7c000000 ---p 00000000 00:00 0 
7f8a7c000000-7f8a7cfd1000 rw-p 00000000 00:00 0 
7f8a7cfd1000-7f8a80000000 ---p 00000000 00:00 0 
7f8a80000000-7f8a80021000 rw-p 00000000 00:00 0 
7f8a80021000-7f8a84000000 ---p 00000000 00:00 0 
7f8a84000000-7f8a84021000 rw-p 00000000 00:00 0 
7f8a84021000-7f8a88000000 ---p 00000000 00:00 0 
7f8a88000000-7f8a88021000 rw-p 00000000 00:00 0 
7f8a88021000-7f8a8c000000 ---p 00000000 00:00 0 
7f8a8c027000-7f8a8c127000 rw-s 5bccc9000 00:06 5688                      /dev/nvidiactl
7f8a8c127000-7f8a8f800000 r-xp 00000000 08:01 13371945                   /usr/lib/x86_64-linux-gnu/libamdocl64.so
7f8a8f800000-7f8a8fa00000 ---p 036d9000 08:01 13371945                   /usr/lib/x86_64-linux-gnu/libamdocl64.so
7f8a8fa00000-7f8a8fdac000 rw-p 036d9000 08:01 13371945                   /usr/lib/x86_64-linux-gnu/libamdocl64.so
7f8a8fdac000-7f8a9c000000 rw-p 00000000 00:00 0 
7f8a9c000000-7f8a9c021000 rw-p 00000000 00:00 0 
7f8a9c021000-7f8aa0000000 ---p 00000000 00:00 0 
7f8aa0000000-7f8aa0021000 rw-p 00000000 00:00 0 
7f8aa0021000-7f8aa4000000 ---p 00000000 00:00 0 
7f8aa4000000-7f8aa4021000 rw-p 00000000 00:00 0 
7f8aa4021000-7f8aa8000000 ---p 00000000 00:00 0 
7f8aa80cb000-7f8aa80d0000 r-xp 00000000 08:01 13375835                   /usr/lib/x86_64-linux-gnu/libXdmcp.so.6.0.0
7f8aa80d0000-7f8aa82cf000 ---p 00005000 08:01 13375835                   /usr/lib/x86_64-linux-gnu/libXdmcp.so.6.0.0
7f8aa82cf000-7f8aa82d0000 rw-p 00004000 08:01 13375835                   /usr/lib/x86_64-linux-gnu/libXdmcp.so.6.0.0
7f8aa82d0000-7f8aa82d3000 r-xp 00000000 08:01 13375833                   /usr/lib/x86_64-linux-gnu/libXau.so.6.0.0
7f8aa82d3000-7f8aa84d2000 ---p 00003000 08:01 13375833                   /usr/lib/x86_64-linux-gnu/libXau.so.6.0.0
7f8aa84d2000-7f8aa84d3000 r--p 00002000 08:01 13375833                   /usr/lib/x86_64-linux-gnu/libXau.so.6.0.0
7f8aa84d3000-7f8aa84d4000 rw-p 00003000 08:01 13375833                   /usr/lib/x86_64-linux-gnu/libXau.so.6.0.0
7f8aa84d4000-7f8aa84f5000 r-xp 00000000 08:01 13375837                   /usr/lib/x86_64-linux-gnu/libxcb.so.1.1.0
7f8aa84f5000-7f8aa86f4000 ---p 00021000 08:01 13375837                   /usr/lib/x86_64-linux-gnu/libxcb.so.1.1.0
7f8aa86f4000-7f8aa86f5000 r--p 00020000 08:01 13375837                   /usr/lib/x86_64-linux-gnu/libxcb.so.1.1.0
7f8aa86f5000-7f8aa86f6000 rw-p 00021000 08:01 13375837                   /usr/lib/x86_64-linux-gnu/libxcb.so.1.1.0
7f8aa86f6000-7f8aa8832000 r-xp 00000000 08:01 13375841                   /usr/lib/x86_64-linux-gnu/libX11.so.6.3.0
7f8aa8832000-7f8aa8a31000 ---p 0013c000 08:01 13375841                   /usr/lib/x86_64-linux-gnu/libX11.so.6.3.0
7f8aa8a31000-7f8aa8a33000 r--p 0013b000 08:01 13375841                   /usr/lib/x86_64-linux-gnu/libX11.so.6.3.0
7f8aa8a33000-7f8aa8a38000 rw-p 0013d000 08:01 13375841                   /usr/lib/x86_64-linux-gnu/libX11.so.6.3.0
7f8aa8a38000-7f8aa8a39000 rw-p 00000000 00:00 0 
7f8aa8a39000-7f8aaaaa8000 r-xp 00000000 08:01 13372793                   /usr/lib/x86_64-linux-gnu/libamdocl12cl64.so
7f8aaaaa8000-7f8aaaca8000 ---p 0206f000 08:01 13372793                   /usr/lib/x86_64-linux-gnu/libamdocl12cl64.so
7f8aaaca8000-7f8aaafba000 rw-p 0206f000 08:01 13372793                   /usr/lib/x86_64-linux-gnu/libamdocl12cl64.so
7f8aaafba000-7f8aab04b000 rw-p 00000000 00:00 0 
7f8aab04b000-7f8aabc2d000 r-xp 00000000 08:01 14288167                   /usr/lib/x86_64-linux-gnu/nvidia/current/libcuda.so.352.79
7f8aabc2d000-7f8aabe2c000 ---p 00be2000 08:01 14288167                   /usr/lib/x86_64-linux-gnu/nvidia/current/libcuda.so.352.79
7f8aabe2c000-7f8aabfea000 rw-p 00be1000 08:01 14288167                   /usr/lib/x86_64-linux-gnu/nvidia/current/libcuda.so.352.79
7f8aabfea000-7f8aac000000 rw-p 00000000 00:00 0 
7f8aac000000-7f8aac021000 rw-p 00000000 00:00 0 
7f8aac021000-7f8ab0000000 ---p 00000000 00:00 0 
7f8ab00e5000-7f8ab0e4e000 r-xp 00000000 08:01 14288170                   /usr/lib/x86_64-linux-gnu/nvidia/current/libnvidia-opencl.so.352.79
7f8ab0e4e000-7f8ab104d000 ---p 00d69000 08:01 14288170                   /usr/lib/x86_64-linux-gnu/nvidia/current/libnvidia-opencl.so.352.79
7f8ab104d000-7f8ab120f000 rw-p 00d68000 08:01 14288170                   /usr/lib/x86_64-linux-gnu/nvidia/current/libnvidia-opencl.so.352.79
7f8ab120f000-7f8ab1225000 rw-p 00000000 00:00 0 
7f8ab12a8000-7f8ab12f4000 rw-s 2e9965000 00:06 5688                      /dev/nvidiactl
7f8ab12f4000-7f8ab13f4000 rw-s d8fa7000 00:06 5688                       /dev/nvidiactl
7f8ab13f4000-7f8ab13ff000 r-xp 00000000 08:01 23331875                   /tmp/jogamp_0000/file_cache/jln8904957264940722377/jln4871060237746310635/libjocl.so
7f8ab13ff000-7f8ab15fe000 ---p 0000b000 08:01 23331875                   /tmp/jogamp_0000/file_cache/jln8904957264940722377/jln4871060237746310635/libjocl.so
7f8ab15fe000-7f8ab15ff000 rw-p 0000a000 08:01 23331875                   /tmp/jogamp_0000/file_cache/jln8904957264940722377/jln4871060237746310635/libjocl.so
7f8ab15ff000-7f8ab1604000 r-xp 00000000 08:01 13370374                   /usr/lib/x86_64-linux-gnu/libOpenCL.so.1.0.0
7f8ab1604000-7f8ab1804000 ---p 00005000 08:01 13370374                   /usr/lib/x86_64-linux-gnu/libOpenCL.so.1.0.0
7f8ab1804000-7f8ab1805000 rw-p 00005000 08:01 13370374                   /usr/lib/x86_64-linux-gnu/libOpenCL.so.1.0.0
7f8ab1805000-7f8ab1807000 r-xp 00000000 08:01 23331872                   /tmp/jogamp_0000/file_cache/jln8904957264940722377/jln4871060237746310635/libgluegen-rt.so
7f8ab1807000-7f8ab1a06000 ---p 00002000 08:01 23331872                   /tmp/jogamp_0000/file_cache/jln8904957264940722377/jln4871060237746310635/libgluegen-rt.so
7f8ab1a06000-7f8ab1a07000 rw-p 00001000 08:01 23331872                   /tmp/jogamp_0000/file_cache/jln8904957264940722377/jln4871060237746310635/libgluegen-rt.so
7f8ab1a07000-7f8ab1a08000 ---p 00000000 00:00 0 
7f8ab1a08000-7f8ab1a0a000 rwxp 00000000 00:00 0 
7f8ab1a0a000-7f8ab1b08000 rwxp 00000000 00:00 0                          [stack:27531]
7f8ab1b08000-7f8ab1b19000 r-xp 00000000 08:01 14701892                   /usr/lib/jvm/java-7-openjdk-amd64/jre/lib/amd64/libnio.so
7f8ab1b19000-7f8ab1d18000 ---p 00011000 08:01 14701892                   /usr/lib/jvm/java-7-openjdk-amd64/jre/lib/amd64/libnio.so
7f8ab1d18000-7f8ab1d19000 r--p 00010000 08:01 14701892                   /usr/lib/jvm/java-7-openjdk-amd64/jre/lib/amd64/libnio.so
7f8ab1d19000-7f8ab1d1a000 rw-p 00011000 08:01 14701892                   /usr/lib/jvm/java-7-openjdk-amd64/jre/lib/amd64/libnio.so
7f8ab1d1a000-7f8ab1d86000 r-xp 00000000 08:01 7340179                    /lib/x86_64-linux-gnu/libpcre.so.3.13.1
7f8ab1d86000-7f8ab1f86000 ---p 0006c000 08:01 7340179                    /lib/x86_64-linux-gnu/libpcre.so.3.13.1
7f8ab1f86000-7f8ab1f87000 r--p 0006c000 08:01 7340179                    /lib/x86_64-linux-gnu/libpcre.so.3.13.1
7f8ab1f87000-7f8ab1f88000 rw-p 0006d000 08:01 7340179                    /lib/x86_64-linux-gnu/libpcre.so.3.13.1
7f8ab1f88000-7f8ab1f8f000 r-xp 00000000 08:01 13374038                   /usr/lib/x86_64-linux-gnu/libffi.so.6.0.2
7f8ab1f8f000-7f8ab218e000 ---p 00007000 08:01 13374038                   /usr/lib/x86_64-linux-gnu/libffi.so.6.0.2
7f8ab218e000-7f8ab218f000 r--p 00006000 08:01 13374038                   /usr/lib/x86_64-linux-gnu/libffi.so.6.0.2
7f8ab218f000-7f8ab2190000 rw-p 00007000 08:01 13374038                   /usr/lib/x86_64-linux-gnu/libffi.so.6.0.2
7f8ab2190000-7f8ab21a4000 r-xp 00000000 08:01 7340313                    /lib/x86_64-linux-gnu/libresolv-2.19.so
7f8ab21a4000-7f8ab23a3000 ---p 00014000 08:01 7340313                    /lib/x86_64-linux-gnu/libresolv-2.19.so
7f8ab23a3000-7f8ab23a4000 r--p 00013000 08:01 7340313                    /lib/x86_64-linux-gnu/libresolv-2.19.so
7f8ab23a4000-7f8ab23a5000 rw-p 00014000 08:01 7340313                    /lib/x86_64-linux-gnu/libresolv-2.19.so
7f8ab23a5000-7f8ab23a7000 rw-p 00000000 00:00 0 
7f8ab23a7000-7f8ab23c8000 r-xp 00000000 08:01 7340095                    /lib/x86_64-linux-gnu/libselinux.so.1
7f8ab23c8000-7f8ab25c8000 ---p 00021000 08:01 7340095                    /lib/x86_64-linux-gnu/libselinux.so.1
7f8ab25c8000-7f8ab25c9000 r--p 00021000 08:01 7340095                    /lib/x86_64-linux-gnu/libselinux.so.1
7f8ab25c9000-7f8ab25ca000 rw-p 00022000 08:01 7340095                    /lib/x86_64-linux-gnu/libselinux.so.1
7f8ab25ca000-7f8ab25cc000 rw-p 00000000 00:00 0 
7f8ab25cc000-7f8ab25cf000 r-xp 00000000 08:01 13395180                   /usr/lib/x86_64-linux-gnu/libgmodule-2.0.so.0.4200.1
7f8ab25cf000-7f8ab27ce000 ---p 00003000 08:01 13395180                   /usr/lib/x86_64-linux-gnu/libgmodule-2.0.so.0.4200.1
7f8ab27ce000-7f8ab27cf000 r--p 00002000 08:01 13395180                   /usr/lib/x86_64-linux-gnu/libgmodule-2.0.so.0.4200.1
7f8ab27cf000-7f8ab27d0000 rw-p 00003000 08:01 13395180                   /usr/lib/x86_64-linux-gnu/libgmodule-2.0.so.0.4200.1
7f8ab27d0000-7f8ab28dc000 r-xp 00000000 08:01 7340130                    /lib/x86_64-linux-gnu/libglib-2.0.so.0.4200.1
7f8ab28dc000-7f8ab2adc000 ---p 0010c000 08:01 7340130                    /lib/x86_64-linux-gnu/libglib-2.0.so.0.4200.1
7f8ab2adc000-7f8ab2add000 r--p 0010c000 08:01 7340130                    /lib/x86_64-linux-gnu/libglib-2.0.so.0.4200.1
7f8ab2add000-7f8ab2ade000 rw-p 0010d000 08:01 7340130                    /lib/x86_64-linux-gnu/libglib-2.0.so.0.4200.1
7f8ab2ade000-7f8ab2adf000 rw-p 00000000 00:00 0 
7f8ab2adf000-7f8ab2b30000 r-xp 00000000 08:01 13395179                   /usr/lib/x86_64-linux-gnu/libgobject-2.0.so.0.4200.1
7f8ab2b30000-7f8ab2d30000 ---p 00051000 08:01 13395179                   /usr/lib/x86_64-linux-gnu/libgobject-2.0.so.0.4200.1
7f8ab2d30000-7f8ab2d31000 r--p 00051000 08:01 13395179                   /usr/lib/x86_64-linux-gnu/libgobject-2.0.so.0.4200.1
7f8ab2d31000-7f8ab2d32000 rw-p 00052000 08:01 13395179                   /usr/lib/x86_64-linux-gnu/libgobject-2.0.so.0.4200.1
7f8ab2d32000-7f8ab2ea4000 r-xp 00000000 08:01 13395182                   /usr/lib/x86_64-linux-gnu/libgio-2.0.so.0.4200.1
7f8ab2ea4000-7f8ab30a4000 ---p 00172000 08:01 13395182                   /usr/lib/x86_64-linux-gnu/libgio-2.0.so.0.4200.1
7f8ab30a4000-7f8ab30a8000 r--p 00172000 08:01 13395182                   /usr/lib/x86_64-linux-gnu/libgio-2.0.so.0.4200.1
7f8ab30a8000-7f8ab30aa000 rw-p 00176000 08:01 13395182                   /usr/lib/x86_64-linux-gnu/libgio-2.0.so.0.4200.1
7f8ab30aa000-7f8ab30ac000 rw-p 00000000 00:00 0 
7f8ab30df000-7f8ab30e0000 rw-s efee8000 00:06 5689                       /dev/nvidia0
7f8ab30e0000-7f8ab30e1000 rw-s 5bcdad000 00:06 5688                      /dev/nvidiactl
7f8ab30e1000-7f8ab30e5000 rw-s e81c0000 00:06 5689                       /dev/nvidia0
7f8ab30e5000-7f8ab30e6000 rw-s efee7000 00:06 5689                       /dev/nvidia0
7f8ab30e6000-7f8ab30e7000 rw-s 5fea21000 00:06 5688                      /dev/nvidiactl
7f8ab30e7000-7f8ab30eb000 rw-s e81a0000 00:06 5689                       /dev/nvidia0
7f8ab30eb000-7f8ab30f1000 rwxp 00000000 00:00 0 
7f8ab30f1000-7f8ab3109000 r-xp 00000000 08:01 14701885                   /usr/lib/jvm/java-7-openjdk-amd64/jre/lib/amd64/libnet.so
7f8ab3109000-7f8ab3308000 ---p 00018000 08:01 14701885                   /usr/lib/jvm/java-7-openjdk-amd64/jre/lib/amd64/libnet.so
7f8ab3308000-7f8ab3309000 r--p 00017000 08:01 14701885                   /usr/lib/jvm/java-7-openjdk-amd64/jre/lib/amd64/libnet.so
7f8ab3309000-7f8ab330a000 rw-p 00018000 08:01 14701885                   /usr/lib/jvm/java-7-openjdk-amd64/jre/lib/amd64/libnet.so
7f8ab330a000-7f8ab3343000 rwxp 00000000 00:00 0                          [stack:27527]
7f8ab3343000-7f8ab338f000 r--s 006b7000 00:2a 66079678                   /home/cip/medtech2015/gu74xyga/Reconstruction/CONRAD/lib/wekaBRF_1.jar
7f8ab338f000-7f8ab33b2000 rw-p 00000000 00:00 0 
7f8ab33b2000-7f8ab347c000 r--s 01354000 00:2a 66079674                   /home/cip/medtech2015/gu74xyga/Reconstruction/CONRAD/lib/trainablesegmentation.jar
7f8ab347c000-7f8ab34b5000 r--s 00631000 00:2a 66079676                   /home/cip/medtech2015/gu74xyga/Reconstruction/CONRAD/lib/weka-src.jar
7f8ab34b5000-7f8ab3500000 r--s 006ae000 00:2a 66079677                   /home/cip/medtech2015/gu74xyga/Reconstruction/CONRAD/lib/weka.jar
7f8ab3500000-7f8ab3579000 r--s 006ef000 00:2a 66735137                   /home/cip/medtech2015/gu74xyga/Reconstruction/CONRAD/plugins/Input-Output/ome_tools.jar
7f8ab3579000-7f8ab35c7000 r--s 006da000 00:2a 66735135                   /home/cip/medtech2015/gu74xyga/Reconstruction/CONRAD/plugins/Input-Output/loci_tools.jar
7f8ab35c7000-7f8ab35c8000 ---p 00000000 00:00 0 
7f8ab35c8000-7f8ab37c9000 rwxp 00000000 00:00 0                          [stack:27523]
7f8ab37c9000-7f8ab37ca000 ---p 00000000 00:00 0 
7f8ab37ca000-7f8ab38ca000 rwxp 00000000 00:00 0                          [stack:27522]
7f8ab38ca000-7f8ab38cb000 ---p 00000000 00:00 0 
7f8ab38cb000-7f8ab3acc000 rwxp 00000000 00:00 0                          [stack:27520]
7f8ab3acc000-7f8ab3bfc000 r--p 00000000 08:01 22151261                   /usr/lib/locale/zu_ZA.utf8/LC_COLLATE
7f8ab3bfc000-7f8ab3dfe000 rwxp 00000000 00:00 0                          [stack:27518]
7f8ab3dfe000-7f8ab3dff000 ---p 00000000 00:00 0 
7f8ab3dff000-7f8ab3eff000 rwxp 00000000 00:00 0                          [stack:27517]
7f8ab3eff000-7f8ab4000000 rw-p 00000000 00:00 0 
7f8ab4000000-7f8ab4021000 rw-p 00000000 00:00 0 
7f8ab4021000-7f8ab8000000 ---p 00000000 00:00 0 
7f8ab8000000-7f8ab8021000 rw-p 00000000 00:00 0 
7f8ab8021000-7f8abc000000 ---p 00000000 00:00 0 
7f8abc000000-7f8abc021000 rw-p 00000000 00:00 0 
7f8abc021000-7f8ac0000000 ---p 00000000 00:00 0 
7f8ac0000000-7f8ac0021000 rw-p 00000000 00:00 0 
7f8ac0021000-7f8ac4000000 ---p 00000000 00:00 0 
7f8ac4000000-7f8ac4021000 rw-p 00000000 00:00 0 
7f8ac4021000-7f8ac8000000 ---p 00000000 00:00 0 
7f8ac8000000-7f8ac8021000 rw-p 00000000 00:00 0 
7f8ac8021000-7f8acc000000 ---p 00000000 00:00 0 
7f8acc000000-7f8acc021000 rw-p 00000000 00:00 0 
7f8acc021000-7f8ad0000000 ---p 00000000 00:00 0 
7f8ad0000000-7f8ad0021000 rw-p 00000000 00:00 0 
7f8ad0021000-7f8ad4000000 ---p 00000000 00:00 0 
7f8ad4000000-7f8ad4021000 rw-p 00000000 00:00 0 
7f8ad4021000-7f8ad8000000 ---p 00000000 00:00 0 
7f8ad8000000-7f8ad8001000 r--p 00000000 00:00 0 
7f8ad8001000-7f8ad8005000 r--s 0004f000 08:01 14701912                   /usr/lib/jvm/java-7-openjdk-amd64/jre/lib/jsse.jar
7f8ad8005000-7f8ad800f000 r--s 000ae000 08:01 14701906                   /usr/lib/jvm/java-7-openjdk-amd64/jre/lib/resources.jar
7f8ad800f000-7f8ad8011000 r--s 0000f000 00:2a 66079622                   /home/cip/medtech2015/gu74xyga/Reconstruction/CONRAD/lib/fastica-1.11.jar
7f8ad8011000-7f8ad8014000 r--s 00067000 00:2a 66079668                   /home/cip/medtech2015/gu74xyga/Reconstruction/CONRAD/lib/jpop.0.7.5.jar
7f8ad8014000-7f8ad8019000 r--s 00039000 00:2a 66079640                   /home/cip/medtech2015/gu74xyga/Reconstruction/CONRAD/lib/jmathplot.jar
7f8ad8019000-7f8ad801d000 r--s 000a5000 00:2a 67253725                   /home/cip/medtech2015/gu74xyga/Reconstruction/CONRAD/plugins/VolumeJ/bij.jar
7f8ad801d000-7f8ad801e000 r--s 00007000 00:2a 66735051                   /home/cip/medtech2015/gu74xyga/Reconstruction/CONRAD/plugins/Input-Output/QuickTime_Plugins.jar
7f8ad801e000-7f8ad8020000 r--s 00008000 00:2a 66735136                   /home/cip/medtech2015/gu74xyga/Reconstruction/CONRAD/plugins/Input-Output/nifti_io.jar
7f8ad8020000-7f8ad8021000 r--s 00005000 00:2a 66735050                   /home/cip/medtech2015/gu74xyga/Reconstruction/CONRAD/plugins/Input-Output/LSM_Reader.jar
7f8ad8021000-7f8ad8022000 r--s 00002000 00:2a 66735042                   /home/cip/medtech2015/gu74xyga/Reconstruction/CONRAD/plugins/Input-Output/Deltavision_Opener.jar
7f8ad8022000-7f8ad8023000 r--s 00009000 00:2a 66735038                   /home/cip/medtech2015/gu74xyga/Reconstruction/CONRAD/plugins/Input-Output/Animated_Gif.jar
7f8ad8023000-7f8ad8024000 r--s 00005000 00:2a 66333527                   /home/cip/medtech2015/gu74xyga/Reconstruction/CONRAD/plugins/Analyze/Color_Histogram.jar
7f8ad8024000-7f8ad8025000 r--s 00008000 00:2a 66333526                   /home/cip/medtech2015/gu74xyga/Reconstruction/CONRAD/plugins/Analyze/Cell_Counter.jar
7f8ad8025000-7f8ad8026000 r--s 00013000 00:2a 66204975                   /home/cip/medtech2015/gu74xyga/Reconstruction/CONRAD/plugins/3D/Volume_Viewer.jar
7f8ad8026000-7f8ad8027000 r--s 00020000 00:2a 66204008                   /home/cip/medtech2015/gu74xyga/Reconstruction/CONRAD/plugins/3D/Interactive_3D_Surface_Plot.jar
7f8ad8027000-7f8ad8030000 r--s 000e7000 00:2a 66079679                   /home/cip/medtech2015/gu74xyga/Reconstruction/CONRAD/lib/yacas.1.2.2.jar
7f8ad8030000-7f8ad8034000 r--s 00028000 00:2a 66079673                   /home/cip/medtech2015/gu74xyga/Reconstruction/CONRAD/lib/qdox-1.12.1.jar
7f8ad8034000-7f8ad8035000 r--s 00006000 00:2a 66079672                   /home/cip/medtech2015/gu74xyga/Reconstruction/CONRAD/lib/latexlet.jar
7f8ad8035000-7f8ad8037000 r--s 0000f000 00:2a 66079671                   /home/cip/medtech2015/gu74xyga/Reconstruction/CONRAD/lib/jzlib-1.0.7.jar
7f8ad8037000-7f8ad803d000 r--s 00034000 00:2a 66079670                   /home/cip/medtech2015/gu74xyga/Reconstruction/CONRAD/lib/junit-4.8.2.jar
7f8ad803d000-7f8ad8048000 r--s 00068000 00:2a 66079669                   /home/cip/medtech2015/gu74xyga/Reconstruction/CONRAD/lib/jtransforms-2.3.jar
7f8ad8048000-7f8ad806b000 r--s 002ec000 00:2a 66079666                   /home/cip/medtech2015/gu74xyga/Reconstruction/CONRAD/lib/jogl-all.jar
7f8ad806b000-7f8ad806c000 r--s 0002d000 00:2a 66079665                   /home/cip/medtech2015/gu74xyga/Reconstruction/CONRAD/lib/jogl-all-natives-windows-i586.jar
7f8ad806c000-7f8ad806e000 r--s 00034000 00:2a 66079664                   /home/cip/medtech2015/gu74xyga/Reconstruction/CONRAD/lib/jogl-all-natives-windows-amd64.jar
7f8ad806e000-7f8ad806f000 r--s 00021000 00:2a 66079663                   /home/cip/medtech2015/gu74xyga/Reconstruction/CONRAD/lib/jogl-all-natives-solaris-i586.jar
7f8ad806f000-7f8ad8070000 r--s 0002e000 00:2a 66079662                   /home/cip/medtech2015/gu74xyga/Reconstruction/CONRAD/lib/jogl-all-natives-solaris-amd64.jar
7f8ad8070000-7f8ad8071000 r--s 00064000 00:2a 66079661                   /home/cip/medtech2015/gu74xyga/Reconstruction/CONRAD/lib/jogl-all-natives-macosx-universal.jar
7f8ad8071000-7f8ad8072000 r--s 0002d000 00:2a 66079660                   /home/cip/medtech2015/gu74xyga/Reconstruction/CONRAD/lib/jogl-all-natives-linux-i586.jar
7f8ad8072000-7f8ad8073000 r--s 0002f000 00:2a 66079659                   /home/cip/medtech2015/gu74xyga/Reconstruction/CONRAD/lib/jogl-all-natives-linux-amd64.jar
7f8ad8073000-7f8ad8078000 r--s 00031000 00:2a 66079658                   /home/cip/medtech2015/gu74xyga/Reconstruction/CONRAD/lib/jocl.jar
7f8ad8078000-7f8ad8079000 r--s 00003000 00:2a 66079657                   /home/cip/medtech2015/gu74xyga/Reconstruction/CONRAD/lib/jocl-natives-windows-i586.jar
7f8ad8079000-7f8ad807a000 r--s 00003000 00:2a 66079656                   /home/cip/medtech2015/gu74xyga/Reconstruction/CONRAD/lib/jocl-natives-windows-amd64.jar
7f8ad807a000-7f8ad807c000 r--s 00001000 00:2a 66079655                   /home/cip/medtech2015/gu74xyga/Reconstruction/CONRAD/lib/jocl-natives-solaris-i586.jar
7f8ad807c000-7f8ad807d000 r--s 00002000 00:2a 66079654                   /home/cip/medtech2015/gu74xyga/Reconstruction/CONRAD/lib/jocl-natives-solaris-amd64.jar
7f8ad807d000-7f8ad807e000 r--s 00006000 00:2a 66079653                   /home/cip/medtech2015/gu74xyga/Reconstruction/CONRAD/lib/jocl-natives-macosx-universal.jar
7f8ad807e000-7f8ad807f000 r--s 00002000 00:2a 66079652                   /home/cip/medtech2015/gu74xyga/Reconstruction/CONRAD/lib/jocl-natives-linux-i586.jar
7f8ad807f000-7f8ad8080000 r--s 00002000 00:2a 66079651                   /home/cip/medtech2015/gu74xyga/Reconstruction/CONRAD/lib/jocl-natives-linux-amd64.jar
7f8ad8080000-7f8ad8082000 r--s 0000f000 00:2a 66079649                   /home/cip/medtech2015/gu74xyga/Reconstruction/CONRAD/lib/joal.jar
7f8ad8082000-7f8ad8083000 r--s 0002b000 00:2a 66079648                   /home/cip/medtech2015/gu74xyga/Reconstruction/CONRAD/lib/joal-natives-windows-i586.jar
7f8ad8083000-7f8ad8084000 r--s 0002d000 00:2a 66079647                   /home/cip/medtech2015/gu74xyga/Reconstruction/CONRAD/lib/joal-natives-windows-amd64.jar
7f8ad8084000-7f8ad8085000 r--s 00001000 00:2a 66079646                   /home/cip/medtech2015/gu74xyga/Reconstruction/CONRAD/lib/joal-natives-solaris-i586.jar
7f8ad8085000-7f8ad8086000 r--s 00002000 00:2a 66079645                   /home/cip/medtech2015/gu74xyga/Reconstruction/CONRAD/lib/joal-natives-solaris-amd64.jar
7f8ad8086000-7f8ad8087000 r--s 0006f000 00:2a 66079644                   /home/cip/medtech2015/gu74xyga/Reconstruction/CONRAD/lib/joal-natives-macosx-universal.jar
7f8ad8087000-7f8ad8088000 r--s 00030000 00:2a 66079643                   /home/cip/medtech2015/gu74xyga/Reconstruction/CONRAD/lib/joal-natives-linux-i586.jar
7f8ad8088000-7f8ad8089000 r--s 0002e000 00:2a 66079642                   /home/cip/medtech2015/gu74xyga/Reconstruction/CONRAD/lib/joal-natives-linux-amd64.jar
7f8ad8089000-7f8ad808b000 r--s 00011000 00:2a 66079637                   /home/cip/medtech2015/gu74xyga/Reconstruction/CONRAD/lib/jcudpp-0.3.0a.jar
7f8ad808b000-7f8ad8092000 r--s 0007c000 00:2a 66079636                   /home/cip/medtech2015/gu74xyga/Reconstruction/CONRAD/lib/jcuda-0.3.0a.jar
7f8ad8092000-7f8ad8094000 r--s 0001f000 00:2a 66079635                   /home/cip/medtech2015/gu74xyga/Reconstruction/CONRAD/lib/jcublas-0.3.0a.jar
7f8ad8094000-7f8ad8096000 r--s 00007000 00:2a 66079620                   /home/cip/medtech2015/gu74xyga/Reconstruction/CONRAD/lib/Jama-1.0.2.jar
7f8ad8096000-7f8ad80a0000 r--s 001da000 00:2a 66079633                   /home/cip/medtech2015/gu74xyga/Reconstruction/CONRAD/lib/ij.jar
7f8ad80a0000-7f8ad80a6000 r--s 00041000 00:2a 66079631                   /home/cip/medtech2015/gu74xyga/Reconstruction/CONRAD/lib/gluegen-rt.jar
7f8ad80a6000-7f8ad80e5000 r--p 00000000 08:01 22151262                   /usr/lib/locale/zu_ZA.utf8/LC_CTYPE
7f8ad80e5000-7f8adac25000 rw-p 00000000 00:00 0 
7f8adac25000-7f8adadd7000 r--s 01d32000 08:01 14701907                   /usr/lib/jvm/java-7-openjdk-amd64/jre/lib/rt.jar
7f8adadd7000-7f8adbade000 rw-p 00000000 00:00 0 
7f8adbade000-7f8adbadf000 ---p 00000000 00:00 0 
7f8adbadf000-7f8adbbdf000 rwxp 00000000 00:00 0                          [stack:27516]
7f8adbbdf000-7f8adbbe0000 ---p 00000000 00:00 0 
7f8adbbe0000-7f8adbce0000 rwxp 00000000 00:00 0                          [stack:27515]
7f8adbce0000-7f8adbce1000 ---p 00000000 00:00 0 
7f8adbce1000-7f8adbde1000 rwxp 00000000 00:00 0                          [stack:27514]
7f8adbde1000-7f8adbde2000 ---p 00000000 00:00 0 
7f8adbde2000-7f8adbee2000 rwxp 00000000 00:00 0                          [stack:27513]
7f8adbee2000-7f8adbee3000 ---p 00000000 00:00 0 
7f8adbee3000-7f8adbfe3000 rwxp 00000000 00:00 0                          [stack:27512]
7f8adbfe3000-7f8adbfe4000 ---p 00000000 00:00 0 
7f8adbfe4000-7f8adc0e4000 rwxp 00000000 00:00 0                          [stack:27511]
7f8adc0e4000-7f8adc0e5000 ---p 00000000 00:00 0 
7f8adc0e5000-7f8adc1e5000 rwxp 00000000 00:00 0                          [stack:27510]
7f8adc1e5000-7f8adc1e6000 ---p 00000000 00:00 0 
7f8adc1e6000-7f8adc2e6000 rwxp 00000000 00:00 0                          [stack:27509]
7f8adc2e6000-7f8adc2e7000 ---p 00000000 00:00 0 
7f8adc2e7000-7f8adc3e7000 rwxp 00000000 00:00 0                          [stack:27508]
7f8adc3e7000-7f8adc3f2000 rw-p 00000000 00:00 0 
7f8adc3f2000-7f8adc43a000 rw-p 00000000 00:00 0 
7f8adc43a000-7f8adc4b8000 rw-p 00000000 00:00 0 
7f8adc4b8000-7f8adcc12000 rw-p 00000000 00:00 0 
7f8adcc12000-7f8adcc52000 rw-p 00000000 00:00 0 
7f8adcc52000-7f8adcfff000 rw-p 00000000 00:00 0 
7f8adcfff000-7f8add000000 rw-p 00000000 00:00 0 
7f8add000000-7f8add270000 rwxp 00000000 00:00 0 
7f8add270000-7f8ae0ca0000 rw-p 00000000 00:00 0 
7f8ae0ca0000-7f8ae4000000 ---p 00000000 00:00 0 
7f8ae4000000-7f8ae4001000 r--s 00029000 00:2a 66079638                   /home/cip/medtech2015/gu74xyga/Reconstruction/CONRAD/lib/jcufft-0.3.0a.jar
7f8ae4001000-7f8ae4003000 r--s 0000f000 00:2a 66079619                   /home/cip/medtech2015/gu74xyga/Reconstruction/CONRAD/lib/ImageJ_SURF_2009-12-01_08.19.jar
7f8ae4003000-7f8ae4004000 r--s 00002000 00:2a 66079632                   /home/cip/medtech2015/gu74xyga/Reconstruction/CONRAD/lib/hough-0.1.jar
7f8ae4004000-7f8ae4005000 r--s 00001000 00:2a 66079630                   /home/cip/medtech2015/gu74xyga/Reconstruction/CONRAD/lib/gluegen-rt-natives-windows-i586.jar
7f8ae4005000-7f8ae4006000 r--s 00001000 00:2a 66079629                   /home/cip/medtech2015/gu74xyga/Reconstruction/CONRAD/lib/gluegen-rt-natives-windows-amd64.jar
7f8ae4006000-7f8ae4007000 r--s 00000000 00:2a 66079628                   /home/cip/medtech2015/gu74xyga/Reconstruction/CONRAD/lib/gluegen-rt-natives-solaris-i586.jar
7f8ae4007000-7f8ae4008000 r--s 00001000 00:2a 66079627                   /home/cip/medtech2015/gu74xyga/Reconstruction/CONRAD/lib/gluegen-rt-natives-solaris-amd64.jar
7f8ae4008000-7f8ae400a000 r--s 00000000 00:2a 66079625                   /home/cip/medtech2015/gu74xyga/Reconstruction/CONRAD/lib/gluegen-rt-natives-linux-i586.jar
7f8ae400a000-7f8ae400c000 r--s 00000000 00:2a 66079624                   /home/cip/medtech2015/gu74xyga/Reconstruction/CONRAD/lib/gluegen-rt-natives-linux-amd64.jar
7f8ae400c000-7f8ae4011000 r--s 0009a000 00:2a 66079618                   /home/cip/medtech2015/gu74xyga/Reconstruction/CONRAD/lib/BoneJ_.jar
7f8ae4011000-7f8ae4015000 r--s 0003c000 08:01 14700461                   /usr/lib/jvm/java-7-openjdk-amd64/jre/lib/ext/sunpkcs11.jar
7f8ae4015000-7f8ae4017000 r--s 00006000 08:01 14159583                   /usr/share/java/java-atk-wrapper.jar
7f8ae4017000-7f8ae401b000 r--s 00034000 08:01 14700457                   /usr/lib/jvm/java-7-openjdk-amd64/jre/lib/ext/sunjce_provider.jar
7f8ae401b000-7f8ae401f000 r--s 00085000 08:01 14700462                   /usr/lib/jvm/java-7-openjdk-amd64/jre/lib/ext/localedata.jar
7f8ae401f000-7f8ae4020000 ---p 00000000 00:00 0 
7f8ae4020000-7f8ae4120000 rwxp 00000000 00:00 0                          [stack:27507]
7f8ae4120000-7f8ae4121000 ---p 00000000 00:00 0 
7f8ae4121000-7f8ae4221000 rwxp 00000000 00:00 0                          [stack:27506]
7f8ae4221000-7f8ae4222000 ---p 00000000 00:00 0 
7f8ae4222000-7f8ae4322000 rwxp 00000000 00:00 0                          [stack:27505]
7f8ae4322000-7f8ae4323000 ---p 00000000 00:00 0 
7f8ae4323000-7f8ae4423000 rwxp 00000000 00:00 0                          [stack:27504]
7f8ae4423000-7f8ae44a1000 rw-p 00000000 00:00 0 
7f8ae44a1000-7f8ae4bfc000 rw-p 00000000 00:00 0 
7f8ae4bfc000-7f8ae4c06000 rw-p 00000000 00:00 0 
7f8ae4c06000-7f8ae4cbc000 rw-p 00000000 00:00 0 
7f8ae4cbc000-7f8ae4cc4000 r-xp 00000000 08:01 14701903                   /usr/lib/jvm/java-7-openjdk-amd64/jre/lib/amd64/libzip.so
7f8ae4cc4000-7f8ae4ec3000 ---p 00008000 08:01 14701903                   /usr/lib/jvm/java-7-openjdk-amd64/jre/lib/amd64/libzip.so
7f8ae4ec3000-7f8ae4ec4000 r--p 00007000 08:01 14701903                   /usr/lib/jvm/java-7-openjdk-amd64/jre/lib/amd64/libzip.so
7f8ae4ec4000-7f8ae4ec5000 rw-p 00008000 08:01 14701903                   /usr/lib/jvm/java-7-openjdk-amd64/jre/lib/amd64/libzip.so
7f8ae4ec5000-7f8ae4ed1000 r-xp 00000000 08:01 7340622                    /lib/x86_64-linux-gnu/libnss_ldap.so.2
7f8ae4ed1000-7f8ae50d0000 ---p 0000c000 08:01 7340622                    /lib/x86_64-linux-gnu/libnss_ldap.so.2
7f8ae50d0000-7f8ae50d1000 r--p 0000b000 08:01 7340622                    /lib/x86_64-linux-gnu/libnss_ldap.so.2
7f8ae50d1000-7f8ae50d2000 rw-p 0000c000 08:01 7340622                    /lib/x86_64-linux-gnu/libnss_ldap.so.2
7f8ae50d2000-7f8ae50dd000 r-xp 00000000 08:01 7340284                    /lib/x86_64-linux-gnu/libnss_files-2.19.so
7f8ae50dd000-7f8ae52dc000 ---p 0000b000 08:01 7340284                    /lib/x86_64-linux-gnu/libnss_files-2.19.so
7f8ae52dc000-7f8ae52dd000 r--p 0000a000 08:01 7340284                    /lib/x86_64-linux-gnu/libnss_files-2.19.so
7f8ae52dd000-7f8ae52de000 rw-p 0000b000 08:01 7340284                    /lib/x86_64-linux-gnu/libnss_files-2.19.so
7f8ae52de000-7f8ae530b000 r-xp 00000000 08:01 14701039                   /usr/lib/jvm/java-7-openjdk-amd64/jre/lib/amd64/libjava.so
7f8ae530b000-7f8ae550a000 ---p 0002d000 08:01 14701039                   /usr/lib/jvm/java-7-openjdk-amd64/jre/lib/amd64/libjava.so
7f8ae550a000-7f8ae550b000 r--p 0002c000 08:01 14701039                   /usr/lib/jvm/java-7-openjdk-amd64/jre/lib/amd64/libjava.so
7f8ae550b000-7f8ae550d000 rw-p 0002d000 08:01 14701039                   /usr/lib/jvm/java-7-openjdk-amd64/jre/lib/amd64/libjava.so
7f8ae550d000-7f8ae551c000 r-xp 00000000 08:01 14701901                   /usr/lib/jvm/java-7-openjdk-amd64/jre/lib/amd64/libverify.so
7f8ae551c000-7f8ae571b000 ---p 0000f000 08:01 14701901                   /usr/lib/jvm/java-7-openjdk-amd64/jre/lib/amd64/libverify.so
7f8ae571b000-7f8ae571e000 r--p 0000e000 08:01 14701901                   /usr/lib/jvm/java-7-openjdk-amd64/jre/lib/amd64/libverify.so
7f8ae571e000-7f8ae571f000 rw-p 00011000 08:01 14701901                   /usr/lib/jvm/java-7-openjdk-amd64/jre/lib/amd64/libverify.so
7f8ae571f000-7f8ae5726000 r-xp 00000000 08:01 7340319                    /lib/x86_64-linux-gnu/librt-2.19.so
7f8ae5726000-7f8ae5925000 ---p 00007000 08:01 7340319                    /lib/x86_64-linux-gnu/librt-2.19.so
7f8ae5925000-7f8ae5926000 r--p 00006000 08:01 7340319                    /lib/x86_64-linux-gnu/librt-2.19.so
7f8ae5926000-7f8ae5927000 rw-p 00007000 08:01 7340319                    /lib/x86_64-linux-gnu/librt-2.19.so
7f8ae5927000-7f8ae593d000 r-xp 00000000 08:01 7340050                    /lib/x86_64-linux-gnu/libgcc_s.so.1
7f8ae593d000-7f8ae5b3c000 ---p 00016000 08:01 7340050                    /lib/x86_64-linux-gnu/libgcc_s.so.1
7f8ae5b3c000-7f8ae5b3d000 rw-p 00015000 08:01 7340050                    /lib/x86_64-linux-gnu/libgcc_s.so.1
7f8ae5b3d000-7f8ae5c3d000 r-xp 00000000 08:01 7340274                    /lib/x86_64-linux-gnu/libm-2.19.so
7f8ae5c3d000-7f8ae5e3c000 ---p 00100000 08:01 7340274                    /lib/x86_64-linux-gnu/libm-2.19.so
7f8ae5e3c000-7f8ae5e3d000 r--p 000ff000 08:01 7340274                    /lib/x86_64-linux-gnu/libm-2.19.so
7f8ae5e3d000-7f8ae5e3e000 rw-p 00100000 08:01 7340274                    /lib/x86_64-linux-gnu/libm-2.19.so
7f8ae5e3e000-7f8ae5f2a000 r-xp 00000000 08:01 13373791                   /usr/lib/x86_64-linux-gnu/libstdc++.so.6.0.20
7f8ae5f2a000-7f8ae612a000 ---p 000ec000 08:01 13373791                   /usr/lib/x86_64-linux-gnu/libstdc++.so.6.0.20
7f8ae612a000-7f8ae6132000 r--p 000ec000 08:01 13373791                   /usr/lib/x86_64-linux-gnu/libstdc++.so.6.0.20
7f8ae6132000-7f8ae6134000 rw-p 000f4000 08:01 13373791                   /usr/lib/x86_64-linux-gnu/libstdc++.so.6.0.20
7f8ae6134000-7f8ae6149000 rw-p 00000000 00:00 0 
7f8ae6149000-7f8ae6ca1000 r-xp 00000000 08:01 14701046                   /usr/lib/jvm/java-7-openjdk-amd64/jre/lib/amd64/server/libjvm.so
7f8ae6ca1000-7f8ae6ea1000 ---p 00b58000 08:01 14701046                   /usr/lib/jvm/java-7-openjdk-amd64/jre/lib/amd64/server/libjvm.so
7f8ae6ea1000-7f8ae6f40000 r--p 00b58000 08:01 14701046                   /usr/lib/jvm/java-7-openjdk-amd64/jre/lib/amd64/server/libjvm.so
7f8ae6f40000-7f8ae6f63000 rw-p 00bf7000 08:01 14701046                   /usr/lib/jvm/java-7-openjdk-amd64/jre/lib/amd64/server/libjvm.so
7f8ae6f63000-7f8ae6f91000 rw-p 00000000 00:00 0 
7f8ae6f91000-7f8ae6fab000 r-xp 00000000 08:01 7340334                    /lib/x86_64-linux-gnu/libz.so.1.2.8
7f8ae6fab000-7f8ae71aa000 ---p 0001a000 08:01 7340334                    /lib/x86_64-linux-gnu/libz.so.1.2.8
7f8ae71aa000-7f8ae71ab000 r--p 00019000 08:01 7340334                    /lib/x86_64-linux-gnu/libz.so.1.2.8
7f8ae71ab000-7f8ae71ac000 rw-p 0001a000 08:01 7340334                    /lib/x86_64-linux-gnu/libz.so.1.2.8
7f8ae71ac000-7f8ae734e000 r-xp 00000000 08:01 7340207                    /lib/x86_64-linux-gnu/libc-2.19.so
7f8ae734e000-7f8ae754d000 ---p 001a2000 08:01 7340207                    /lib/x86_64-linux-gnu/libc-2.19.so
7f8ae754d000-7f8ae7551000 r--p 001a1000 08:01 7340207                    /lib/x86_64-linux-gnu/libc-2.19.so
7f8ae7551000-7f8ae7553000 rw-p 001a5000 08:01 7340207                    /lib/x86_64-linux-gnu/libc-2.19.so
7f8ae7553000-7f8ae7557000 rw-p 00000000 00:00 0 
7f8ae7557000-7f8ae755a000 r-xp 00000000 08:01 7340272                    /lib/x86_64-linux-gnu/libdl-2.19.so
7f8ae755a000-7f8ae7759000 ---p 00003000 08:01 7340272                    /lib/x86_64-linux-gnu/libdl-2.19.so
7f8ae7759000-7f8ae775a000 r--p 00002000 08:01 7340272                    /lib/x86_64-linux-gnu/libdl-2.19.so
7f8ae775a000-7f8ae775b000 rw-p 00003000 08:01 7340272                    /lib/x86_64-linux-gnu/libdl-2.19.so
7f8ae775b000-7f8ae7768000 r-xp 00000000 08:01 14700528                   /usr/lib/jvm/java-7-openjdk-amd64/jre/lib/amd64/jli/libjli.so
7f8ae7768000-7f8ae7967000 ---p 0000d000 08:01 14700528                   /usr/lib/jvm/java-7-openjdk-amd64/jre/lib/amd64/jli/libjli.so
7f8ae7967000-7f8ae7968000 r--p 0000c000 08:01 14700528                   /usr/lib/jvm/java-7-openjdk-amd64/jre/lib/amd64/jli/libjli.so
7f8ae7968000-7f8ae7969000 rw-p 0000d000 08:01 14700528                   /usr/lib/jvm/java-7-openjdk-amd64/jre/lib/amd64/jli/libjli.so
7f8ae7969000-7f8ae7981000 r-xp 00000000 08:01 7340144                    /lib/x86_64-linux-gnu/libpthread-2.19.so
7f8ae7981000-7f8ae7b80000 ---p 00018000 08:01 7340144                    /lib/x86_64-linux-gnu/libpthread-2.19.so
7f8ae7b80000-7f8ae7b81000 r--p 00017000 08:01 7340144                    /lib/x86_64-linux-gnu/libpthread-2.19.so
7f8ae7b81000-7f8ae7b82000 rw-p 00018000 08:01 7340144                    /lib/x86_64-linux-gnu/libpthread-2.19.so
7f8ae7b82000-7f8ae7b86000 rw-p 00000000 00:00 0 
7f8ae7b86000-7f8ae7ba6000 r-xp 00000000 08:01 7340148                    /lib/x86_64-linux-gnu/ld-2.19.so
7f8ae7ba6000-7f8ae7ba7000 r--s 00001000 00:2a 66079626                   /home/cip/medtech2015/gu74xyga/Reconstruction/CONRAD/lib/gluegen-rt-natives-macosx-universal.jar
7f8ae7ba7000-7f8ae7baa000 r--s 0000f000 08:01 14700458                   /usr/lib/jvm/java-7-openjdk-amd64/jre/lib/ext/icedtea-sound.jar
7f8ae7baa000-7f8ae7bab000 r--s 00002000 08:01 14700459                   /usr/lib/jvm/java-7-openjdk-amd64/jre/lib/ext/dnsns.jar
7f8ae7bab000-7f8ae7c11000 rw-p 00000000 00:00 0 
7f8ae7c11000-7f8ae7c59000 rw-p 00000000 00:00 0 
7f8ae7c59000-7f8ae7c5a000 ---p 00000000 00:00 0 
7f8ae7c5a000-7f8ae7d5a000 rwxp 00000000 00:00 0                          [stack:27503]
7f8ae7d5a000-7f8ae7d5f000 rw-p 00000000 00:00 0 
7f8ae7d5f000-7f8ae7d61000 r--s 00012000 08:01 14700460                   /usr/lib/jvm/java-7-openjdk-amd64/jre/lib/ext/zipfs.jar
7f8ae7d61000-7f8ae7d62000 r--p 00000000 08:01 22151263                   /usr/lib/locale/zu_ZA.utf8/LC_NUMERIC
7f8ae7d62000-7f8ae7d63000 r--p 00000000 08:01 22153591                   /usr/lib/locale/en_US.utf8/LC_TIME
7f8ae7d63000-7f8ae7d64000 r--p 00000000 08:01 22153590                   /usr/lib/locale/en_US.utf8/LC_MONETARY
7f8ae7d64000-7f8ae7d65000 r--p 00000000 08:01 22151616                   /usr/lib/locale/ug_CN/LC_MESSAGES/SYS_LC_MESSAGES
7f8ae7d65000-7f8ae7d66000 r--p 00000000 08:01 22151260                   /usr/lib/locale/zu_ZA.utf8/LC_PAPER
7f8ae7d66000-7f8ae7d67000 r--p 00000000 08:01 22151420                   /usr/lib/locale/yi_US.utf8/LC_NAME
7f8ae7d67000-7f8ae7d68000 r--p 00000000 08:01 22153589                   /usr/lib/locale/en_US.utf8/LC_ADDRESS
7f8ae7d68000-7f8ae7d69000 r--p 00000000 08:01 22151415                   /usr/lib/locale/yi_US.utf8/LC_TELEPHONE
7f8ae7d69000-7f8ae7d6a000 r--p 00000000 08:01 22151414                   /usr/lib/locale/yi_US.utf8/LC_MEASUREMENT
7f8ae7d6a000-7f8ae7d71000 r--s 00000000 08:01 13459380                   /usr/lib/x86_64-linux-gnu/gconv/gconv-modules.cache
7f8ae7d71000-7f8ae7d72000 r--p 00000000 08:01 22153588                   /usr/lib/locale/en_US.utf8/LC_IDENTIFICATION
7f8ae7d72000-7f8ae7d9a000 rw-p 00000000 00:00 0 
7f8ae7d9a000-7f8ae7da2000 rw-s 00000000 08:01 23331871                   /tmp/hsperfdata_gu74xyga/27497
7f8ae7da2000-7f8ae7da3000 rw-p 00000000 00:00 0 
7f8ae7da3000-7f8ae7da4000 r--p 00000000 00:00 0 
7f8ae7da4000-7f8ae7da6000 rw-p 00000000 00:00 0 
7f8ae7da6000-7f8ae7da7000 r--p 00020000 08:01 7340148                    /lib/x86_64-linux-gnu/ld-2.19.so
7f8ae7da7000-7f8ae7da8000 rw-p 00021000 08:01 7340148                    /lib/x86_64-linux-gnu/ld-2.19.so
7f8ae7da8000-7f8ae7da9000 rw-p 00000000 00:00 0 
7fff82158000-7fff82178000 rwxp 00000000 00:00 0                          [stack]
7fff82178000-7fff8217a000 rw-p 00000000 00:00 0 
7fff8217d000-7fff8217f000 r--p 00000000 00:00 0                          [vvar]
7fff8217f000-7fff82181000 r-xp 00000000 00:00 0                          [vdso]

VM Arguments:
jvm_args: -Dfile.encoding=UTF-8 
java_command: edu.stanford.rsl.tutorial.gu74xyga.OpenCLBP
Launcher Type: SUN_STANDARD

Environment Variables:
PATH=/usr/local/bin:/usr/bin:/bin:/usr/local/games:/usr/games
SHELL=/usr/bin/cip-login
DISPLAY=:0.0

Signal Handlers:
SIGSEGV: [libjvm.so+0x989ea0], sa_mask[0]=0x7ffbfeff, sa_flags=0x10000004
SIGBUS: [libjvm.so+0x989ea0], sa_mask[0]=0x7ffbfeff, sa_flags=0x10000004
SIGFPE: [libamdocl12cl64.so+0x84c000], sa_mask[0]=0x7ffbfeff, sa_flags=0x10000004
SIGPIPE: [libjvm.so+0x7f6820], sa_mask[0]=0x7ffbfeff, sa_flags=0x10000004
SIGXFSZ: [libjvm.so+0x7f6820], sa_mask[0]=0x7ffbfeff, sa_flags=0x10000004
SIGILL: [libjvm.so+0x7f6820], sa_mask[0]=0x7ffbfeff, sa_flags=0x10000004
SIGUSR1: SIG_DFL, sa_mask[0]=0x00000000, sa_flags=0x00000000
SIGUSR2: [libjvm.so+0x7f66a0], sa_mask[0]=0x00000004, sa_flags=0x10000004
SIGHUP: [libjvm.so+0x7f68a0], sa_mask[0]=0x7ffbfeff, sa_flags=0x10000004
SIGINT: [libjvm.so+0x7f68a0], sa_mask[0]=0x7ffbfeff, sa_flags=0x10000004
SIGTERM: [libjvm.so+0x7f68a0], sa_mask[0]=0x7ffbfeff, sa_flags=0x10000004
SIGQUIT: [libjvm.so+0x7f68a0], sa_mask[0]=0x7ffbfeff, sa_flags=0x10000004
SIGTRAP: SIG_DFL, sa_mask[0]=0x00000000, sa_flags=0x00000000


---------------  S Y S T E M  ---------------

OS:8.5

uname:Linux 4.4.14-2-cip-amd64 #2 SMP Mon Jul 4 13:01:26 CEST 2016 x86_64
libc:glibc 2.19 NPTL 2.19 
rlimit: STACK 8192k, CORE 0k, NPROC 1000, NOFILE 16384, AS infinity
load average:0.00 0.04 0.07

/proc/meminfo:
MemTotal:       24676820 kB
MemFree:        19110956 kB
MemAvailable:   22576924 kB
Buffers:          595640 kB
Cached:          1563424 kB
SwapCached:            0 kB
Active:          3316972 kB
Inactive:         541808 kB
Active(anon):    1701908 kB
Inactive(anon):    78008 kB
Active(file):    1615064 kB
Inactive(file):   463800 kB
Unevictable:           0 kB
Mlocked:               0 kB
SwapTotal:      31248380 kB
SwapFree:       31248380 kB
Dirty:               120 kB
Writeback:             0 kB
AnonPages:       1700032 kB
Mapped:           459428 kB
Shmem:             80204 kB
Slab:            1508328 kB
SReclaimable:    1461576 kB
SUnreclaim:        46752 kB
KernelStack:        9040 kB
PageTables:        25076 kB
NFS_Unstable:          0 kB
Bounce:                0 kB
WritebackTmp:          0 kB
CommitLimit:    43586788 kB
Committed_AS:    4694420 kB
VmallocTotal:   34359738367 kB
VmallocUsed:           0 kB
VmallocChunk:          0 kB
DirectMap4k:      192192 kB
DirectMap2M:     9236480 kB
DirectMap1G:    15728640 kB


CPU:total 16 (4 cores per cpu, 2 threads per core) family 6 model 44 stepping 2, cmov, cx8, fxsr, mmx, sse, sse2, sse3, ssse3, sse4.1, sse4.2, popcnt, aes, ht, tsc, tscinvbit, tscinv

/proc/cpuinfo:
processor	: 0
vendor_id	: GenuineIntel
cpu family	: 6
model		: 44
model name	: Intel(R) Xeon(R) CPU           E5620  @ 2.40GHz
stepping	: 2
microcode	: 0x15
cpu MHz		: 1729.000
cache size	: 12288 KB
physical id	: 0
siblings	: 8
core id		: 0
cpu cores	: 4
apicid		: 0
initial apicid	: 0
fpu		: yes
fpu_exception	: yes
cpuid level	: 11
wp		: yes
flags		: fpu vme de pse tsc msr pae mce cx8 apic sep mtrr pge mca cmov pat pse36 clflush dts acpi mmx fxsr sse sse2 ss ht tm pbe syscall nx pdpe1gb rdtscp lm constant_tsc arch_perfmon pebs bts rep_good nopl xtopology nonstop_tsc aperfmperf pni pclmulqdq dtes64 monitor ds_cpl vmx smx est tm2 ssse3 cx16 xtpr pdcm pcid dca sse4_1 sse4_2 popcnt aes lahf_lm ida arat dtherm tpr_shadow vnmi flexpriority ept vpid
bugs		:
bogomips	: 4787.59
clflush size	: 64
cache_alignment	: 64
address sizes	: 40 bits physical, 48 bits virtual
power management:

processor	: 1
vendor_id	: GenuineIntel
cpu family	: 6
model		: 44
model name	: Intel(R) Xeon(R) CPU           E5620  @ 2.40GHz
stepping	: 2
microcode	: 0x15
cpu MHz		: 2261.000
cache size	: 12288 KB
physical id	: 0
siblings	: 8
core id		: 1
cpu cores	: 4
apicid		: 2
initial apicid	: 2
fpu		: yes
fpu_exception	: yes
cpuid level	: 11
wp		: yes
flags		: fpu vme de pse tsc msr pae mce cx8 apic sep mtrr pge mca cmov pat pse36 clflush dts acpi mmx fxsr sse sse2 ss ht tm pbe syscall nx pdpe1gb rdtscp lm constant_tsc arch_perfmon pebs bts rep_good nopl xtopology nonstop_tsc aperfmperf pni pclmulqdq dtes64 monitor ds_cpl vmx smx est tm2 ssse3 cx16 xtpr pdcm pcid dca sse4_1 sse4_2 popcnt aes lahf_lm ida arat dtherm tpr_shadow vnmi flexpriority ept vpid
bugs		:
bogomips	: 4787.59
clflush size	: 64
cache_alignment	: 64
address sizes	: 40 bits physical, 48 bits virtual
power management:

processor	: 2
vendor_id	: GenuineIntel
cpu family	: 6
model		: 44
model name	: Intel(R) Xeon(R) CPU           E5620  @ 2.40GHz
stepping	: 2
microcode	: 0x15
cpu MHz		: 1995.000
cache size	: 12288 KB
physical id	: 0
siblings	: 8
core id		: 9
cpu cores	: 4
apicid		: 18
initial apicid	: 18
fpu		: yes
fpu_exception	: yes
cpuid level	: 11
wp		: yes
flags		: fpu vme de pse tsc msr pae mce cx8 apic sep mtrr pge mca cmov pat pse36 clflush dts acpi mmx fxsr sse sse2 ss ht tm pbe syscall nx pdpe1gb rdtscp lm constant_tsc arch_perfmon pebs bts rep_good nopl xtopology nonstop_tsc aperfmperf pni pclmulqdq dtes64 monitor ds_cpl vmx smx est tm2 ssse3 cx16 xtpr pdcm pcid dca sse4_1 sse4_2 popcnt aes lahf_lm ida arat dtherm tpr_shadow vnmi flexpriority ept vpid
bugs		:
bogomips	: 4787.59
clflush size	: 64
cache_alignment	: 64
address sizes	: 40 bits physical, 48 bits virtual
power management:

processor	: 3
vendor_id	: GenuineIntel
cpu family	: 6
model		: 44
model name	: Intel(R) Xeon(R) CPU           E5620  @ 2.40GHz
stepping	: 2
microcode	: 0x15
cpu MHz		: 1862.000
cache size	: 12288 KB
physical id	: 0
siblings	: 8
core id		: 10
cpu cores	: 4
apicid		: 20
initial apicid	: 20
fpu		: yes
fpu_exception	: yes
cpuid level	: 11
wp		: yes
flags		: fpu vme de pse tsc msr pae mce cx8 apic sep mtrr pge mca cmov pat pse36 clflush dts acpi mmx fxsr sse sse2 ss ht tm pbe syscall nx pdpe1gb rdtscp lm constant_tsc arch_perfmon pebs bts rep_good nopl xtopology nonstop_tsc aperfmperf pni pclmulqdq dtes64 monitor ds_cpl vmx smx est tm2 ssse3 cx16 xtpr pdcm pcid dca sse4_1 sse4_2 popcnt aes lahf_lm ida arat dtherm tpr_shadow vnmi flexpriority ept vpid
bugs		:
bogomips	: 4787.59
clflush size	: 64
cache_alignment	: 64
address sizes	: 40 bits physical, 48 bits virtual
power management:

processor	: 4
vendor_id	: GenuineIntel
cpu family	: 6
model		: 44
model name	: Intel(R) Xeon(R) CPU           E5620  @ 2.40GHz
stepping	: 2
microcode	: 0x15
cpu MHz		: 1729.000
cache size	: 12288 KB
physical id	: 1
siblings	: 8
core id		: 0
cpu cores	: 4
apicid		: 32
initial apicid	: 32
fpu		: yes
fpu_exception	: yes
cpuid level	: 11
wp		: yes
flags		: fpu vme de pse tsc msr pae mce cx8 apic sep mtrr pge mca cmov pat pse36 clflush dts acpi mmx fxsr sse sse2 ss ht tm pbe syscall nx pdpe1gb rdtscp lm constant_tsc arch_perfmon pebs bts rep_good nopl xtopology nonstop_tsc aperfmperf pni pclmulqdq dtes64 monitor ds_cpl vmx smx est tm2 ssse3 cx16 xtpr pdcm pcid dca sse4_1 sse4_2 popcnt aes lahf_lm ida arat dtherm tpr_shadow vnmi flexpriority ept vpid
bugs		:
bogomips	: 4787.78
clflush size	: 64
cache_alignment	: 64
address sizes	: 40 bits physical, 48 bits virtual
power management:

processor	: 5
vendor_id	: GenuineIntel
cpu family	: 6
model		: 44
model name	: Intel(R) Xeon(R) CPU           E5620  @ 2.40GHz
stepping	: 2
microcode	: 0x15
cpu MHz		: 1596.000
cache size	: 12288 KB
physical id	: 1
siblings	: 8
core id		: 1
cpu cores	: 4
apicid		: 34
initial apicid	: 34
fpu		: yes
fpu_exception	: yes
cpuid level	: 11
wp		: yes
flags		: fpu vme de pse tsc msr pae mce cx8 apic sep mtrr pge mca cmov pat pse36 clflush dts acpi mmx fxsr sse sse2 ss ht tm pbe syscall nx pdpe1gb rdtscp lm constant_tsc arch_perfmon pebs bts rep_good nopl xtopology nonstop_tsc aperfmperf pni pclmulqdq dtes64 monitor ds_cpl vmx smx est tm2 ssse3 cx16 xtpr pdcm pcid dca sse4_1 sse4_2 popcnt aes lahf_lm ida arat dtherm tpr_shadow vnmi flexpriority ept vpid
bugs		:
bogomips	: 4787.78
clflush size	: 64
cache_alignment	: 64
address sizes	: 40 bits physical, 48 bits virtual
power management:

processor	: 6
vendor_id	: GenuineIntel
cpu family	: 6
model		: 44
model name	: Intel(R) Xeon(R) CPU           E5620  @ 2.40GHz
stepping	: 2
microcode	: 0x15
cpu MHz		: 1596.000
cache size	: 12288 KB
physical id	: 1
siblings	: 8
core id		: 9
cpu cores	: 4
apicid		: 50
initial apicid	: 50
fpu		: yes
fpu_exception	: yes
cpuid level	: 11
wp		: yes
flags		: fpu vme de pse tsc msr pae mce cx8 apic sep mtrr pge mca cmov pat pse36 clflush dts acpi mmx fxsr sse sse2 ss ht tm pbe syscall nx pdpe1gb rdtscp lm constant_tsc arch_perfmon pebs bts rep_good nopl xtopology nonstop_tsc aperfmperf pni pclmulqdq dtes64 monitor ds_cpl vmx smx est tm2 ssse3 cx16 xtpr pdcm pcid dca sse4_1 sse4_2 popcnt aes lahf_lm ida arat dtherm tpr_shadow vnmi flexpriority ept vpid
bugs		:
bogomips	: 4787.78
clflush size	: 64
cache_alignment	: 64
address sizes	: 40 bits physical, 48 bits virtual
power management:

processor	: 7
vendor_id	: GenuineIntel
cpu family	: 6
model		: 44
model name	: Intel(R) Xeon(R) CPU           E5620  @ 2.40GHz
stepping	: 2
microcode	: 0x15
cpu MHz		: 1596.000
cache size	: 12288 KB
physical id	: 1
siblings	: 8
core id		: 10
cpu cores	: 4
apicid		: 52
initial apicid	: 52
fpu		: yes
fpu_exception	: yes
cpuid level	: 11
wp		: yes
flags		: fpu vme de pse tsc msr pae mce cx8 apic sep mtrr pge mca cmov pat pse36 clflush dts acpi mmx fxsr sse sse2 ss ht tm pbe syscall nx pdpe1gb rdtscp lm constant_tsc arch_perfmon pebs bts rep_good nopl xtopology nonstop_tsc aperfmperf pni pclmulqdq dtes64 monitor ds_cpl vmx smx est tm2 ssse3 cx16 xtpr pdcm pcid dca sse4_1 sse4_2 popcnt aes lahf_lm ida arat dtherm tpr_shadow vnmi flexpriority ept vpid
bugs		:
bogomips	: 4787.78
clflush size	: 64
cache_alignment	: 64
address sizes	: 40 bits physical, 48 bits virtual
power management:

processor	: 8
vendor_id	: GenuineIntel
cpu family	: 6
model		: 44
model name	: Intel(R) Xeon(R) CPU           E5620  @ 2.40GHz
stepping	: 2
microcode	: 0x15
cpu MHz		: 1729.000
cache size	: 12288 KB
physical id	: 0
siblings	: 8
core id		: 0
cpu cores	: 4
apicid		: 1
initial apicid	: 1
fpu		: yes
fpu_exception	: yes
cpuid level	: 11
wp		: yes
flags		: fpu vme de pse tsc msr pae mce cx8 apic sep mtrr pge mca cmov pat pse36 clflush dts acpi mmx fxsr sse sse2 ss ht tm pbe syscall nx pdpe1gb rdtscp lm constant_tsc arch_perfmon pebs bts rep_good nopl xtopology nonstop_tsc aperfmperf pni pclmulqdq dtes64 monitor ds_cpl vmx smx est tm2 ssse3 cx16 xtpr pdcm pcid dca sse4_1 sse4_2 popcnt aes lahf_lm ida arat dtherm tpr_shadow vnmi flexpriority ept vpid
bugs		:
bogomips	: 4787.59
clflush size	: 64
cache_alignment	: 64
address sizes	: 40 bits physical, 48 bits virtual
power management:

processor	: 9
vendor_id	: GenuineIntel
cpu family	: 6
model		: 44
model name	: Intel(R) Xeon(R) CPU           E5620  @ 2.40GHz
stepping	: 2
microcode	: 0x15
cpu MHz		: 1729.000
cache size	: 12288 KB
physical id	: 0
siblings	: 8
core id		: 1
cpu cores	: 4
apicid		: 3
initial apicid	: 3
fpu		: yes
fpu_exception	: yes
cpuid level	: 11
wp		: yes
flags		: fpu vme de pse tsc msr pae mce cx8 apic sep mtrr pge mca cmov pat pse36 clflush dts acpi mmx fxsr sse sse2 ss ht tm pbe syscall nx pdpe1gb rdtscp lm constant_tsc arch_perfmon pebs bts rep_good nopl xtopology nonstop_tsc aperfmperf pni pclmulqdq dtes64 monitor ds_cpl vmx smx est tm2 ssse3 cx16 xtpr pdcm pcid dca sse4_1 sse4_2 popcnt aes lahf_lm ida arat dtherm tpr_shadow vnmi flexpriority ept vpid
bugs		:
bogomips	: 4787.59
clflush size	: 64
cache_alignment	: 64
address sizes	: 40 bits physical, 48 bits virtual
power management:

processor	: 10
vendor_id	: GenuineIntel
cpu family	: 6
model		: 44
model name	: Intel(R) Xeon(R) CPU           E5620  @ 2.40GHz
stepping	: 2
microcode	: 0x15
cpu MHz		: 1596.000
cache size	: 12288 KB
physical id	: 0
siblings	: 8
core id		: 9
cpu cores	: 4
apicid		: 19
initial apicid	: 19
fpu		: yes
fpu_exception	: yes
cpuid level	: 11
wp		: yes
flags		: fpu vme de pse tsc msr pae mce cx8 apic sep mtrr pge mca cmov pat pse36 clflush dts acpi mmx fxsr sse sse2 ss ht tm pbe syscall nx pdpe1gb rdtscp lm constant_tsc arch_perfmon pebs bts rep_good nopl xtopology nonstop_tsc aperfmperf pni pclmulqdq dtes64 monitor ds_cpl vmx smx est tm2 ssse3 cx16 xtpr pdcm pcid dca sse4_1 sse4_2 popcnt aes lahf_lm ida arat dtherm tpr_shadow vnmi flexpriority ept vpid
bugs		:
bogomips	: 4787.59
clflush size	: 64
cache_alignment	: 64
address sizes	: 40 bits physical, 48 bits virtual
power management:

processor	: 11
vendor_id	: GenuineIntel
cpu family	: 6
model		: 44
model name	: Intel(R) Xeon(R) CPU           E5620  @ 2.40GHz
stepping	: 2
microcode	: 0x15
cpu MHz		: 1596.000
cache size	: 12288 KB
physical id	: 0
siblings	: 8
core id		: 10
cpu cores	: 4
apicid		: 21
initial apicid	: 21
fpu		: yes
fpu_exception	: yes
cpuid level	: 11
wp		: yes
flags		: fpu vme de pse tsc msr pae mce cx8 apic sep mtrr pge mca cmov pat pse36 clflush dts acpi mmx fxsr sse sse2 ss ht tm pbe syscall nx pdpe1gb rdtscp lm constant_tsc arch_perfmon pebs bts rep_good nopl xtopology nonstop_tsc aperfmperf pni pclmulqdq dtes64 monitor ds_cpl vmx smx est tm2 ssse3 cx16 xtpr pdcm pcid dca sse4_1 sse4_2 popcnt aes lahf_lm ida arat dtherm tpr_shadow vnmi flexpriority ept vpid
bugs		:
bogomips	: 4787.59
clflush size	: 64
cache_alignment	: 64
address sizes	: 40 bits physical, 48 bits virtual
power management:

processor	: 12
vendor_id	: GenuineIntel
cpu family	: 6
model		: 44
model name	: Intel(R) Xeon(R) CPU           E5620  @ 2.40GHz
stepping	: 2
microcode	: 0x15
cpu MHz		: 1995.000
cache size	: 12288 KB
physical id	: 1
siblings	: 8
core id		: 0
cpu cores	: 4
apicid		: 33
initial apicid	: 33
fpu		: yes
fpu_exception	: yes
cpuid level	: 11
wp		: yes
flags		: fpu vme de pse tsc msr pae mce cx8 apic sep mtrr pge mca cmov pat pse36 clflush dts acpi mmx fxsr sse sse2 ss ht tm pbe syscall nx pdpe1gb rdtscp lm constant_tsc arch_perfmon pebs bts rep_good nopl xtopology nonstop_tsc aperfmperf pni pclmulqdq dtes64 monitor ds_cpl vmx smx est tm2 ssse3 cx16 xtpr pdcm pcid dca sse4_1 sse4_2 popcnt aes lahf_lm ida arat dtherm tpr_shadow vnmi flexpriority ept vpid
bugs		:
bogomips	: 4787.78
clflush size	: 64
cache_alignment	: 64
address sizes	: 40 bits physical, 48 bits virtual
power management:

processor	: 13
vendor_id	: GenuineIntel
cpu family	: 6
model		: 44
model name	: Intel(R) Xeon(R) CPU           E5620  @ 2.40GHz
stepping	: 2
microcode	: 0x15
cpu MHz		: 1596.000
cache size	: 12288 KB
physical id	: 1
siblings	: 8
core id		: 1
cpu cores	: 4
apicid		: 35
initial apicid	: 35
fpu		: yes
fpu_exception	: yes
cpuid level	: 11
wp		: yes
flags		: fpu vme de pse tsc msr pae mce cx8 apic sep mtrr pge mca cmov pat pse36 clflush dts acpi mmx fxsr sse sse2 ss ht tm pbe syscall nx pdpe1gb rdtscp lm constant_tsc arch_perfmon pebs bts rep_good nopl xtopology nonstop_tsc aperfmperf pni pclmulqdq dtes64 monitor ds_cpl vmx smx est tm2 ssse3 cx16 xtpr pdcm pcid dca sse4_1 sse4_2 popcnt aes lahf_lm ida arat dtherm tpr_shadow vnmi flexpriority ept vpid
bugs		:
bogomips	: 4787.78
clflush size	: 64
cache_alignment	: 64
address sizes	: 40 bits physical, 48 bits virtual
power management:

processor	: 14
vendor_id	: GenuineIntel
cpu family	: 6
model		: 44
model name	: Intel(R) Xeon(R) CPU           E5620  @ 2.40GHz
stepping	: 2
microcode	: 0x15
cpu MHz		: 1596.000
cache size	: 12288 KB
physical id	: 1
siblings	: 8
core id		: 9
cpu cores	: 4
apicid		: 51
initial apicid	: 51
fpu		: yes
fpu_exception	: yes
cpuid level	: 11
wp		: yes
flags		: fpu vme de pse tsc msr pae mce cx8 apic sep mtrr pge mca cmov pat pse36 clflush dts acpi mmx fxsr sse sse2 ss ht tm pbe syscall nx pdpe1gb rdtscp lm constant_tsc arch_perfmon pebs bts rep_good nopl xtopology nonstop_tsc aperfmperf pni pclmulqdq dtes64 monitor ds_cpl vmx smx est tm2 ssse3 cx16 xtpr pdcm pcid dca sse4_1 sse4_2 popcnt aes lahf_lm ida arat dtherm tpr_shadow vnmi flexpriority ept vpid
bugs		:
bogomips	: 4787.78
clflush size	: 64
cache_alignment	: 64
address sizes	: 40 bits physical, 48 bits virtual
power management:

processor	: 15
vendor_id	: GenuineIntel
cpu family	: 6
model		: 44
model name	: Intel(R) Xeon(R) CPU           E5620  @ 2.40GHz
stepping	: 2
microcode	: 0x15
cpu MHz		: 1596.000
cache size	: 12288 KB
physical id	: 1
siblings	: 8
core id		: 10
cpu cores	: 4
apicid		: 53
initial apicid	: 53
fpu		: yes
fpu_exception	: yes
cpuid level	: 11
wp		: yes
flags		: fpu vme de pse tsc msr pae mce cx8 apic sep mtrr pge mca cmov pat pse36 clflush dts acpi mmx fxsr sse sse2 ss ht tm pbe syscall nx pdpe1gb rdtscp lm constant_tsc arch_perfmon pebs bts rep_good nopl xtopology nonstop_tsc aperfmperf pni pclmulqdq dtes64 monitor ds_cpl vmx smx est tm2 ssse3 cx16 xtpr pdcm pcid dca sse4_1 sse4_2 popcnt aes lahf_lm ida arat dtherm tpr_shadow vnmi flexpriority ept vpid
bugs		:
bogomips	: 4787.78
clflush size	: 64
cache_alignment	: 64
address sizes	: 40 bits physical, 48 bits virtual
power management:



Memory: 4k page, physical 24676820k(19110956k free), swap 31248380k(31248380k free)

vm_info: OpenJDK 64-Bit Server VM (24.95-b01) for linux-amd64 JRE (1.7.0_101-b00), built on May  4 2016 17:57:00 by "julien" with gcc 4.9.2

time: Wed Jul  6 15:02:12 2016
elapsed time: 1 seconds

