#
# A fatal error has been detected by the Java Runtime Environment:
#
#  SIGSEGV (0xb) at pc=0x00007f5f2c913acb, pid=27808, tid=140047737657088
#
# JRE version: OpenJDK Runtime Environment (7.0_101) (build 1.7.0_101-b00)
# Java VM: OpenJDK 64-Bit Server VM (24.95-b01 mixed mode linux-amd64 compressed oops)
# Derivative: IcedTea 2.6.6
# Distribution: Debian GNU/Linux 8.4 (jessie), package 7u101-2.6.6-2~deb8u1
# Problematic frame:
# C  [libamdocl64.so+0x66cacb]  clEnqueueWriteBuffer+0x4b
#
# Failed to write core dump. Core dumps have been disabled. To enable core dumping, try "ulimit -c unlimited" before starting Java again
#
# If you would like to submit a bug report, please include
# instructions on how to reproduce the bug and visit:
#   http://icedtea.classpath.org/bugzilla
# The crash happened outside the Java Virtual Machine in native code.
# See problematic frame for where to report the bug.
#

---------------  T H R E A D  ---------------

Current thread (0x00007f5f6000c000):  JavaThread "main" [_thread_in_native, id=27813, stack(0x00007f5f67979000,0x00007f5f67a7a000)]

siginfo:si_signo=SIGSEGV: si_errno=0, si_code=1 (SEGV_MAPERR), si_addr=0x0000000000000030

Registers:
RAX=0x0000000000000000, RBX=0x00007f5f60840d90, RCX=0x0000000000000000, RDX=0x0000000000000001
RSP=0x00007f5f67a78460, RBP=0x0000000000000001, RSI=0x00007f5f60880da0, RDI=0x00007f5f60880d90
R8 =0x0000000000040000, R9 =0x00007f5f60840d90, R10=0x0000000000000002, R11=0x00007f5f66c95ab4
R12=0x0000000000000000, R13=0x0000000000040000, R14=0x00007f5f67a787b8, R15=0x00007f5f606b3f70
RIP=0x00007f5f2c913acb, EFLAGS=0x0000000000010206, CSGSFS=0x0000000000000033, ERR=0x0000000000000004
  TRAPNO=0x000000000000000e

Top of Stack: (sp=0x00007f5f67a78460)
0x00007f5f67a78460:   00007f5f67a78490 00007f5f6000c7c8
0x00007f5f67a78470:   00007f5f67a784d0 00007f5f6661cd1d
0x00007f5f67a78480:   0000000000000000 00007f5f604f98e1
0x00007f5f67a78490:   00007f5f66bc1cd0 00007f5f604f98e0
0x00007f5f67a784a0:   0000000000000043 000000000000000a
0x00007f5f67a784b0:   00007f5f00000000 aef925b7b82d6100
0x00007f5f67a784c0:   00007f5f67a78500 00007f5f6000c000
0x00007f5f67a784d0:   00007f5f67a785a0 00007f5f6645b44e
0x00007f5f67a784e0:   000000067d5cce20 00007f5f67a787b8
0x00007f5f67a784f0:   00007f5f6000c000 00007f5f604f98e1
0x00007f5f67a78500:   00007f5f66bcf490 00007f5f604f98e0
0x00007f5f67a78510:   0000000000000042 00007f5f60142391
0x00007f5f67a78520:   00007f5f6000c7c8 0000000100000013
0x00007f5f67a78530:   00007f5f0000000e 00007f5f67a78720
0x00007f5f67a78540:   00007f5f67a78678 00007f5f67a785e0
0x00007f5f67a78550:   00007f5f67a785e8 00007f5f6000c000
0x00007f5f67a78560:   00007f5f67a78590 000000067d5cc4d0
0x00007f5f67a78570:   00007f5f67a78620 0000000000000000
0x00007f5f67a78580:   000000067d5cc4d0 00007f5f67a787b8
0x00007f5f67a78590:   00007f5f6000c000 00007f5f3d11b93c
0x00007f5f67a785a0:   0000000000000000 0000000000000000
0x00007f5f67a785b0:   0000000000000000 00007f5f3d11b892
0x00007f5f67a785c0:   0000000000000000 0000000160880da0
0x00007f5f67a785d0:   00007f5f60880da0 00007f5f606b3f70
0x00007f5f67a785e0:   00007f5f67a787b8 00007f5f6000c1d8
0x00007f5f67a785f0:   0000000000000000 0000000000000000
0x00007f5f67a78600:   00007f5f3d3221d0 0000000000000000
0x00007f5f67a78610:   0000000000000000 00007f5f60840d90
0x00007f5f67a78620:   00007f5f67a78708 00007f5f5d0148f8
0x00007f5f67a78630:   0000000000040000 00007f5f67a78768
0x00007f5f67a78640:   0000000000000000 0000000000000000
0x00007f5f67a78650:   0000000000000000 0000000000000000 

Instructions: (pc=0x00007f5f2c913acb)
0x00007f5f2c913aab:   0f 84 ef 00 00 00 4d 85 ff 0f 84 d6 00 00 00 48
0x00007f5f2c913abb:   85 f6 0f 84 bd 00 00 00 48 8b 46 f0 48 8d 7e f0
0x00007f5f2c913acb:   ff 50 30 48 85 c0 49 89 c6 0f 84 a6 00 00 00 49
0x00007f5f2c913adb:   f7 86 90 00 00 00 00 03 00 00 b8 c5 ff ff ff 74 

Register to memory mapping:

RAX=0x0000000000000000 is an unknown value
RBX=0x00007f5f60840d90 is an unknown value
RCX=0x0000000000000000 is an unknown value
RDX=0x0000000000000001 is an unknown value
RSP=0x00007f5f67a78460 is pointing into the stack for thread: 0x00007f5f6000c000
RBP=0x0000000000000001 is an unknown value
RSI=0x00007f5f60880da0 is an unknown value
RDI=0x00007f5f60880d90 is an unknown value
R8 =0x0000000000040000 is an unknown value
R9 =0x00007f5f60840d90 is an unknown value
R10=0x0000000000000002 is an unknown value
R11=0x00007f5f66c95ab4: <offset 0xe2cab4> in /usr/lib/jvm/java-7-openjdk-amd64/jre/lib/amd64/server/libjvm.so at 0x00007f5f65e69000
R12=0x0000000000000000 is an unknown value
R13=0x0000000000040000 is an unknown value
R14=0x00007f5f67a787b8 is pointing into the stack for thread: 0x00007f5f6000c000
R15=0x00007f5f606b3f70 is an unknown value


Stack: [0x00007f5f67979000,0x00007f5f67a7a000],  sp=0x00007f5f67a78460,  free space=1021k
Native frames: (J=compiled Java code, j=interpreted, Vv=VM code, C=native code)
C  [libamdocl64.so+0x66cacb]  clEnqueueWriteBuffer+0x4b

Java frames: (J=compiled Java code, j=interpreted, Vv=VM code)
j  com.jogamp.opencl.llb.impl.CLAbstractImpl.dispatch_clEnqueueWriteBuffer0(JJIJJLjava/lang/Object;IILjava/lang/Object;ILjava/lang/Object;IJ)I+0
j  com.jogamp.opencl.llb.impl.CLAbstractImpl.clEnqueueWriteBuffer(JJIJJLjava/nio/Buffer;ILcom/jogamp/common/nio/PointerBuffer;Lcom/jogamp/common/nio/PointerBuffer;)I+149
j  com.jogamp.opencl.CLCommandQueue.putWriteBuffer(Lcom/jogamp/opencl/CLBuffer;ZLcom/jogamp/opencl/CLEventList;Lcom/jogamp/opencl/CLEventList;)Lcom/jogamp/opencl/CLCommandQueue;+66
j  com.jogamp.opencl.CLCommandQueue.putWriteBuffer(Lcom/jogamp/opencl/CLBuffer;Z)Lcom/jogamp/opencl/CLCommandQueue;+5
j  edu.stanford.rsl.tutorial.gu74xyga.OpenCLBP.init()V+231
j  edu.stanford.rsl.tutorial.gu74xyga.OpenCLBP.main([Ljava/lang/String;)V+3
v  ~StubRoutines::call_stub

---------------  P R O C E S S  ---------------

Java Threads: ( => current thread )
  0x00007f5f60524000 JavaThread "process reaper" daemon [_thread_blocked, id=27837, stack(0x00007f5f3f02a000,0x00007f5f3f063000)]
  0x00007f5f600c7000 JavaThread "Service Thread" daemon [_thread_blocked, id=27833, stack(0x00007f5f3f487000,0x00007f5f3f588000)]
  0x00007f5f600c4800 JavaThread "C2 CompilerThread1" daemon [_thread_blocked, id=27832, stack(0x00007f5f3f588000,0x00007f5f3f689000)]
  0x00007f5f600c1800 JavaThread "C2 CompilerThread0" daemon [_thread_blocked, id=27831, stack(0x00007f5f3f689000,0x00007f5f3f78a000)]
  0x00007f5f600bf800 JavaThread "Signal Dispatcher" daemon [_thread_blocked, id=27830, stack(0x00007f5f3f78a000,0x00007f5f3f88b000)]
  0x00007f5f60091000 JavaThread "Finalizer" daemon [_thread_blocked, id=27829, stack(0x00007f5f3f9fa000,0x00007f5f3fafb000)]
  0x00007f5f6008f000 JavaThread "Reference Handler" daemon [_thread_blocked, id=27828, stack(0x00007f5f3fafb000,0x00007f5f3fbfc000)]
=>0x00007f5f6000c000 JavaThread "main" [_thread_in_native, id=27813, stack(0x00007f5f67979000,0x00007f5f67a7a000)]

Other Threads:
  0x00007f5f6008b000 VMThread [stack: 0x00007f5f3fbfc000,0x00007f5f3fcfd000] [id=27827]
  0x00007f5f600d1800 WatcherThread [stack: 0x00007f5f3f386000,0x00007f5f3f487000] [id=27834]

VM state:not at safepoint (normal execution)

VM Mutex/Monitor currently owned by a thread: None

Heap
 PSYoungGen      total 112640K, used 31488K [0x0000000782700000, 0x000000078a480000, 0x0000000800000000)
  eden space 96768K, 32% used [0x0000000782700000,0x00000007845c02c8,0x0000000788580000)
  from space 15872K, 0% used [0x0000000789500000,0x0000000789500000,0x000000078a480000)
  to   space 15872K, 0% used [0x0000000788580000,0x0000000788580000,0x0000000789500000)
 ParOldGen       total 257024K, used 0K [0x0000000687600000, 0x0000000697100000, 0x0000000782700000)
  object space 257024K, 0% used [0x0000000687600000,0x0000000687600000,0x0000000697100000)
 PSPermGen       total 21504K, used 8154K [0x000000067d000000, 0x000000067e500000, 0x0000000687600000)
  object space 21504K, 37% used [0x000000067d000000,0x000000067d7f6820,0x000000067e500000)

Card table byte_map: [0x00007f5f5c3e7000,0x00007f5f5d000000] byte_map_base: 0x00007f5f58fff000

Polling page: 0x00007f5f67ac3000

Code Cache  [0x00007f5f5d000000, 0x00007f5f5d270000, 0x00007f5f60000000)
 total_blobs=530 nmethods=124 adapters=360 free_code_cache=48142Kb largest_free_block=49253120

Compilation events (10 events):
Event: 0.930 Thread 0x00007f5f600c4800 nmethod 120 0x00007f5f5d0dbf10 code [0x00007f5f5d0dc080, 0x00007f5f5d0dc2a8]
Event: 0.949 Thread 0x00007f5f600c4800  121 %           java.lang.String::replace @ 78 (127 bytes)
Event: 0.956 Thread 0x00007f5f600c4800 nmethod 121% 0x00007f5f5d0dc810 code [0x00007f5f5d0dc980, 0x00007f5f5d0dccf8]
Event: 0.957 Thread 0x00007f5f600c4800  122             java.lang.String::replace (127 bytes)
Event: 0.969 Thread 0x00007f5f600c4800 nmethod 122 0x00007f5f5d0d8dd0 code [0x00007f5f5d0d8f20, 0x00007f5f5d0d93b8]
Event: 0.969 Thread 0x00007f5f600c4800  123             java.lang.CharacterData::of (120 bytes)
Event: 0.969 Thread 0x00007f5f600c4800 nmethod 123 0x00007f5f5d0dc510 code [0x00007f5f5d0dc640, 0x00007f5f5d0dc6b8]
Event: 0.969 Thread 0x00007f5f600c4800  124             java.lang.CharacterDataLatin1::getProperties (11 bytes)
Event: 0.970 Thread 0x00007f5f600c4800 nmethod 124 0x00007f5f5d0d9750 code [0x00007f5f5d0d9880, 0x00007f5f5d0d9918]
Event: 1.073 Thread 0x00007f5f600c1800 nmethod 114 0x00007f5f5d0f2350 code [0x00007f5f5d0f2bc0, 0x00007f5f5d0fae70]

GC Heap History (0 events):
No events

Deoptimization events (10 events):
Event: 0.875 Thread 0x00007f5f6000c000 Uncommon trap: reason=class_check action=maybe_recompile pc=0x00007f5f5d0906f8 method=java.util.regex.Pattern$Start.match(Ljava/util/regex/Matcher;ILjava/lang/CharSequence;)Z @ 44
Event: 0.875 Thread 0x00007f5f6000c000 Uncommon trap: reason=bimorphic action=maybe_recompile pc=0x00007f5f5d07d194 method=java.util.regex.Pattern$5.isSatisfiedBy(I)Z @ 5
Event: 0.876 Thread 0x00007f5f6000c000 Uncommon trap: reason=class_check action=maybe_recompile pc=0x00007f5f5d0906f8 method=java.util.regex.Pattern$Start.match(Ljava/util/regex/Matcher;ILjava/lang/CharSequence;)Z @ 44
Event: 0.876 Thread 0x00007f5f6000c000 Uncommon trap: reason=bimorphic action=maybe_recompile pc=0x00007f5f5d07d194 method=java.util.regex.Pattern$5.isSatisfiedBy(I)Z @ 5
Event: 0.876 Thread 0x00007f5f6000c000 Uncommon trap: reason=class_check action=maybe_recompile pc=0x00007f5f5d0906f8 method=java.util.regex.Pattern$Start.match(Ljava/util/regex/Matcher;ILjava/lang/CharSequence;)Z @ 44
Event: 0.876 Thread 0x00007f5f6000c000 Uncommon trap: reason=class_check action=maybe_recompile pc=0x00007f5f5d07bb18 method=java.util.regex.Pattern$Start.match(Ljava/util/regex/Matcher;ILjava/lang/CharSequence;)Z @ 44
Event: 0.876 Thread 0x00007f5f6000c000 Uncommon trap: reason=bimorphic action=maybe_recompile pc=0x00007f5f5d07d194 method=java.util.regex.Pattern$5.isSatisfiedBy(I)Z @ 5
Event: 0.888 Thread 0x00007f5f6000c000 Uncommon trap: reason=unstable_if action=reinterpret pc=0x00007f5f5d069274 method=java.lang.String.replace(CC)Ljava/lang/String; @ 26
Event: 1.133 Thread 0x00007f5f6000c000 Uncommon trap: reason=bimorphic action=maybe_recompile pc=0x00007f5f5d0f56d0 method=java.util.regex.Pattern$Curly.match0(Ljava/util/regex/Matcher;IILjava/lang/CharSequence;)Z @ 77
Event: 1.133 Thread 0x00007f5f6000c000 Uncommon trap: reason=bimorphic action=maybe_recompile pc=0x00007f5f5d0f56d0 method=java.util.regex.Pattern$Curly.match0(Ljava/util/regex/Matcher;IILjava/lang/CharSequence;)Z @ 77

Internal exceptions (10 events):
Event: 1.128 Thread 0x00007f5f6000c000 Threw 0x000000078448ef88 at /build/openjdk-7-Z6tDWf/openjdk-7-7u101-2.6.6/build/openjdk/hotspot/src/share/vm/prims/jvm.cpp:1322
Event: 1.129 Thread 0x00007f5f6000c000 Threw 0x00000007844982c8 at /build/openjdk-7-Z6tDWf/openjdk-7-7u101-2.6.6/build/openjdk/hotspot/src/share/vm/prims/jvm.cpp:1322
Event: 1.130 Thread 0x00007f5f6000c000 Threw 0x00000007844a7140 at /build/openjdk-7-Z6tDWf/openjdk-7-7u101-2.6.6/build/openjdk/hotspot/src/share/vm/prims/jvm.cpp:1322
Event: 1.131 Thread 0x00007f5f6000c000 Threw 0x00000007844afbf8 at /build/openjdk-7-Z6tDWf/openjdk-7-7u101-2.6.6/build/openjdk/hotspot/src/share/vm/prims/jvm.cpp:1322
Event: 1.189 Thread 0x00007f5f6000c000 Threw 0x00000007844faf98 at /build/openjdk-7-Z6tDWf/openjdk-7-7u101-2.6.6/build/openjdk/hotspot/src/share/vm/prims/jvm.cpp:1322
Event: 1.194 Thread 0x00007f5f6000c000 Threw 0x0000000784511c80 at /build/openjdk-7-Z6tDWf/openjdk-7-7u101-2.6.6/build/openjdk/hotspot/src/share/vm/prims/jvm.cpp:1322
Event: 1.194 Thread 0x00007f5f6000c000 Threw 0x00000007845187b8 at /build/openjdk-7-Z6tDWf/openjdk-7-7u101-2.6.6/build/openjdk/hotspot/src/share/vm/prims/jvm.cpp:1322
Event: 1.195 Thread 0x00007f5f6000c000 Threw 0x0000000784520050 at /build/openjdk-7-Z6tDWf/openjdk-7-7u101-2.6.6/build/openjdk/hotspot/src/share/vm/prims/jvm.cpp:1322
Event: 1.196 Thread 0x00007f5f6000c000 Threw 0x0000000784527c70 at /build/openjdk-7-Z6tDWf/openjdk-7-7u101-2.6.6/build/openjdk/hotspot/src/share/vm/prims/jvm.cpp:1322
Event: 1.196 Thread 0x00007f5f6000c000 Threw 0x000000078452f170 at /build/openjdk-7-Z6tDWf/openjdk-7-7u101-2.6.6/build/openjdk/hotspot/src/share/vm/prims/jvm.cpp:1322

Events (10 events):
Event: 1.194 loading class 0x00007f5f60141e90
Event: 1.194 loading class 0x00007f5f60141e90 done
Event: 1.194 loading class 0x00007f5f60141ed0
Event: 1.194 loading class 0x00007f5f60141ed0 done
Event: 1.195 loading class 0x00007f5f60141f80
Event: 1.195 loading class 0x00007f5f60141f80 done
Event: 1.196 loading class 0x00007f5f604dfd80
Event: 1.196 loading class 0x00007f5f604dfd80 done
Event: 1.196 loading class 0x00007f5f6029ad50
Event: 1.196 loading class 0x00007f5f6029ad50 done


Dynamic libraries:
00400000-00401000 r-xp 00000000 08:01 14699244                           /usr/lib/jvm/java-7-openjdk-amd64/jre/bin/java
00600000-00601000 r--p 00000000 08:01 14699244                           /usr/lib/jvm/java-7-openjdk-amd64/jre/bin/java
00601000-00602000 rw-p 00001000 08:01 14699244                           /usr/lib/jvm/java-7-openjdk-amd64/jre/bin/java
01cdb000-01cfc000 rw-p 00000000 00:00 0                                  [heap]
200000000-400000000 ---p 00000000 00:00 0 
67d000000-67e500000 rw-p 00000000 00:00 0 
67e500000-687600000 rw-p 00000000 00:00 0 
687600000-697100000 rw-p 00000000 00:00 0 
697100000-782700000 rw-p 00000000 00:00 0 
782700000-78a480000 rw-p 00000000 00:00 0 
78a480000-800000000 rw-p 00000000 00:00 0 
800000000-f00000000 ---p 00000000 00:00 0 
7f5e80000000-7f5e80021000 rw-p 00000000 00:00 0 
7f5e80021000-7f5e84000000 ---p 00000000 00:00 0 
7f5e88000000-7f5e88021000 rw-p 00000000 00:00 0 
7f5e88021000-7f5e8c000000 ---p 00000000 00:00 0 
7f5e8c000000-7f5e8c021000 rw-p 00000000 00:00 0 
7f5e8c021000-7f5e90000000 ---p 00000000 00:00 0 
7f5e90000000-7f5e90021000 rw-p 00000000 00:00 0 
7f5e90021000-7f5e94000000 ---p 00000000 00:00 0 
7f5e94fd4000-7f5e94fd5000 ---p 00000000 00:00 0 
7f5e94fd5000-7f5e957d5000 rwxp 00000000 00:00 0                          [stack:27864]
7f5e957d5000-7f5e957d6000 ---p 00000000 00:00 0 
7f5e957d6000-7f5e95fd6000 rwxp 00000000 00:00 0                          [stack:27863]
7f5e95fd6000-7f5e95fd7000 ---p 00000000 00:00 0 
7f5e95fd7000-7f5e96feb000 rwxp 00000000 00:00 0                          [stack:27857]
7f5e96feb000-7f5e96fec000 ---p 00000000 00:00 0 
7f5e96fec000-7f5e98000000 rwxp 00000000 00:00 0                          [stack:27856]
7f5e98000000-7f5e98021000 rw-p 00000000 00:00 0 
7f5e98021000-7f5e9c000000 ---p 00000000 00:00 0 
7f5e9c000000-7f5e9c021000 rw-p 00000000 00:00 0 
7f5e9c021000-7f5ea0000000 ---p 00000000 00:00 0 
7f5ea0000000-7f5ea0021000 rw-p 00000000 00:00 0 
7f5ea0021000-7f5ea4000000 ---p 00000000 00:00 0 
7f5ea47c0000-7f5ea47c1000 ---p 00000000 00:00 0 
7f5ea47c1000-7f5ea4fc1000 rwxp 00000000 00:00 0                          [stack:27862]
7f5ea4fc1000-7f5ea4fc2000 ---p 00000000 00:00 0 
7f5ea4fc2000-7f5ea5fd6000 rwxp 00000000 00:00 0                          [stack:27855]
7f5ea5fd6000-7f5ea5fd7000 ---p 00000000 00:00 0 
7f5ea5fd7000-7f5ea6feb000 rwxp 00000000 00:00 0                          [stack:27854]
7f5ea6feb000-7f5ea6fec000 ---p 00000000 00:00 0 
7f5ea6fec000-7f5ea8000000 rwxp 00000000 00:00 0                          [stack:27853]
7f5ea8000000-7f5ea8021000 rw-p 00000000 00:00 0 
7f5ea8021000-7f5eac000000 ---p 00000000 00:00 0 
7f5eac000000-7f5eac021000 rw-p 00000000 00:00 0 
7f5eac021000-7f5eb0000000 ---p 00000000 00:00 0 
7f5eb0000000-7f5eb0021000 rw-p 00000000 00:00 0 
7f5eb0021000-7f5eb4000000 ---p 00000000 00:00 0 
7f5eb47c0000-7f5eb47c1000 ---p 00000000 00:00 0 
7f5eb47c1000-7f5eb4fc1000 rwxp 00000000 00:00 0                          [stack:27861]
7f5eb4fc1000-7f5eb4fc2000 ---p 00000000 00:00 0 
7f5eb4fc2000-7f5eb5fd6000 rwxp 00000000 00:00 0                          [stack:27852]
7f5eb5fd6000-7f5eb5fd7000 ---p 00000000 00:00 0 
7f5eb5fd7000-7f5eb6feb000 rwxp 00000000 00:00 0                          [stack:27851]
7f5eb6feb000-7f5eb6fec000 ---p 00000000 00:00 0 
7f5eb6fec000-7f5eb8000000 rwxp 00000000 00:00 0                          [stack:27850]
7f5eb8000000-7f5eb8021000 rw-p 00000000 00:00 0 
7f5eb8021000-7f5ebc000000 ---p 00000000 00:00 0 
7f5ebc000000-7f5ebc021000 rw-p 00000000 00:00 0 
7f5ebc021000-7f5ec0000000 ---p 00000000 00:00 0 
7f5ec0000000-7f5ec0021000 rw-p 00000000 00:00 0 
7f5ec0021000-7f5ec4000000 ---p 00000000 00:00 0 
7f5ec47c0000-7f5ec47c1000 ---p 00000000 00:00 0 
7f5ec47c1000-7f5ec4fc1000 rwxp 00000000 00:00 0                          [stack:27860]
7f5ec4fc1000-7f5ec4fc2000 ---p 00000000 00:00 0 
7f5ec4fc2000-7f5ec5fd6000 rwxp 00000000 00:00 0                          [stack:27849]
7f5ec5fd6000-7f5ec5fd7000 ---p 00000000 00:00 0 
7f5ec5fd7000-7f5ec6feb000 rwxp 00000000 00:00 0                          [stack:27848]
7f5ec6feb000-7f5ec6fec000 ---p 00000000 00:00 0 
7f5ec6fec000-7f5ec8000000 rwxp 00000000 00:00 0                          [stack:27847]
7f5ec8000000-7f5ec8021000 rw-p 00000000 00:00 0 
7f5ec8021000-7f5ecc000000 ---p 00000000 00:00 0 
7f5ecc000000-7f5ecc021000 rw-p 00000000 00:00 0 
7f5ecc021000-7f5ed0000000 ---p 00000000 00:00 0 
7f5ed0000000-7f5ed0021000 rw-p 00000000 00:00 0 
7f5ed0021000-7f5ed4000000 ---p 00000000 00:00 0 
7f5ed4000000-7f5ed4021000 rw-p 00000000 00:00 0 
7f5ed4021000-7f5ed8000000 ---p 00000000 00:00 0 
7f5ed87c0000-7f5ed87c1000 ---p 00000000 00:00 0 
7f5ed87c1000-7f5ed8fc1000 rwxp 00000000 00:00 0                          [stack:27859]
7f5ed8fc1000-7f5ed8fc2000 ---p 00000000 00:00 0 
7f5ed8fc2000-7f5ed9fd6000 rwxp 00000000 00:00 0                          [stack:27846]
7f5ed9fd6000-7f5ed9fd7000 ---p 00000000 00:00 0 
7f5ed9fd7000-7f5edafeb000 rwxp 00000000 00:00 0                          [stack:27845]
7f5edafeb000-7f5edafec000 ---p 00000000 00:00 0 
7f5edafec000-7f5edc000000 rwxp 00000000 00:00 0                          [stack:27844]
7f5edc000000-7f5edc087000 rw-p 00000000 00:00 0 
7f5edc087000-7f5ee0000000 ---p 00000000 00:00 0 
7f5ee0000000-7f5ee0021000 rw-p 00000000 00:00 0 
7f5ee0021000-7f5ee4000000 ---p 00000000 00:00 0 
7f5ee4000000-7f5ee4021000 rw-p 00000000 00:00 0 
7f5ee4021000-7f5ee8000000 ---p 00000000 00:00 0 
7f5ee8000000-7f5ee8021000 rw-p 00000000 00:00 0 
7f5ee8021000-7f5eec000000 ---p 00000000 00:00 0 
7f5eec000000-7f5eeccfb000 rw-p 00000000 00:00 0 
7f5eeccfb000-7f5ef0000000 ---p 00000000 00:00 0 
7f5ef0000000-7f5ef0021000 rw-p 00000000 00:00 0 
7f5ef0021000-7f5ef4000000 ---p 00000000 00:00 0 
7f5ef4000000-7f5ef4021000 rw-p 00000000 00:00 0 
7f5ef4021000-7f5ef8000000 ---p 00000000 00:00 0 
7f5ef8000000-7f5ef8e03000 rw-p 00000000 00:00 0 
7f5ef8e03000-7f5efc000000 ---p 00000000 00:00 0 
7f5efc000000-7f5efc021000 rw-p 00000000 00:00 0 
7f5efc021000-7f5f00000000 ---p 00000000 00:00 0 
7f5f00000000-7f5f00021000 rw-p 00000000 00:00 0 
7f5f00021000-7f5f04000000 ---p 00000000 00:00 0 
7f5f04000000-7f5f04021000 rw-p 00000000 00:00 0 
7f5f04021000-7f5f08000000 ---p 00000000 00:00 0 
7f5f08000000-7f5f08021000 rw-p 00000000 00:00 0 
7f5f08021000-7f5f0c000000 ---p 00000000 00:00 0 
7f5f0c000000-7f5f0c021000 rw-p 00000000 00:00 0 
7f5f0c021000-7f5f10000000 ---p 00000000 00:00 0 
7f5f10000000-7f5f10021000 rw-p 00000000 00:00 0 
7f5f10021000-7f5f14000000 ---p 00000000 00:00 0 
7f5f14000000-7f5f14021000 rw-p 00000000 00:00 0 
7f5f14021000-7f5f18000000 ---p 00000000 00:00 0 
7f5f18459000-7f5f18859000 rw-s 5e9fc5000 00:06 5688                      /dev/nvidiactl
7f5f18859000-7f5f1885a000 ---p 00000000 00:00 0 
7f5f1885a000-7f5f1986e000 rwxp 00000000 00:00 0                          [stack:27843]
7f5f1986e000-7f5f1b8dd000 r-xp 00000000 08:01 13372793                   /usr/lib/x86_64-linux-gnu/libamdocl12cl64.so
7f5f1b8dd000-7f5f1badd000 ---p 0206f000 08:01 13372793                   /usr/lib/x86_64-linux-gnu/libamdocl12cl64.so
7f5f1badd000-7f5f1bdef000 rw-p 0206f000 08:01 13372793                   /usr/lib/x86_64-linux-gnu/libamdocl12cl64.so
7f5f1bdef000-7f5f28000000 rw-p 00000000 00:00 0 
7f5f28000000-7f5f28021000 rw-p 00000000 00:00 0 
7f5f28021000-7f5f2c000000 ---p 00000000 00:00 0 
7f5f2c2a7000-7f5f2f980000 r-xp 00000000 08:01 13371945                   /usr/lib/x86_64-linux-gnu/libamdocl64.so
7f5f2f980000-7f5f2fb80000 ---p 036d9000 08:01 13371945                   /usr/lib/x86_64-linux-gnu/libamdocl64.so
7f5f2fb80000-7f5f2ff2c000 rw-p 036d9000 08:01 13371945                   /usr/lib/x86_64-linux-gnu/libamdocl64.so
7f5f2ff2c000-7f5f30000000 rw-p 00000000 00:00 0 
7f5f30000000-7f5f30021000 rw-p 00000000 00:00 0 
7f5f30021000-7f5f34000000 ---p 00000000 00:00 0 
7f5f340f5000-7f5f341f5000 rw-s 968b6000 00:06 5688                       /dev/nvidiactl
7f5f341f5000-7f5f342f5000 rw-s 2ded44000 00:06 5688                      /dev/nvidiactl
7f5f342f5000-7f5f346f5000 rw-s d8eda000 00:06 5688                       /dev/nvidiactl
7f5f346f5000-7f5f346f6000 ---p 00000000 00:00 0 
7f5f346f6000-7f5f34ef6000 rwxp 00000000 00:00 0                          [stack:27858]
7f5f34ef6000-7f5f34ef7000 ---p 00000000 00:00 0 
7f5f34ef7000-7f5f35f0b000 rwxp 00000000 00:00 0                          [stack:27842]
7f5f35f0b000-7f5f36aed000 r-xp 00000000 08:01 14288167                   /usr/lib/x86_64-linux-gnu/nvidia/current/libcuda.so.352.79
7f5f36aed000-7f5f36cec000 ---p 00be2000 08:01 14288167                   /usr/lib/x86_64-linux-gnu/nvidia/current/libcuda.so.352.79
7f5f36cec000-7f5f36eaa000 rw-p 00be1000 08:01 14288167                   /usr/lib/x86_64-linux-gnu/nvidia/current/libcuda.so.352.79
7f5f36eaa000-7f5f36ec0000 rw-p 00000000 00:00 0 
7f5f36ec0000-7f5f37c29000 r-xp 00000000 08:01 14288170                   /usr/lib/x86_64-linux-gnu/nvidia/current/libnvidia-opencl.so.352.79
7f5f37c29000-7f5f37e28000 ---p 00d69000 08:01 14288170                   /usr/lib/x86_64-linux-gnu/nvidia/current/libnvidia-opencl.so.352.79
7f5f37e28000-7f5f37fea000 rw-p 00d68000 08:01 14288170                   /usr/lib/x86_64-linux-gnu/nvidia/current/libnvidia-opencl.so.352.79
7f5f37fea000-7f5f38000000 rw-p 00000000 00:00 0 
7f5f38000000-7f5f38021000 rw-p 00000000 00:00 0 
7f5f38021000-7f5f3c000000 ---p 00000000 00:00 0 
7f5f3c0c5000-7f5f3c1c5000 rw-s 2dede2000 00:06 5688                      /dev/nvidiactl
7f5f3c1c5000-7f5f3c2c5000 rw-s c437c000 00:06 5688                       /dev/nvidiactl
7f5f3c2c5000-7f5f3c3c5000 rw-s 30abe8000 00:06 5688                      /dev/nvidiactl
7f5f3c3c5000-7f5f3c3d6000 r-xp 00000000 08:01 13375860                   /usr/lib/x86_64-linux-gnu/libXext.so.6.4.0
7f5f3c3d6000-7f5f3c5d5000 ---p 00011000 08:01 13375860                   /usr/lib/x86_64-linux-gnu/libXext.so.6.4.0
7f5f3c5d5000-7f5f3c5d6000 r--p 00010000 08:01 13375860                   /usr/lib/x86_64-linux-gnu/libXext.so.6.4.0
7f5f3c5d6000-7f5f3c5d7000 rw-p 00011000 08:01 13375860                   /usr/lib/x86_64-linux-gnu/libXext.so.6.4.0
7f5f3c5d7000-7f5f3c5dc000 r-xp 00000000 08:01 13375835                   /usr/lib/x86_64-linux-gnu/libXdmcp.so.6.0.0
7f5f3c5dc000-7f5f3c7db000 ---p 00005000 08:01 13375835                   /usr/lib/x86_64-linux-gnu/libXdmcp.so.6.0.0
7f5f3c7db000-7f5f3c7dc000 rw-p 00004000 08:01 13375835                   /usr/lib/x86_64-linux-gnu/libXdmcp.so.6.0.0
7f5f3c7dc000-7f5f3c7df000 r-xp 00000000 08:01 13375833                   /usr/lib/x86_64-linux-gnu/libXau.so.6.0.0
7f5f3c7df000-7f5f3c9de000 ---p 00003000 08:01 13375833                   /usr/lib/x86_64-linux-gnu/libXau.so.6.0.0
7f5f3c9de000-7f5f3c9df000 r--p 00002000 08:01 13375833                   /usr/lib/x86_64-linux-gnu/libXau.so.6.0.0
7f5f3c9df000-7f5f3c9e0000 rw-p 00003000 08:01 13375833                   /usr/lib/x86_64-linux-gnu/libXau.so.6.0.0
7f5f3c9e0000-7f5f3ca01000 r-xp 00000000 08:01 13375837                   /usr/lib/x86_64-linux-gnu/libxcb.so.1.1.0
7f5f3ca01000-7f5f3cc00000 ---p 00021000 08:01 13375837                   /usr/lib/x86_64-linux-gnu/libxcb.so.1.1.0
7f5f3cc00000-7f5f3cc01000 r--p 00020000 08:01 13375837                   /usr/lib/x86_64-linux-gnu/libxcb.so.1.1.0
7f5f3cc01000-7f5f3cc02000 rw-p 00021000 08:01 13375837                   /usr/lib/x86_64-linux-gnu/libxcb.so.1.1.0
7f5f3cc02000-7f5f3cd3e000 r-xp 00000000 08:01 13375841                   /usr/lib/x86_64-linux-gnu/libX11.so.6.3.0
7f5f3cd3e000-7f5f3cf3d000 ---p 0013c000 08:01 13375841                   /usr/lib/x86_64-linux-gnu/libX11.so.6.3.0
7f5f3cf3d000-7f5f3cf3f000 r--p 0013b000 08:01 13375841                   /usr/lib/x86_64-linux-gnu/libX11.so.6.3.0
7f5f3cf3f000-7f5f3cf44000 rw-p 0013d000 08:01 13375841                   /usr/lib/x86_64-linux-gnu/libX11.so.6.3.0
7f5f3cf44000-7f5f3cf45000 rw-p 00000000 00:00 0 
7f5f3cfc8000-7f5f3d014000 rw-s 2d5b92000 00:06 5688                      /dev/nvidiactl
7f5f3d014000-7f5f3d114000 rw-s 2d532d000 00:06 5688                      /dev/nvidiactl
7f5f3d114000-7f5f3d11f000 r-xp 00000000 08:01 23331875                   /tmp/jogamp_0000/file_cache/jln714249899154262628/jln6273307540038028328/libjocl.so
7f5f3d11f000-7f5f3d31e000 ---p 0000b000 08:01 23331875                   /tmp/jogamp_0000/file_cache/jln714249899154262628/jln6273307540038028328/libjocl.so
7f5f3d31e000-7f5f3d31f000 rw-p 0000a000 08:01 23331875                   /tmp/jogamp_0000/file_cache/jln714249899154262628/jln6273307540038028328/libjocl.so
7f5f3d31f000-7f5f3d324000 r-xp 00000000 08:01 13370374                   /usr/lib/x86_64-linux-gnu/libOpenCL.so.1.0.0
7f5f3d324000-7f5f3d524000 ---p 00005000 08:01 13370374                   /usr/lib/x86_64-linux-gnu/libOpenCL.so.1.0.0
7f5f3d524000-7f5f3d525000 rw-p 00005000 08:01 13370374                   /usr/lib/x86_64-linux-gnu/libOpenCL.so.1.0.0
7f5f3d525000-7f5f3d527000 r-xp 00000000 08:01 23331872                   /tmp/jogamp_0000/file_cache/jln714249899154262628/jln6273307540038028328/libgluegen-rt.so
7f5f3d527000-7f5f3d726000 ---p 00002000 08:01 23331872                   /tmp/jogamp_0000/file_cache/jln714249899154262628/jln6273307540038028328/libgluegen-rt.so
7f5f3d726000-7f5f3d727000 rw-p 00001000 08:01 23331872                   /tmp/jogamp_0000/file_cache/jln714249899154262628/jln6273307540038028328/libgluegen-rt.so
7f5f3d727000-7f5f3d728000 ---p 00000000 00:00 0 
7f5f3d728000-7f5f3d72a000 rwxp 00000000 00:00 0 
7f5f3d72a000-7f5f3d828000 rwxp 00000000 00:00 0                          [stack:27841]
7f5f3d828000-7f5f3d839000 r-xp 00000000 08:01 14701892                   /usr/lib/jvm/java-7-openjdk-amd64/jre/lib/amd64/libnio.so
7f5f3d839000-7f5f3da38000 ---p 00011000 08:01 14701892                   /usr/lib/jvm/java-7-openjdk-amd64/jre/lib/amd64/libnio.so
7f5f3da38000-7f5f3da39000 r--p 00010000 08:01 14701892                   /usr/lib/jvm/java-7-openjdk-amd64/jre/lib/amd64/libnio.so
7f5f3da39000-7f5f3da3a000 rw-p 00011000 08:01 14701892                   /usr/lib/jvm/java-7-openjdk-amd64/jre/lib/amd64/libnio.so
7f5f3da3a000-7f5f3daa6000 r-xp 00000000 08:01 7340179                    /lib/x86_64-linux-gnu/libpcre.so.3.13.1
7f5f3daa6000-7f5f3dca6000 ---p 0006c000 08:01 7340179                    /lib/x86_64-linux-gnu/libpcre.so.3.13.1
7f5f3dca6000-7f5f3dca7000 r--p 0006c000 08:01 7340179                    /lib/x86_64-linux-gnu/libpcre.so.3.13.1
7f5f3dca7000-7f5f3dca8000 rw-p 0006d000 08:01 7340179                    /lib/x86_64-linux-gnu/libpcre.so.3.13.1
7f5f3dca8000-7f5f3dcaf000 r-xp 00000000 08:01 13374038                   /usr/lib/x86_64-linux-gnu/libffi.so.6.0.2
7f5f3dcaf000-7f5f3deae000 ---p 00007000 08:01 13374038                   /usr/lib/x86_64-linux-gnu/libffi.so.6.0.2
7f5f3deae000-7f5f3deaf000 r--p 00006000 08:01 13374038                   /usr/lib/x86_64-linux-gnu/libffi.so.6.0.2
7f5f3deaf000-7f5f3deb0000 rw-p 00007000 08:01 13374038                   /usr/lib/x86_64-linux-gnu/libffi.so.6.0.2
7f5f3deb0000-7f5f3dec4000 r-xp 00000000 08:01 7340313                    /lib/x86_64-linux-gnu/libresolv-2.19.so
7f5f3dec4000-7f5f3e0c3000 ---p 00014000 08:01 7340313                    /lib/x86_64-linux-gnu/libresolv-2.19.so
7f5f3e0c3000-7f5f3e0c4000 r--p 00013000 08:01 7340313                    /lib/x86_64-linux-gnu/libresolv-2.19.so
7f5f3e0c4000-7f5f3e0c5000 rw-p 00014000 08:01 7340313                    /lib/x86_64-linux-gnu/libresolv-2.19.so
7f5f3e0c5000-7f5f3e0c7000 rw-p 00000000 00:00 0 
7f5f3e0c7000-7f5f3e0e8000 r-xp 00000000 08:01 7340095                    /lib/x86_64-linux-gnu/libselinux.so.1
7f5f3e0e8000-7f5f3e2e8000 ---p 00021000 08:01 7340095                    /lib/x86_64-linux-gnu/libselinux.so.1
7f5f3e2e8000-7f5f3e2e9000 r--p 00021000 08:01 7340095                    /lib/x86_64-linux-gnu/libselinux.so.1
7f5f3e2e9000-7f5f3e2ea000 rw-p 00022000 08:01 7340095                    /lib/x86_64-linux-gnu/libselinux.so.1
7f5f3e2ea000-7f5f3e2ec000 rw-p 00000000 00:00 0 
7f5f3e2ec000-7f5f3e2ef000 r-xp 00000000 08:01 13395180                   /usr/lib/x86_64-linux-gnu/libgmodule-2.0.so.0.4200.1
7f5f3e2ef000-7f5f3e4ee000 ---p 00003000 08:01 13395180                   /usr/lib/x86_64-linux-gnu/libgmodule-2.0.so.0.4200.1
7f5f3e4ee000-7f5f3e4ef000 r--p 00002000 08:01 13395180                   /usr/lib/x86_64-linux-gnu/libgmodule-2.0.so.0.4200.1
7f5f3e4ef000-7f5f3e4f0000 rw-p 00003000 08:01 13395180                   /usr/lib/x86_64-linux-gnu/libgmodule-2.0.so.0.4200.1
7f5f3e4f0000-7f5f3e5fc000 r-xp 00000000 08:01 7340130                    /lib/x86_64-linux-gnu/libglib-2.0.so.0.4200.1
7f5f3e5fc000-7f5f3e7fc000 ---p 0010c000 08:01 7340130                    /lib/x86_64-linux-gnu/libglib-2.0.so.0.4200.1
7f5f3e7fc000-7f5f3e7fd000 r--p 0010c000 08:01 7340130                    /lib/x86_64-linux-gnu/libglib-2.0.so.0.4200.1
7f5f3e7fd000-7f5f3e7fe000 rw-p 0010d000 08:01 7340130                    /lib/x86_64-linux-gnu/libglib-2.0.so.0.4200.1
7f5f3e7fe000-7f5f3e7ff000 rw-p 00000000 00:00 0 
7f5f3e7ff000-7f5f3e850000 r-xp 00000000 08:01 13395179                   /usr/lib/x86_64-linux-gnu/libgobject-2.0.so.0.4200.1
7f5f3e850000-7f5f3ea50000 ---p 00051000 08:01 13395179                   /usr/lib/x86_64-linux-gnu/libgobject-2.0.so.0.4200.1
7f5f3ea50000-7f5f3ea51000 r--p 00051000 08:01 13395179                   /usr/lib/x86_64-linux-gnu/libgobject-2.0.so.0.4200.1
7f5f3ea51000-7f5f3ea52000 rw-p 00052000 08:01 13395179                   /usr/lib/x86_64-linux-gnu/libgobject-2.0.so.0.4200.1
7f5f3ea52000-7f5f3ebc4000 r-xp 00000000 08:01 13395182                   /usr/lib/x86_64-linux-gnu/libgio-2.0.so.0.4200.1
7f5f3ebc4000-7f5f3edc4000 ---p 00172000 08:01 13395182                   /usr/lib/x86_64-linux-gnu/libgio-2.0.so.0.4200.1
7f5f3edc4000-7f5f3edc8000 r--p 00172000 08:01 13395182                   /usr/lib/x86_64-linux-gnu/libgio-2.0.so.0.4200.1
7f5f3edc8000-7f5f3edca000 rw-p 00176000 08:01 13395182                   /usr/lib/x86_64-linux-gnu/libgio-2.0.so.0.4200.1
7f5f3edca000-7f5f3edcc000 rw-p 00000000 00:00 0 
7f5f3ee00000-7f5f3ee01000 rw-s efeea000 00:06 5689                       /dev/nvidia0
7f5f3ee01000-7f5f3ee02000 rw-s 5bcd62000 00:06 5688                      /dev/nvidiactl
7f5f3ee02000-7f5f3ee06000 rw-s e8200000 00:06 5689                       /dev/nvidia0
7f5f3ee06000-7f5f3ee07000 rw-s efee9000 00:06 5689                       /dev/nvidia0
7f5f3ee07000-7f5f3ee08000 rw-s 25e385000 00:06 5688                      /dev/nvidiactl
7f5f3ee08000-7f5f3ee0c000 rw-s e81e0000 00:06 5689                       /dev/nvidia0
7f5f3ee0c000-7f5f3ee11000 rwxp 00000000 00:00 0 
7f5f3ee11000-7f5f3ee29000 r-xp 00000000 08:01 14701885                   /usr/lib/jvm/java-7-openjdk-amd64/jre/lib/amd64/libnet.so
7f5f3ee29000-7f5f3f028000 ---p 00018000 08:01 14701885                   /usr/lib/jvm/java-7-openjdk-amd64/jre/lib/amd64/libnet.so
7f5f3f028000-7f5f3f029000 r--p 00017000 08:01 14701885                   /usr/lib/jvm/java-7-openjdk-amd64/jre/lib/amd64/libnet.so
7f5f3f029000-7f5f3f02a000 rw-p 00018000 08:01 14701885                   /usr/lib/jvm/java-7-openjdk-amd64/jre/lib/amd64/libnet.so
7f5f3f02a000-7f5f3f063000 rwxp 00000000 00:00 0                          [stack:27837]
7f5f3f063000-7f5f3f064000 r--p 00000000 00:00 0 
7f5f3f064000-7f5f3f068000 r--s 0004f000 08:01 14701912                   /usr/lib/jvm/java-7-openjdk-amd64/jre/lib/jsse.jar
7f5f3f068000-7f5f3f072000 r--s 000ae000 08:01 14701906                   /usr/lib/jvm/java-7-openjdk-amd64/jre/lib/resources.jar
7f5f3f072000-7f5f3f074000 r--s 0000f000 00:2a 66079622                   /home/cip/medtech2015/gu74xyga/Reconstruction/CONRAD/lib/fastica-1.11.jar
7f5f3f074000-7f5f3f077000 r--s 00067000 00:2a 66079668                   /home/cip/medtech2015/gu74xyga/Reconstruction/CONRAD/lib/jpop.0.7.5.jar
7f5f3f077000-7f5f3f0c3000 r--s 006b7000 00:2a 66079678                   /home/cip/medtech2015/gu74xyga/Reconstruction/CONRAD/lib/wekaBRF_1.jar
7f5f3f0c3000-7f5f3f0c8000 r--s 00039000 00:2a 66079640                   /home/cip/medtech2015/gu74xyga/Reconstruction/CONRAD/lib/jmathplot.jar
7f5f3f0c8000-7f5f3f0eb000 rw-p 00000000 00:00 0 
7f5f3f0eb000-7f5f3f1b5000 r--s 01354000 00:2a 66079674                   /home/cip/medtech2015/gu74xyga/Reconstruction/CONRAD/lib/trainablesegmentation.jar
7f5f3f1b5000-7f5f3f1ee000 r--s 00631000 00:2a 66079676                   /home/cip/medtech2015/gu74xyga/Reconstruction/CONRAD/lib/weka-src.jar
7f5f3f1ee000-7f5f3f239000 r--s 006ae000 00:2a 66079677                   /home/cip/medtech2015/gu74xyga/Reconstruction/CONRAD/lib/weka.jar
7f5f3f239000-7f5f3f23d000 r--s 000a5000 00:2a 67253725                   /home/cip/medtech2015/gu74xyga/Reconstruction/CONRAD/plugins/VolumeJ/bij.jar
7f5f3f23d000-7f5f3f23e000 r--s 00007000 00:2a 66735051                   /home/cip/medtech2015/gu74xyga/Reconstruction/CONRAD/plugins/Input-Output/QuickTime_Plugins.jar
7f5f3f23e000-7f5f3f2b7000 r--s 006ef000 00:2a 66735137                   /home/cip/medtech2015/gu74xyga/Reconstruction/CONRAD/plugins/Input-Output/ome_tools.jar
7f5f3f2b7000-7f5f3f2b9000 r--s 00008000 00:2a 66735136                   /home/cip/medtech2015/gu74xyga/Reconstruction/CONRAD/plugins/Input-Output/nifti_io.jar
7f5f3f2b9000-7f5f3f2ba000 r--s 00005000 00:2a 66735050                   /home/cip/medtech2015/gu74xyga/Reconstruction/CONRAD/plugins/Input-Output/LSM_Reader.jar
7f5f3f2ba000-7f5f3f308000 r--s 006da000 00:2a 66735135                   /home/cip/medtech2015/gu74xyga/Reconstruction/CONRAD/plugins/Input-Output/loci_tools.jar
7f5f3f308000-7f5f3f309000 r--s 00002000 00:2a 66735042                   /home/cip/medtech2015/gu74xyga/Reconstruction/CONRAD/plugins/Input-Output/Deltavision_Opener.jar
7f5f3f309000-7f5f3f30a000 r--s 00009000 00:2a 66735038                   /home/cip/medtech2015/gu74xyga/Reconstruction/CONRAD/plugins/Input-Output/Animated_Gif.jar
7f5f3f30a000-7f5f3f30b000 r--s 00005000 00:2a 66333527                   /home/cip/medtech2015/gu74xyga/Reconstruction/CONRAD/plugins/Analyze/Color_Histogram.jar
7f5f3f30b000-7f5f3f30c000 r--s 00008000 00:2a 66333526                   /home/cip/medtech2015/gu74xyga/Reconstruction/CONRAD/plugins/Analyze/Cell_Counter.jar
7f5f3f30c000-7f5f3f30d000 r--s 00013000 00:2a 66204975                   /home/cip/medtech2015/gu74xyga/Reconstruction/CONRAD/plugins/3D/Volume_Viewer.jar
7f5f3f30d000-7f5f3f30e000 r--s 00020000 00:2a 66204008                   /home/cip/medtech2015/gu74xyga/Reconstruction/CONRAD/plugins/3D/Interactive_3D_Surface_Plot.jar
7f5f3f30e000-7f5f3f317000 r--s 000e7000 00:2a 66079679                   /home/cip/medtech2015/gu74xyga/Reconstruction/CONRAD/lib/yacas.1.2.2.jar
7f5f3f317000-7f5f3f31b000 r--s 00028000 00:2a 66079673                   /home/cip/medtech2015/gu74xyga/Reconstruction/CONRAD/lib/qdox-1.12.1.jar
7f5f3f31b000-7f5f3f31c000 r--s 00006000 00:2a 66079672                   /home/cip/medtech2015/gu74xyga/Reconstruction/CONRAD/lib/latexlet.jar
7f5f3f31c000-7f5f3f31e000 r--s 0000f000 00:2a 66079671                   /home/cip/medtech2015/gu74xyga/Reconstruction/CONRAD/lib/jzlib-1.0.7.jar
7f5f3f31e000-7f5f3f324000 r--s 00034000 00:2a 66079670                   /home/cip/medtech2015/gu74xyga/Reconstruction/CONRAD/lib/junit-4.8.2.jar
7f5f3f324000-7f5f3f32f000 r--s 00068000 00:2a 66079669                   /home/cip/medtech2015/gu74xyga/Reconstruction/CONRAD/lib/jtransforms-2.3.jar
7f5f3f32f000-7f5f3f352000 r--s 002ec000 00:2a 66079666                   /home/cip/medtech2015/gu74xyga/Reconstruction/CONRAD/lib/jogl-all.jar
7f5f3f352000-7f5f3f353000 r--s 0002d000 00:2a 66079665                   /home/cip/medtech2015/gu74xyga/Reconstruction/CONRAD/lib/jogl-all-natives-windows-i586.jar
7f5f3f353000-7f5f3f355000 r--s 00034000 00:2a 66079664                   /home/cip/medtech2015/gu74xyga/Reconstruction/CONRAD/lib/jogl-all-natives-windows-amd64.jar
7f5f3f355000-7f5f3f356000 r--s 00021000 00:2a 66079663                   /home/cip/medtech2015/gu74xyga/Reconstruction/CONRAD/lib/jogl-all-natives-solaris-i586.jar
7f5f3f356000-7f5f3f357000 r--s 0002e000 00:2a 66079662                   /home/cip/medtech2015/gu74xyga/Reconstruction/CONRAD/lib/jogl-all-natives-solaris-amd64.jar
7f5f3f357000-7f5f3f358000 r--s 00064000 00:2a 66079661                   /home/cip/medtech2015/gu74xyga/Reconstruction/CONRAD/lib/jogl-all-natives-macosx-universal.jar
7f5f3f358000-7f5f3f359000 r--s 0002d000 00:2a 66079660                   /home/cip/medtech2015/gu74xyga/Reconstruction/CONRAD/lib/jogl-all-natives-linux-i586.jar
7f5f3f359000-7f5f3f35a000 r--s 0002f000 00:2a 66079659                   /home/cip/medtech2015/gu74xyga/Reconstruction/CONRAD/lib/jogl-all-natives-linux-amd64.jar
7f5f3f35a000-7f5f3f35f000 r--s 00031000 00:2a 66079658                   /home/cip/medtech2015/gu74xyga/Reconstruction/CONRAD/lib/jocl.jar
7f5f3f35f000-7f5f3f360000 r--s 00003000 00:2a 66079657                   /home/cip/medtech2015/gu74xyga/Reconstruction/CONRAD/lib/jocl-natives-windows-i586.jar
7f5f3f360000-7f5f3f361000 r--s 00003000 00:2a 66079656                   /home/cip/medtech2015/gu74xyga/Reconstruction/CONRAD/lib/jocl-natives-windows-amd64.jar
7f5f3f361000-7f5f3f363000 r--s 00001000 00:2a 66079655                   /home/cip/medtech2015/gu74xyga/Reconstruction/CONRAD/lib/jocl-natives-solaris-i586.jar
7f5f3f363000-7f5f3f364000 r--s 00002000 00:2a 66079654                   /home/cip/medtech2015/gu74xyga/Reconstruction/CONRAD/lib/jocl-natives-solaris-amd64.jar
7f5f3f364000-7f5f3f365000 r--s 00006000 00:2a 66079653                   /home/cip/medtech2015/gu74xyga/Reconstruction/CONRAD/lib/jocl-natives-macosx-universal.jar
7f5f3f365000-7f5f3f366000 r--s 00002000 00:2a 66079652                   /home/cip/medtech2015/gu74xyga/Reconstruction/CONRAD/lib/jocl-natives-linux-i586.jar
7f5f3f366000-7f5f3f367000 r--s 00002000 00:2a 66079651                   /home/cip/medtech2015/gu74xyga/Reconstruction/CONRAD/lib/jocl-natives-linux-amd64.jar
7f5f3f367000-7f5f3f369000 r--s 0000f000 00:2a 66079649                   /home/cip/medtech2015/gu74xyga/Reconstruction/CONRAD/lib/joal.jar
7f5f3f369000-7f5f3f36a000 r--s 0002b000 00:2a 66079648                   /home/cip/medtech2015/gu74xyga/Reconstruction/CONRAD/lib/joal-natives-windows-i586.jar
7f5f3f36a000-7f5f3f36b000 r--s 0002d000 00:2a 66079647                   /home/cip/medtech2015/gu74xyga/Reconstruction/CONRAD/lib/joal-natives-windows-amd64.jar
7f5f3f36b000-7f5f3f36c000 r--s 00001000 00:2a 66079646                   /home/cip/medtech2015/gu74xyga/Reconstruction/CONRAD/lib/joal-natives-solaris-i586.jar
7f5f3f36c000-7f5f3f36d000 r--s 00002000 00:2a 66079645                   /home/cip/medtech2015/gu74xyga/Reconstruction/CONRAD/lib/joal-natives-solaris-amd64.jar
7f5f3f36d000-7f5f3f36e000 r--s 0006f000 00:2a 66079644                   /home/cip/medtech2015/gu74xyga/Reconstruction/CONRAD/lib/joal-natives-macosx-universal.jar
7f5f3f36e000-7f5f3f36f000 r--s 00030000 00:2a 66079643                   /home/cip/medtech2015/gu74xyga/Reconstruction/CONRAD/lib/joal-natives-linux-i586.jar
7f5f3f36f000-7f5f3f370000 r--s 0002e000 00:2a 66079642                   /home/cip/medtech2015/gu74xyga/Reconstruction/CONRAD/lib/joal-natives-linux-amd64.jar
7f5f3f370000-7f5f3f371000 r--s 00029000 00:2a 66079638                   /home/cip/medtech2015/gu74xyga/Reconstruction/CONRAD/lib/jcufft-0.3.0a.jar
7f5f3f371000-7f5f3f373000 r--s 00011000 00:2a 66079637                   /home/cip/medtech2015/gu74xyga/Reconstruction/CONRAD/lib/jcudpp-0.3.0a.jar
7f5f3f373000-7f5f3f37a000 r--s 0007c000 00:2a 66079636                   /home/cip/medtech2015/gu74xyga/Reconstruction/CONRAD/lib/jcuda-0.3.0a.jar
7f5f3f37a000-7f5f3f37c000 r--s 0001f000 00:2a 66079635                   /home/cip/medtech2015/gu74xyga/Reconstruction/CONRAD/lib/jcublas-0.3.0a.jar
7f5f3f37c000-7f5f3f386000 r--s 001da000 00:2a 66079633                   /home/cip/medtech2015/gu74xyga/Reconstruction/CONRAD/lib/ij.jar
7f5f3f386000-7f5f3f387000 ---p 00000000 00:00 0 
7f5f3f387000-7f5f3f588000 rwxp 00000000 00:00 0                          [stack:27833]
7f5f3f588000-7f5f3f589000 ---p 00000000 00:00 0 
7f5f3f589000-7f5f3f689000 rwxp 00000000 00:00 0                          [stack:27832]
7f5f3f689000-7f5f3f68a000 ---p 00000000 00:00 0 
7f5f3f68a000-7f5f3f88b000 rwxp 00000000 00:00 0                          [stack:27830]
7f5f3f88b000-7f5f3f8ca000 r--p 00000000 08:01 22151262                   /usr/lib/locale/zu_ZA.utf8/LC_CTYPE
7f5f3f8ca000-7f5f3f9fa000 r--p 00000000 08:01 22151261                   /usr/lib/locale/zu_ZA.utf8/LC_COLLATE
7f5f3f9fa000-7f5f3fbfc000 rwxp 00000000 00:00 0                          [stack:27828]
7f5f3fbfc000-7f5f3fbfd000 ---p 00000000 00:00 0 
7f5f3fbfd000-7f5f3fcfd000 rwxp 00000000 00:00 0                          [stack:27827]
7f5f3fcfd000-7f5f40000000 rw-p 00000000 00:00 0 
7f5f40000000-7f5f40021000 rw-p 00000000 00:00 0 
7f5f40021000-7f5f44000000 ---p 00000000 00:00 0 
7f5f44000000-7f5f44021000 rw-p 00000000 00:00 0 
7f5f44021000-7f5f48000000 ---p 00000000 00:00 0 
7f5f48000000-7f5f48021000 rw-p 00000000 00:00 0 
7f5f48021000-7f5f4c000000 ---p 00000000 00:00 0 
7f5f4c000000-7f5f4c021000 rw-p 00000000 00:00 0 
7f5f4c021000-7f5f50000000 ---p 00000000 00:00 0 
7f5f50000000-7f5f50021000 rw-p 00000000 00:00 0 
7f5f50021000-7f5f54000000 ---p 00000000 00:00 0 
7f5f54000000-7f5f54021000 rw-p 00000000 00:00 0 
7f5f54021000-7f5f58000000 ---p 00000000 00:00 0 
7f5f58000000-7f5f58002000 r--s 00007000 00:2a 66079620                   /home/cip/medtech2015/gu74xyga/Reconstruction/CONRAD/lib/Jama-1.0.2.jar
7f5f58002000-7f5f58004000 r--s 0000f000 00:2a 66079619                   /home/cip/medtech2015/gu74xyga/Reconstruction/CONRAD/lib/ImageJ_SURF_2009-12-01_08.19.jar
7f5f58004000-7f5f58005000 r--s 00002000 00:2a 66079632                   /home/cip/medtech2015/gu74xyga/Reconstruction/CONRAD/lib/hough-0.1.jar
7f5f58005000-7f5f5800b000 r--s 00041000 00:2a 66079631                   /home/cip/medtech2015/gu74xyga/Reconstruction/CONRAD/lib/gluegen-rt.jar
7f5f5800b000-7f5f5800c000 r--s 00001000 00:2a 66079630                   /home/cip/medtech2015/gu74xyga/Reconstruction/CONRAD/lib/gluegen-rt-natives-windows-i586.jar
7f5f5800c000-7f5f5800d000 r--s 00001000 00:2a 66079629                   /home/cip/medtech2015/gu74xyga/Reconstruction/CONRAD/lib/gluegen-rt-natives-windows-amd64.jar
7f5f5800d000-7f5f5800e000 r--s 00000000 00:2a 66079628                   /home/cip/medtech2015/gu74xyga/Reconstruction/CONRAD/lib/gluegen-rt-natives-solaris-i586.jar
7f5f5800e000-7f5f5800f000 r--s 00001000 00:2a 66079627                   /home/cip/medtech2015/gu74xyga/Reconstruction/CONRAD/lib/gluegen-rt-natives-solaris-amd64.jar
7f5f5800f000-7f5f58011000 r--s 00000000 00:2a 66079625                   /home/cip/medtech2015/gu74xyga/Reconstruction/CONRAD/lib/gluegen-rt-natives-linux-i586.jar
7f5f58011000-7f5f58013000 r--s 00000000 00:2a 66079624                   /home/cip/medtech2015/gu74xyga/Reconstruction/CONRAD/lib/gluegen-rt-natives-linux-amd64.jar
7f5f58013000-7f5f58018000 r--s 0009a000 00:2a 66079618                   /home/cip/medtech2015/gu74xyga/Reconstruction/CONRAD/lib/BoneJ_.jar
7f5f58018000-7f5f5801c000 r--s 0003c000 08:01 14700461                   /usr/lib/jvm/java-7-openjdk-amd64/jre/lib/ext/sunpkcs11.jar
7f5f5801c000-7f5f5801e000 r--s 00006000 08:01 14159583                   /usr/share/java/java-atk-wrapper.jar
7f5f5801e000-7f5f58022000 r--s 00034000 08:01 14700457                   /usr/lib/jvm/java-7-openjdk-amd64/jre/lib/ext/sunjce_provider.jar
7f5f58022000-7f5f58026000 r--s 00085000 08:01 14700462                   /usr/lib/jvm/java-7-openjdk-amd64/jre/lib/ext/localedata.jar
7f5f58026000-7f5f5a922000 rw-p 00000000 00:00 0 
7f5f5a922000-7f5f5aad4000 r--s 01d32000 08:01 14701907                   /usr/lib/jvm/java-7-openjdk-amd64/jre/lib/rt.jar
7f5f5aad4000-7f5f5b7db000 rw-p 00000000 00:00 0 
7f5f5b7db000-7f5f5b7dc000 ---p 00000000 00:00 0 
7f5f5b7dc000-7f5f5b8dc000 rwxp 00000000 00:00 0                          [stack:27826]
7f5f5b8dc000-7f5f5b8dd000 ---p 00000000 00:00 0 
7f5f5b8dd000-7f5f5b9dd000 rwxp 00000000 00:00 0                          [stack:27825]
7f5f5b9dd000-7f5f5b9de000 ---p 00000000 00:00 0 
7f5f5b9de000-7f5f5bade000 rwxp 00000000 00:00 0                          [stack:27824]
7f5f5bade000-7f5f5badf000 ---p 00000000 00:00 0 
7f5f5badf000-7f5f5bbdf000 rwxp 00000000 00:00 0                          [stack:27823]
7f5f5bbdf000-7f5f5bbe0000 ---p 00000000 00:00 0 
7f5f5bbe0000-7f5f5bce0000 rwxp 00000000 00:00 0                          [stack:27822]
7f5f5bce0000-7f5f5bce1000 ---p 00000000 00:00 0 
7f5f5bce1000-7f5f5bde1000 rwxp 00000000 00:00 0                          [stack:27821]
7f5f5bde1000-7f5f5bde2000 ---p 00000000 00:00 0 
7f5f5bde2000-7f5f5bee2000 rwxp 00000000 00:00 0                          [stack:27820]
7f5f5bee2000-7f5f5bee3000 ---p 00000000 00:00 0 
7f5f5bee3000-7f5f5bfe3000 rwxp 00000000 00:00 0                          [stack:27819]
7f5f5bfe3000-7f5f5bfe4000 ---p 00000000 00:00 0 
7f5f5bfe4000-7f5f5c0e4000 rwxp 00000000 00:00 0                          [stack:27818]
7f5f5c0e4000-7f5f5c0e5000 ---p 00000000 00:00 0 
7f5f5c0e5000-7f5f5c1e5000 rwxp 00000000 00:00 0                          [stack:27817]
7f5f5c1e5000-7f5f5c1e6000 ---p 00000000 00:00 0 
7f5f5c1e6000-7f5f5c2e6000 rwxp 00000000 00:00 0                          [stack:27816]
7f5f5c2e6000-7f5f5c2e7000 ---p 00000000 00:00 0 
7f5f5c2e7000-7f5f5c3e7000 rwxp 00000000 00:00 0                          [stack:27815]
7f5f5c3e7000-7f5f5c3f2000 rw-p 00000000 00:00 0 
7f5f5c3f2000-7f5f5c43a000 rw-p 00000000 00:00 0 
7f5f5c43a000-7f5f5c4b8000 rw-p 00000000 00:00 0 
7f5f5c4b8000-7f5f5cc12000 rw-p 00000000 00:00 0 
7f5f5cc12000-7f5f5cc52000 rw-p 00000000 00:00 0 
7f5f5cc52000-7f5f5cfff000 rw-p 00000000 00:00 0 
7f5f5cfff000-7f5f5d000000 rw-p 00000000 00:00 0 
7f5f5d000000-7f5f5d270000 rwxp 00000000 00:00 0 
7f5f5d270000-7f5f60cc9000 rw-p 00000000 00:00 0 
7f5f60cc9000-7f5f64000000 ---p 00000000 00:00 0 
7f5f64000000-7f5f64042000 rw-p 00000000 00:00 0 
7f5f64042000-7f5f64043000 ---p 00000000 00:00 0 
7f5f64043000-7f5f64143000 rwxp 00000000 00:00 0                          [stack:27814]
7f5f64143000-7f5f641c1000 rw-p 00000000 00:00 0 
7f5f641c1000-7f5f6491c000 rw-p 00000000 00:00 0 
7f5f6491c000-7f5f64926000 rw-p 00000000 00:00 0 
7f5f64926000-7f5f649dc000 rw-p 00000000 00:00 0 
7f5f649dc000-7f5f649e4000 r-xp 00000000 08:01 14701903                   /usr/lib/jvm/java-7-openjdk-amd64/jre/lib/amd64/libzip.so
7f5f649e4000-7f5f64be3000 ---p 00008000 08:01 14701903                   /usr/lib/jvm/java-7-openjdk-amd64/jre/lib/amd64/libzip.so
7f5f64be3000-7f5f64be4000 r--p 00007000 08:01 14701903                   /usr/lib/jvm/java-7-openjdk-amd64/jre/lib/amd64/libzip.so
7f5f64be4000-7f5f64be5000 rw-p 00008000 08:01 14701903                   /usr/lib/jvm/java-7-openjdk-amd64/jre/lib/amd64/libzip.so
7f5f64be5000-7f5f64bf1000 r-xp 00000000 08:01 7340622                    /lib/x86_64-linux-gnu/libnss_ldap.so.2
7f5f64bf1000-7f5f64df0000 ---p 0000c000 08:01 7340622                    /lib/x86_64-linux-gnu/libnss_ldap.so.2
7f5f64df0000-7f5f64df1000 r--p 0000b000 08:01 7340622                    /lib/x86_64-linux-gnu/libnss_ldap.so.2
7f5f64df1000-7f5f64df2000 rw-p 0000c000 08:01 7340622                    /lib/x86_64-linux-gnu/libnss_ldap.so.2
7f5f64df2000-7f5f64dfd000 r-xp 00000000 08:01 7340284                    /lib/x86_64-linux-gnu/libnss_files-2.19.so
7f5f64dfd000-7f5f64ffc000 ---p 0000b000 08:01 7340284                    /lib/x86_64-linux-gnu/libnss_files-2.19.so
7f5f64ffc000-7f5f64ffd000 r--p 0000a000 08:01 7340284                    /lib/x86_64-linux-gnu/libnss_files-2.19.so
7f5f64ffd000-7f5f64ffe000 rw-p 0000b000 08:01 7340284                    /lib/x86_64-linux-gnu/libnss_files-2.19.so
7f5f64ffe000-7f5f6502b000 r-xp 00000000 08:01 14701039                   /usr/lib/jvm/java-7-openjdk-amd64/jre/lib/amd64/libjava.so
7f5f6502b000-7f5f6522a000 ---p 0002d000 08:01 14701039                   /usr/lib/jvm/java-7-openjdk-amd64/jre/lib/amd64/libjava.so
7f5f6522a000-7f5f6522b000 r--p 0002c000 08:01 14701039                   /usr/lib/jvm/java-7-openjdk-amd64/jre/lib/amd64/libjava.so
7f5f6522b000-7f5f6522d000 rw-p 0002d000 08:01 14701039                   /usr/lib/jvm/java-7-openjdk-amd64/jre/lib/amd64/libjava.so
7f5f6522d000-7f5f6523c000 r-xp 00000000 08:01 14701901                   /usr/lib/jvm/java-7-openjdk-amd64/jre/lib/amd64/libverify.so
7f5f6523c000-7f5f6543b000 ---p 0000f000 08:01 14701901                   /usr/lib/jvm/java-7-openjdk-amd64/jre/lib/amd64/libverify.so
7f5f6543b000-7f5f6543e000 r--p 0000e000 08:01 14701901                   /usr/lib/jvm/java-7-openjdk-amd64/jre/lib/amd64/libverify.so
7f5f6543e000-7f5f6543f000 rw-p 00011000 08:01 14701901                   /usr/lib/jvm/java-7-openjdk-amd64/jre/lib/amd64/libverify.so
7f5f6543f000-7f5f65446000 r-xp 00000000 08:01 7340319                    /lib/x86_64-linux-gnu/librt-2.19.so
7f5f65446000-7f5f65645000 ---p 00007000 08:01 7340319                    /lib/x86_64-linux-gnu/librt-2.19.so
7f5f65645000-7f5f65646000 r--p 00006000 08:01 7340319                    /lib/x86_64-linux-gnu/librt-2.19.so
7f5f65646000-7f5f65647000 rw-p 00007000 08:01 7340319                    /lib/x86_64-linux-gnu/librt-2.19.so
7f5f65647000-7f5f6565d000 r-xp 00000000 08:01 7340050                    /lib/x86_64-linux-gnu/libgcc_s.so.1
7f5f6565d000-7f5f6585c000 ---p 00016000 08:01 7340050                    /lib/x86_64-linux-gnu/libgcc_s.so.1
7f5f6585c000-7f5f6585d000 rw-p 00015000 08:01 7340050                    /lib/x86_64-linux-gnu/libgcc_s.so.1
7f5f6585d000-7f5f6595d000 r-xp 00000000 08:01 7340274                    /lib/x86_64-linux-gnu/libm-2.19.so
7f5f6595d000-7f5f65b5c000 ---p 00100000 08:01 7340274                    /lib/x86_64-linux-gnu/libm-2.19.so
7f5f65b5c000-7f5f65b5d000 r--p 000ff000 08:01 7340274                    /lib/x86_64-linux-gnu/libm-2.19.so
7f5f65b5d000-7f5f65b5e000 rw-p 00100000 08:01 7340274                    /lib/x86_64-linux-gnu/libm-2.19.so
7f5f65b5e000-7f5f65c4a000 r-xp 00000000 08:01 13373791                   /usr/lib/x86_64-linux-gnu/libstdc++.so.6.0.20
7f5f65c4a000-7f5f65e4a000 ---p 000ec000 08:01 13373791                   /usr/lib/x86_64-linux-gnu/libstdc++.so.6.0.20
7f5f65e4a000-7f5f65e52000 r--p 000ec000 08:01 13373791                   /usr/lib/x86_64-linux-gnu/libstdc++.so.6.0.20
7f5f65e52000-7f5f65e54000 rw-p 000f4000 08:01 13373791                   /usr/lib/x86_64-linux-gnu/libstdc++.so.6.0.20
7f5f65e54000-7f5f65e69000 rw-p 00000000 00:00 0 
7f5f65e69000-7f5f669c1000 r-xp 00000000 08:01 14701046                   /usr/lib/jvm/java-7-openjdk-amd64/jre/lib/amd64/server/libjvm.so
7f5f669c1000-7f5f66bc1000 ---p 00b58000 08:01 14701046                   /usr/lib/jvm/java-7-openjdk-amd64/jre/lib/amd64/server/libjvm.so
7f5f66bc1000-7f5f66c60000 r--p 00b58000 08:01 14701046                   /usr/lib/jvm/java-7-openjdk-amd64/jre/lib/amd64/server/libjvm.so
7f5f66c60000-7f5f66c83000 rw-p 00bf7000 08:01 14701046                   /usr/lib/jvm/java-7-openjdk-amd64/jre/lib/amd64/server/libjvm.so
7f5f66c83000-7f5f66cb1000 rw-p 00000000 00:00 0 
7f5f66cb1000-7f5f66ccb000 r-xp 00000000 08:01 7340334                    /lib/x86_64-linux-gnu/libz.so.1.2.8
7f5f66ccb000-7f5f66eca000 ---p 0001a000 08:01 7340334                    /lib/x86_64-linux-gnu/libz.so.1.2.8
7f5f66eca000-7f5f66ecb000 r--p 00019000 08:01 7340334                    /lib/x86_64-linux-gnu/libz.so.1.2.8
7f5f66ecb000-7f5f66ecc000 rw-p 0001a000 08:01 7340334                    /lib/x86_64-linux-gnu/libz.so.1.2.8
7f5f66ecc000-7f5f6706e000 r-xp 00000000 08:01 7340207                    /lib/x86_64-linux-gnu/libc-2.19.so
7f5f6706e000-7f5f6726d000 ---p 001a2000 08:01 7340207                    /lib/x86_64-linux-gnu/libc-2.19.so
7f5f6726d000-7f5f67271000 r--p 001a1000 08:01 7340207                    /lib/x86_64-linux-gnu/libc-2.19.so
7f5f67271000-7f5f67273000 rw-p 001a5000 08:01 7340207                    /lib/x86_64-linux-gnu/libc-2.19.so
7f5f67273000-7f5f67277000 rw-p 00000000 00:00 0 
7f5f67277000-7f5f6727a000 r-xp 00000000 08:01 7340272                    /lib/x86_64-linux-gnu/libdl-2.19.so
7f5f6727a000-7f5f67479000 ---p 00003000 08:01 7340272                    /lib/x86_64-linux-gnu/libdl-2.19.so
7f5f67479000-7f5f6747a000 r--p 00002000 08:01 7340272                    /lib/x86_64-linux-gnu/libdl-2.19.so
7f5f6747a000-7f5f6747b000 rw-p 00003000 08:01 7340272                    /lib/x86_64-linux-gnu/libdl-2.19.so
7f5f6747b000-7f5f67488000 r-xp 00000000 08:01 14700528                   /usr/lib/jvm/java-7-openjdk-amd64/jre/lib/amd64/jli/libjli.so
7f5f67488000-7f5f67687000 ---p 0000d000 08:01 14700528                   /usr/lib/jvm/java-7-openjdk-amd64/jre/lib/amd64/jli/libjli.so
7f5f67687000-7f5f67688000 r--p 0000c000 08:01 14700528                   /usr/lib/jvm/java-7-openjdk-amd64/jre/lib/amd64/jli/libjli.so
7f5f67688000-7f5f67689000 rw-p 0000d000 08:01 14700528                   /usr/lib/jvm/java-7-openjdk-amd64/jre/lib/amd64/jli/libjli.so
7f5f67689000-7f5f676a1000 r-xp 00000000 08:01 7340144                    /lib/x86_64-linux-gnu/libpthread-2.19.so
7f5f676a1000-7f5f678a0000 ---p 00018000 08:01 7340144                    /lib/x86_64-linux-gnu/libpthread-2.19.so
7f5f678a0000-7f5f678a1000 r--p 00017000 08:01 7340144                    /lib/x86_64-linux-gnu/libpthread-2.19.so
7f5f678a1000-7f5f678a2000 rw-p 00018000 08:01 7340144                    /lib/x86_64-linux-gnu/libpthread-2.19.so
7f5f678a2000-7f5f678a6000 rw-p 00000000 00:00 0 
7f5f678a6000-7f5f678c6000 r-xp 00000000 08:01 7340148                    /lib/x86_64-linux-gnu/ld-2.19.so
7f5f678c6000-7f5f678c7000 r--s 00001000 00:2a 66079626                   /home/cip/medtech2015/gu74xyga/Reconstruction/CONRAD/lib/gluegen-rt-natives-macosx-universal.jar
7f5f678c7000-7f5f678ca000 r--s 0000f000 08:01 14700458                   /usr/lib/jvm/java-7-openjdk-amd64/jre/lib/ext/icedtea-sound.jar
7f5f678ca000-7f5f678cb000 r--s 00002000 08:01 14700459                   /usr/lib/jvm/java-7-openjdk-amd64/jre/lib/ext/dnsns.jar
7f5f678cb000-7f5f67931000 rw-p 00000000 00:00 0 
7f5f67931000-7f5f67979000 rw-p 00000000 00:00 0 
7f5f67979000-7f5f6797a000 ---p 00000000 00:00 0 
7f5f6797a000-7f5f67a7a000 rwxp 00000000 00:00 0                          [stack:27813]
7f5f67a7a000-7f5f67a7f000 rw-p 00000000 00:00 0 
7f5f67a7f000-7f5f67a81000 r--s 00012000 08:01 14700460                   /usr/lib/jvm/java-7-openjdk-amd64/jre/lib/ext/zipfs.jar
7f5f67a81000-7f5f67a82000 r--p 00000000 08:01 22151263                   /usr/lib/locale/zu_ZA.utf8/LC_NUMERIC
7f5f67a82000-7f5f67a83000 r--p 00000000 08:01 22153591                   /usr/lib/locale/en_US.utf8/LC_TIME
7f5f67a83000-7f5f67a84000 r--p 00000000 08:01 22153590                   /usr/lib/locale/en_US.utf8/LC_MONETARY
7f5f67a84000-7f5f67a85000 r--p 00000000 08:01 22151616                   /usr/lib/locale/ug_CN/LC_MESSAGES/SYS_LC_MESSAGES
7f5f67a85000-7f5f67a86000 r--p 00000000 08:01 22151260                   /usr/lib/locale/zu_ZA.utf8/LC_PAPER
7f5f67a86000-7f5f67a87000 r--p 00000000 08:01 22151420                   /usr/lib/locale/yi_US.utf8/LC_NAME
7f5f67a87000-7f5f67a88000 r--p 00000000 08:01 22153589                   /usr/lib/locale/en_US.utf8/LC_ADDRESS
7f5f67a88000-7f5f67a89000 r--p 00000000 08:01 22151415                   /usr/lib/locale/yi_US.utf8/LC_TELEPHONE
7f5f67a89000-7f5f67a8a000 r--p 00000000 08:01 22151414                   /usr/lib/locale/yi_US.utf8/LC_MEASUREMENT
7f5f67a8a000-7f5f67a91000 r--s 00000000 08:01 13459380                   /usr/lib/x86_64-linux-gnu/gconv/gconv-modules.cache
7f5f67a91000-7f5f67a92000 r--p 00000000 08:01 22153588                   /usr/lib/locale/en_US.utf8/LC_IDENTIFICATION
7f5f67a92000-7f5f67aba000 rw-p 00000000 00:00 0 
7f5f67aba000-7f5f67ac2000 rw-s 00000000 08:01 23331876                   /tmp/hsperfdata_gu74xyga/27808
7f5f67ac2000-7f5f67ac3000 rw-p 00000000 00:00 0 
7f5f67ac3000-7f5f67ac4000 r--p 00000000 00:00 0 
7f5f67ac4000-7f5f67ac6000 rw-p 00000000 00:00 0 
7f5f67ac6000-7f5f67ac7000 r--p 00020000 08:01 7340148                    /lib/x86_64-linux-gnu/ld-2.19.so
7f5f67ac7000-7f5f67ac8000 rw-p 00021000 08:01 7340148                    /lib/x86_64-linux-gnu/ld-2.19.so
7f5f67ac8000-7f5f67ac9000 rw-p 00000000 00:00 0 
7ffc1078b000-7ffc107ac000 rwxp 00000000 00:00 0                          [stack]
7ffc107ac000-7ffc107ad000 rw-p 00000000 00:00 0 
7ffc107e3000-7ffc107e5000 r--p 00000000 00:00 0                          [vvar]
7ffc107e5000-7ffc107e7000 r-xp 00000000 00:00 0                          [vdso]

VM Arguments:
jvm_args: -Dfile.encoding=UTF-8 
java_command: edu.stanford.rsl.tutorial.gu74xyga.OpenCLBP
Launcher Type: SUN_STANDARD

Environment Variables:
PATH=/usr/local/bin:/usr/bin:/bin:/usr/local/games:/usr/games
SHELL=/usr/bin/cip-login
DISPLAY=:0.0

Signal Handlers:
SIGSEGV: [libjvm.so+0x989ea0], sa_mask[0]=0x7ffbfeff, sa_flags=0x10000004
SIGBUS: [libjvm.so+0x989ea0], sa_mask[0]=0x7ffbfeff, sa_flags=0x10000004
SIGFPE: [libamdocl12cl64.so+0x84c000], sa_mask[0]=0x7ffbfeff, sa_flags=0x10000004
SIGPIPE: [libjvm.so+0x7f6820], sa_mask[0]=0x7ffbfeff, sa_flags=0x10000004
SIGXFSZ: [libjvm.so+0x7f6820], sa_mask[0]=0x7ffbfeff, sa_flags=0x10000004
SIGILL: [libjvm.so+0x7f6820], sa_mask[0]=0x7ffbfeff, sa_flags=0x10000004
SIGUSR1: SIG_DFL, sa_mask[0]=0x00000000, sa_flags=0x00000000
SIGUSR2: [libjvm.so+0x7f66a0], sa_mask[0]=0x00000004, sa_flags=0x10000004
SIGHUP: [libjvm.so+0x7f68a0], sa_mask[0]=0x7ffbfeff, sa_flags=0x10000004
SIGINT: [libjvm.so+0x7f68a0], sa_mask[0]=0x7ffbfeff, sa_flags=0x10000004
SIGTERM: [libjvm.so+0x7f68a0], sa_mask[0]=0x7ffbfeff, sa_flags=0x10000004
SIGQUIT: [libjvm.so+0x7f68a0], sa_mask[0]=0x7ffbfeff, sa_flags=0x10000004
SIGTRAP: SIG_DFL, sa_mask[0]=0x00000000, sa_flags=0x00000000


---------------  S Y S T E M  ---------------

OS:8.5

uname:Linux 4.4.14-2-cip-amd64 #2 SMP Mon Jul 4 13:01:26 CEST 2016 x86_64
libc:glibc 2.19 NPTL 2.19 
rlimit: STACK 8192k, CORE 0k, NPROC 1000, NOFILE 16384, AS infinity
load average:0.23 0.08 0.07

/proc/meminfo:
MemTotal:       24676820 kB
MemFree:        19056984 kB
MemAvailable:   22547780 kB
Buffers:          595704 kB
Cached:          1569988 kB
SwapCached:            0 kB
Active:          3363596 kB
Inactive:         547148 kB
Active(anon):    1747268 kB
Inactive(anon):    59008 kB
Active(file):    1616328 kB
Inactive(file):   488140 kB
Unevictable:           0 kB
Mlocked:               0 kB
SwapTotal:      31248380 kB
SwapFree:       31248380 kB
Dirty:               496 kB
Writeback:             0 kB
AnonPages:       1745004 kB
Mapped:           468584 kB
Shmem:             61228 kB
Slab:            1506768 kB
SReclaimable:    1460800 kB
SUnreclaim:        45968 kB
KernelStack:        8928 kB
PageTables:        26408 kB
NFS_Unstable:          0 kB
Bounce:                0 kB
WritebackTmp:          0 kB
CommitLimit:    43586788 kB
Committed_AS:    4802224 kB
VmallocTotal:   34359738367 kB
VmallocUsed:           0 kB
VmallocChunk:          0 kB
DirectMap4k:      200384 kB
DirectMap2M:     9228288 kB
DirectMap1G:    15728640 kB


CPU:total 16 (4 cores per cpu, 2 threads per core) family 6 model 44 stepping 2, cmov, cx8, fxsr, mmx, sse, sse2, sse3, ssse3, sse4.1, sse4.2, popcnt, aes, ht, tsc, tscinvbit, tscinv

/proc/cpuinfo:
processor	: 0
vendor_id	: GenuineIntel
cpu family	: 6
model		: 44
model name	: Intel(R) Xeon(R) CPU           E5620  @ 2.40GHz
stepping	: 2
microcode	: 0x15
cpu MHz		: 1862.000
cache size	: 12288 KB
physical id	: 0
siblings	: 8
core id		: 0
cpu cores	: 4
apicid		: 0
initial apicid	: 0
fpu		: yes
fpu_exception	: yes
cpuid level	: 11
wp		: yes
flags		: fpu vme de pse tsc msr pae mce cx8 apic sep mtrr pge mca cmov pat pse36 clflush dts acpi mmx fxsr sse sse2 ss ht tm pbe syscall nx pdpe1gb rdtscp lm constant_tsc arch_perfmon pebs bts rep_good nopl xtopology nonstop_tsc aperfmperf pni pclmulqdq dtes64 monitor ds_cpl vmx smx est tm2 ssse3 cx16 xtpr pdcm pcid dca sse4_1 sse4_2 popcnt aes lahf_lm ida arat dtherm tpr_shadow vnmi flexpriority ept vpid
bugs		:
bogomips	: 4787.59
clflush size	: 64
cache_alignment	: 64
address sizes	: 40 bits physical, 48 bits virtual
power management:

processor	: 1
vendor_id	: GenuineIntel
cpu family	: 6
model		: 44
model name	: Intel(R) Xeon(R) CPU           E5620  @ 2.40GHz
stepping	: 2
microcode	: 0x15
cpu MHz		: 1862.000
cache size	: 12288 KB
physical id	: 0
siblings	: 8
core id		: 1
cpu cores	: 4
apicid		: 2
initial apicid	: 2
fpu		: yes
fpu_exception	: yes
cpuid level	: 11
wp		: yes
flags		: fpu vme de pse tsc msr pae mce cx8 apic sep mtrr pge mca cmov pat pse36 clflush dts acpi mmx fxsr sse sse2 ss ht tm pbe syscall nx pdpe1gb rdtscp lm constant_tsc arch_perfmon pebs bts rep_good nopl xtopology nonstop_tsc aperfmperf pni pclmulqdq dtes64 monitor ds_cpl vmx smx est tm2 ssse3 cx16 xtpr pdcm pcid dca sse4_1 sse4_2 popcnt aes lahf_lm ida arat dtherm tpr_shadow vnmi flexpriority ept vpid
bugs		:
bogomips	: 4787.59
clflush size	: 64
cache_alignment	: 64
address sizes	: 40 bits physical, 48 bits virtual
power management:

processor	: 2
vendor_id	: GenuineIntel
cpu family	: 6
model		: 44
model name	: Intel(R) Xeon(R) CPU           E5620  @ 2.40GHz
stepping	: 2
microcode	: 0x15
cpu MHz		: 1729.000
cache size	: 12288 KB
physical id	: 0
siblings	: 8
core id		: 9
cpu cores	: 4
apicid		: 18
initial apicid	: 18
fpu		: yes
fpu_exception	: yes
cpuid level	: 11
wp		: yes
flags		: fpu vme de pse tsc msr pae mce cx8 apic sep mtrr pge mca cmov pat pse36 clflush dts acpi mmx fxsr sse sse2 ss ht tm pbe syscall nx pdpe1gb rdtscp lm constant_tsc arch_perfmon pebs bts rep_good nopl xtopology nonstop_tsc aperfmperf pni pclmulqdq dtes64 monitor ds_cpl vmx smx est tm2 ssse3 cx16 xtpr pdcm pcid dca sse4_1 sse4_2 popcnt aes lahf_lm ida arat dtherm tpr_shadow vnmi flexpriority ept vpid
bugs		:
bogomips	: 4787.59
clflush size	: 64
cache_alignment	: 64
address sizes	: 40 bits physical, 48 bits virtual
power management:

processor	: 3
vendor_id	: GenuineIntel
cpu family	: 6
model		: 44
model name	: Intel(R) Xeon(R) CPU           E5620  @ 2.40GHz
stepping	: 2
microcode	: 0x15
cpu MHz		: 1729.000
cache size	: 12288 KB
physical id	: 0
siblings	: 8
core id		: 10
cpu cores	: 4
apicid		: 20
initial apicid	: 20
fpu		: yes
fpu_exception	: yes
cpuid level	: 11
wp		: yes
flags		: fpu vme de pse tsc msr pae mce cx8 apic sep mtrr pge mca cmov pat pse36 clflush dts acpi mmx fxsr sse sse2 ss ht tm pbe syscall nx pdpe1gb rdtscp lm constant_tsc arch_perfmon pebs bts rep_good nopl xtopology nonstop_tsc aperfmperf pni pclmulqdq dtes64 monitor ds_cpl vmx smx est tm2 ssse3 cx16 xtpr pdcm pcid dca sse4_1 sse4_2 popcnt aes lahf_lm ida arat dtherm tpr_shadow vnmi flexpriority ept vpid
bugs		:
bogomips	: 4787.59
clflush size	: 64
cache_alignment	: 64
address sizes	: 40 bits physical, 48 bits virtual
power management:

processor	: 4
vendor_id	: GenuineIntel
cpu family	: 6
model		: 44
model name	: Intel(R) Xeon(R) CPU           E5620  @ 2.40GHz
stepping	: 2
microcode	: 0x15
cpu MHz		: 1596.000
cache size	: 12288 KB
physical id	: 1
siblings	: 8
core id		: 0
cpu cores	: 4
apicid		: 32
initial apicid	: 32
fpu		: yes
fpu_exception	: yes
cpuid level	: 11
wp		: yes
flags		: fpu vme de pse tsc msr pae mce cx8 apic sep mtrr pge mca cmov pat pse36 clflush dts acpi mmx fxsr sse sse2 ss ht tm pbe syscall nx pdpe1gb rdtscp lm constant_tsc arch_perfmon pebs bts rep_good nopl xtopology nonstop_tsc aperfmperf pni pclmulqdq dtes64 monitor ds_cpl vmx smx est tm2 ssse3 cx16 xtpr pdcm pcid dca sse4_1 sse4_2 popcnt aes lahf_lm ida arat dtherm tpr_shadow vnmi flexpriority ept vpid
bugs		:
bogomips	: 4787.78
clflush size	: 64
cache_alignment	: 64
address sizes	: 40 bits physical, 48 bits virtual
power management:

processor	: 5
vendor_id	: GenuineIntel
cpu family	: 6
model		: 44
model name	: Intel(R) Xeon(R) CPU           E5620  @ 2.40GHz
stepping	: 2
microcode	: 0x15
cpu MHz		: 2395.000
cache size	: 12288 KB
physical id	: 1
siblings	: 8
core id		: 1
cpu cores	: 4
apicid		: 34
initial apicid	: 34
fpu		: yes
fpu_exception	: yes
cpuid level	: 11
wp		: yes
flags		: fpu vme de pse tsc msr pae mce cx8 apic sep mtrr pge mca cmov pat pse36 clflush dts acpi mmx fxsr sse sse2 ss ht tm pbe syscall nx pdpe1gb rdtscp lm constant_tsc arch_perfmon pebs bts rep_good nopl xtopology nonstop_tsc aperfmperf pni pclmulqdq dtes64 monitor ds_cpl vmx smx est tm2 ssse3 cx16 xtpr pdcm pcid dca sse4_1 sse4_2 popcnt aes lahf_lm ida arat dtherm tpr_shadow vnmi flexpriority ept vpid
bugs		:
bogomips	: 4787.78
clflush size	: 64
cache_alignment	: 64
address sizes	: 40 bits physical, 48 bits virtual
power management:

processor	: 6
vendor_id	: GenuineIntel
cpu family	: 6
model		: 44
model name	: Intel(R) Xeon(R) CPU           E5620  @ 2.40GHz
stepping	: 2
microcode	: 0x15
cpu MHz		: 1729.000
cache size	: 12288 KB
physical id	: 1
siblings	: 8
core id		: 9
cpu cores	: 4
apicid		: 50
initial apicid	: 50
fpu		: yes
fpu_exception	: yes
cpuid level	: 11
wp		: yes
flags		: fpu vme de pse tsc msr pae mce cx8 apic sep mtrr pge mca cmov pat pse36 clflush dts acpi mmx fxsr sse sse2 ss ht tm pbe syscall nx pdpe1gb rdtscp lm constant_tsc arch_perfmon pebs bts rep_good nopl xtopology nonstop_tsc aperfmperf pni pclmulqdq dtes64 monitor ds_cpl vmx smx est tm2 ssse3 cx16 xtpr pdcm pcid dca sse4_1 sse4_2 popcnt aes lahf_lm ida arat dtherm tpr_shadow vnmi flexpriority ept vpid
bugs		:
bogomips	: 4787.78
clflush size	: 64
cache_alignment	: 64
address sizes	: 40 bits physical, 48 bits virtual
power management:

processor	: 7
vendor_id	: GenuineIntel
cpu family	: 6
model		: 44
model name	: Intel(R) Xeon(R) CPU           E5620  @ 2.40GHz
stepping	: 2
microcode	: 0x15
cpu MHz		: 2395.000
cache size	: 12288 KB
physical id	: 1
siblings	: 8
core id		: 10
cpu cores	: 4
apicid		: 52
initial apicid	: 52
fpu		: yes
fpu_exception	: yes
cpuid level	: 11
wp		: yes
flags		: fpu vme de pse tsc msr pae mce cx8 apic sep mtrr pge mca cmov pat pse36 clflush dts acpi mmx fxsr sse sse2 ss ht tm pbe syscall nx pdpe1gb rdtscp lm constant_tsc arch_perfmon pebs bts rep_good nopl xtopology nonstop_tsc aperfmperf pni pclmulqdq dtes64 monitor ds_cpl vmx smx est tm2 ssse3 cx16 xtpr pdcm pcid dca sse4_1 sse4_2 popcnt aes lahf_lm ida arat dtherm tpr_shadow vnmi flexpriority ept vpid
bugs		:
bogomips	: 4787.78
clflush size	: 64
cache_alignment	: 64
address sizes	: 40 bits physical, 48 bits virtual
power management:

processor	: 8
vendor_id	: GenuineIntel
cpu family	: 6
model		: 44
model name	: Intel(R) Xeon(R) CPU           E5620  @ 2.40GHz
stepping	: 2
microcode	: 0x15
cpu MHz		: 2394.000
cache size	: 12288 KB
physical id	: 0
siblings	: 8
core id		: 0
cpu cores	: 4
apicid		: 1
initial apicid	: 1
fpu		: yes
fpu_exception	: yes
cpuid level	: 11
wp		: yes
flags		: fpu vme de pse tsc msr pae mce cx8 apic sep mtrr pge mca cmov pat pse36 clflush dts acpi mmx fxsr sse sse2 ss ht tm pbe syscall nx pdpe1gb rdtscp lm constant_tsc arch_perfmon pebs bts rep_good nopl xtopology nonstop_tsc aperfmperf pni pclmulqdq dtes64 monitor ds_cpl vmx smx est tm2 ssse3 cx16 xtpr pdcm pcid dca sse4_1 sse4_2 popcnt aes lahf_lm ida arat dtherm tpr_shadow vnmi flexpriority ept vpid
bugs		:
bogomips	: 4787.59
clflush size	: 64
cache_alignment	: 64
address sizes	: 40 bits physical, 48 bits virtual
power management:

processor	: 9
vendor_id	: GenuineIntel
cpu family	: 6
model		: 44
model name	: Intel(R) Xeon(R) CPU           E5620  @ 2.40GHz
stepping	: 2
microcode	: 0x15
cpu MHz		: 1729.000
cache size	: 12288 KB
physical id	: 0
siblings	: 8
core id		: 1
cpu cores	: 4
apicid		: 3
initial apicid	: 3
fpu		: yes
fpu_exception	: yes
cpuid level	: 11
wp		: yes
flags		: fpu vme de pse tsc msr pae mce cx8 apic sep mtrr pge mca cmov pat pse36 clflush dts acpi mmx fxsr sse sse2 ss ht tm pbe syscall nx pdpe1gb rdtscp lm constant_tsc arch_perfmon pebs bts rep_good nopl xtopology nonstop_tsc aperfmperf pni pclmulqdq dtes64 monitor ds_cpl vmx smx est tm2 ssse3 cx16 xtpr pdcm pcid dca sse4_1 sse4_2 popcnt aes lahf_lm ida arat dtherm tpr_shadow vnmi flexpriority ept vpid
bugs		:
bogomips	: 4787.59
clflush size	: 64
cache_alignment	: 64
address sizes	: 40 bits physical, 48 bits virtual
power management:

processor	: 10
vendor_id	: GenuineIntel
cpu family	: 6
model		: 44
model name	: Intel(R) Xeon(R) CPU           E5620  @ 2.40GHz
stepping	: 2
microcode	: 0x15
cpu MHz		: 1729.000
cache size	: 12288 KB
physical id	: 0
siblings	: 8
core id		: 9
cpu cores	: 4
apicid		: 19
initial apicid	: 19
fpu		: yes
fpu_exception	: yes
cpuid level	: 11
wp		: yes
flags		: fpu vme de pse tsc msr pae mce cx8 apic sep mtrr pge mca cmov pat pse36 clflush dts acpi mmx fxsr sse sse2 ss ht tm pbe syscall nx pdpe1gb rdtscp lm constant_tsc arch_perfmon pebs bts rep_good nopl xtopology nonstop_tsc aperfmperf pni pclmulqdq dtes64 monitor ds_cpl vmx smx est tm2 ssse3 cx16 xtpr pdcm pcid dca sse4_1 sse4_2 popcnt aes lahf_lm ida arat dtherm tpr_shadow vnmi flexpriority ept vpid
bugs		:
bogomips	: 4787.59
clflush size	: 64
cache_alignment	: 64
address sizes	: 40 bits physical, 48 bits virtual
power management:

processor	: 11
vendor_id	: GenuineIntel
cpu family	: 6
model		: 44
model name	: Intel(R) Xeon(R) CPU           E5620  @ 2.40GHz
stepping	: 2
microcode	: 0x15
cpu MHz		: 1596.000
cache size	: 12288 KB
physical id	: 0
siblings	: 8
core id		: 10
cpu cores	: 4
apicid		: 21
initial apicid	: 21
fpu		: yes
fpu_exception	: yes
cpuid level	: 11
wp		: yes
flags		: fpu vme de pse tsc msr pae mce cx8 apic sep mtrr pge mca cmov pat pse36 clflush dts acpi mmx fxsr sse sse2 ss ht tm pbe syscall nx pdpe1gb rdtscp lm constant_tsc arch_perfmon pebs bts rep_good nopl xtopology nonstop_tsc aperfmperf pni pclmulqdq dtes64 monitor ds_cpl vmx smx est tm2 ssse3 cx16 xtpr pdcm pcid dca sse4_1 sse4_2 popcnt aes lahf_lm ida arat dtherm tpr_shadow vnmi flexpriority ept vpid
bugs		:
bogomips	: 4787.59
clflush size	: 64
cache_alignment	: 64
address sizes	: 40 bits physical, 48 bits virtual
power management:

processor	: 12
vendor_id	: GenuineIntel
cpu family	: 6
model		: 44
model name	: Intel(R) Xeon(R) CPU           E5620  @ 2.40GHz
stepping	: 2
microcode	: 0x15
cpu MHz		: 1596.000
cache size	: 12288 KB
physical id	: 1
siblings	: 8
core id		: 0
cpu cores	: 4
apicid		: 33
initial apicid	: 33
fpu		: yes
fpu_exception	: yes
cpuid level	: 11
wp		: yes
flags		: fpu vme de pse tsc msr pae mce cx8 apic sep mtrr pge mca cmov pat pse36 clflush dts acpi mmx fxsr sse sse2 ss ht tm pbe syscall nx pdpe1gb rdtscp lm constant_tsc arch_perfmon pebs bts rep_good nopl xtopology nonstop_tsc aperfmperf pni pclmulqdq dtes64 monitor ds_cpl vmx smx est tm2 ssse3 cx16 xtpr pdcm pcid dca sse4_1 sse4_2 popcnt aes lahf_lm ida arat dtherm tpr_shadow vnmi flexpriority ept vpid
bugs		:
bogomips	: 4787.78
clflush size	: 64
cache_alignment	: 64
address sizes	: 40 bits physical, 48 bits virtual
power management:

processor	: 13
vendor_id	: GenuineIntel
cpu family	: 6
model		: 44
model name	: Intel(R) Xeon(R) CPU           E5620  @ 2.40GHz
stepping	: 2
microcode	: 0x15
cpu MHz		: 2261.000
cache size	: 12288 KB
physical id	: 1
siblings	: 8
core id		: 1
cpu cores	: 4
apicid		: 35
initial apicid	: 35
fpu		: yes
fpu_exception	: yes
cpuid level	: 11
wp		: yes
flags		: fpu vme de pse tsc msr pae mce cx8 apic sep mtrr pge mca cmov pat pse36 clflush dts acpi mmx fxsr sse sse2 ss ht tm pbe syscall nx pdpe1gb rdtscp lm constant_tsc arch_perfmon pebs bts rep_good nopl xtopology nonstop_tsc aperfmperf pni pclmulqdq dtes64 monitor ds_cpl vmx smx est tm2 ssse3 cx16 xtpr pdcm pcid dca sse4_1 sse4_2 popcnt aes lahf_lm ida arat dtherm tpr_shadow vnmi flexpriority ept vpid
bugs		:
bogomips	: 4787.78
clflush size	: 64
cache_alignment	: 64
address sizes	: 40 bits physical, 48 bits virtual
power management:

processor	: 14
vendor_id	: GenuineIntel
cpu family	: 6
model		: 44
model name	: Intel(R) Xeon(R) CPU           E5620  @ 2.40GHz
stepping	: 2
microcode	: 0x15
cpu MHz		: 1596.000
cache size	: 12288 KB
physical id	: 1
siblings	: 8
core id		: 9
cpu cores	: 4
apicid		: 51
initial apicid	: 51
fpu		: yes
fpu_exception	: yes
cpuid level	: 11
wp		: yes
flags		: fpu vme de pse tsc msr pae mce cx8 apic sep mtrr pge mca cmov pat pse36 clflush dts acpi mmx fxsr sse sse2 ss ht tm pbe syscall nx pdpe1gb rdtscp lm constant_tsc arch_perfmon pebs bts rep_good nopl xtopology nonstop_tsc aperfmperf pni pclmulqdq dtes64 monitor ds_cpl vmx smx est tm2 ssse3 cx16 xtpr pdcm pcid dca sse4_1 sse4_2 popcnt aes lahf_lm ida arat dtherm tpr_shadow vnmi flexpriority ept vpid
bugs		:
bogomips	: 4787.78
clflush size	: 64
cache_alignment	: 64
address sizes	: 40 bits physical, 48 bits virtual
power management:

processor	: 15
vendor_id	: GenuineIntel
cpu family	: 6
model		: 44
model name	: Intel(R) Xeon(R) CPU           E5620  @ 2.40GHz
stepping	: 2
microcode	: 0x15
cpu MHz		: 1729.000
cache size	: 12288 KB
physical id	: 1
siblings	: 8
core id		: 10
cpu cores	: 4
apicid		: 53
initial apicid	: 53
fpu		: yes
fpu_exception	: yes
cpuid level	: 11
wp		: yes
flags		: fpu vme de pse tsc msr pae mce cx8 apic sep mtrr pge mca cmov pat pse36 clflush dts acpi mmx fxsr sse sse2 ss ht tm pbe syscall nx pdpe1gb rdtscp lm constant_tsc arch_perfmon pebs bts rep_good nopl xtopology nonstop_tsc aperfmperf pni pclmulqdq dtes64 monitor ds_cpl vmx smx est tm2 ssse3 cx16 xtpr pdcm pcid dca sse4_1 sse4_2 popcnt aes lahf_lm ida arat dtherm tpr_shadow vnmi flexpriority ept vpid
bugs		:
bogomips	: 4787.78
clflush size	: 64
cache_alignment	: 64
address sizes	: 40 bits physical, 48 bits virtual
power management:



Memory: 4k page, physical 24676820k(19056984k free), swap 31248380k(31248380k free)

vm_info: OpenJDK 64-Bit Server VM (24.95-b01) for linux-amd64 JRE (1.7.0_101-b00), built on May  4 2016 17:57:00 by "julien" with gcc 4.9.2

time: Wed Jul  6 15:06:01 2016
elapsed time: 1 seconds

