#
# A fatal error has been detected by the Java Runtime Environment:
#
#  SIGSEGV (0xb) at pc=0x0000000000000000, pid=27745, tid=140637936838400
#
# JRE version: OpenJDK Runtime Environment (7.0_101) (build 1.7.0_101-b00)
# Java VM: OpenJDK 64-Bit Server VM (24.95-b01 mixed mode linux-amd64 compressed oops)
# Derivative: IcedTea 2.6.6
# Distribution: Debian GNU/Linux 8.4 (jessie), package 7u101-2.6.6-2~deb8u1
# Problematic frame:
# C  0x0000000000000000
#
# Failed to write core dump. Core dumps have been disabled. To enable core dumping, try "ulimit -c unlimited" before starting Java again
#
# If you would like to submit a bug report, please include
# instructions on how to reproduce the bug and visit:
#   http://icedtea.classpath.org/bugzilla
# The crash happened outside the Java Virtual Machine in native code.
# See problematic frame for where to report the bug.
#

---------------  T H R E A D  ---------------

Current thread (0x00007fe8cc00c000):  JavaThread "main" [_thread_in_native, id=27750, stack(0x00007fe8d2346000,0x00007fe8d2447000)]

siginfo:si_signo=SIGSEGV: si_errno=0, si_code=1 (SEGV_MAPERR), si_addr=0x0000000000000000

Registers:
RAX=0x00007fe8cc8945cb, RBX=0x00007fe8cc80e690, RCX=0x0000000000000000, RDX=0x0000000000000001
RSP=0x00007fe8d2445458, RBP=0x0000000000000001, RSI=0x00007fe8cc84e6a0, RDI=0x00007fe8cc84e690
R8 =0x0000000000040000, R9 =0x00007fe8cc80e690, R10=0x0000000000000002, R11=0x00007fe8d1662ab4
R12=0x0000000000000000, R13=0x0000000000040000, R14=0x00007fe8d24457b8, R15=0x00007fe8cc682270
RIP=0x0000000000000000, EFLAGS=0x0000000000010206, CSGSFS=0x0000000000000033, ERR=0x0000000000000014
  TRAPNO=0x000000000000000e

Top of Stack: (sp=0x00007fe8d2445458)
0x00007fe8d2445458:   00007fe854913ace 00007fe8d2445490
0x00007fe8d2445468:   00007fe8cc00c7c8 00007fe8d24454d0
0x00007fe8d2445478:   00007fe8d0fe9d1d 0000000000000000
0x00007fe8d2445488:   00007fe8cc4d1851 00007fe8d158ecd0
0x00007fe8d2445498:   00007fe8cc4d1850 0000000000000043
0x00007fe8d24454a8:   000000000000000a 00007fe800000000
0x00007fe8d24454b8:   c90c2d7608066100 00007fe8d2445500
0x00007fe8d24454c8:   00007fe8cc00c000 00007fe8d24455a0
0x00007fe8d24454d8:   00007fe8d0e2844e 000000067d5ccf18
0x00007fe8d24454e8:   00007fe8d24457b8 00007fe8cc00c000
0x00007fe8d24454f8:   00007fe8cc4d1851 00007fe8d159c490
0x00007fe8d2445508:   00007fe8cc4d1850 0000000000000042
0x00007fe8d2445518:   00007fe8cc1323b1 00007fe8cc00c7c8
0x00007fe8d2445528:   0000000100000013 00007fe80000000e
0x00007fe8d2445538:   00007fe8d2445720 00007fe8d2445678
0x00007fe8d2445548:   00007fe8d24455e0 00007fe8d24455e8
0x00007fe8d2445558:   00007fe8cc00c000 00007fe8d2445590
0x00007fe8d2445568:   000000067d5cc5c8 00007fe8d2445620
0x00007fe8d2445578:   0000000000000000 000000067d5cc5c8
0x00007fe8d2445588:   00007fe8d24457b8 00007fe8cc00c000
0x00007fe8d2445598:   00007fe87f87493c 0000000000000000
0x00007fe8d24455a8:   0000000000000000 0000000000000000
0x00007fe8d24455b8:   00007fe87f874892 0000000000000000
0x00007fe8d24455c8:   00000001cc84e6a0 00007fe8cc84e6a0
0x00007fe8d24455d8:   00007fe8cc682270 00007fe8d24457b8
0x00007fe8d24455e8:   00007fe8cc00c1d8 0000000000000000
0x00007fe8d24455f8:   0000000000000000 00007fe87fa7b1d0
0x00007fe8d2445608:   0000000000000000 0000000000000000
0x00007fe8d2445618:   00007fe8cc80e690 00007fe8d2445708
0x00007fe8d2445628:   00007fe8c83a98f8 0000000000040000
0x00007fe8d2445638:   00007fe8d2445768 0000000000000000
0x00007fe8d2445648:   0000000000000000 0000000000000000 

Instructions: (pc=0x0000000000000000)
0xffffffffffffffe0:   

Register to memory mapping:

RAX=0x00007fe8cc8945cb is an unknown value
RBX=0x00007fe8cc80e690 is an unknown value
RCX=0x0000000000000000 is an unknown value
RDX=0x0000000000000001 is an unknown value
RSP=0x00007fe8d2445458 is pointing into the stack for thread: 0x00007fe8cc00c000
RBP=0x0000000000000001 is an unknown value
RSI=0x00007fe8cc84e6a0 is an unknown value
RDI=0x00007fe8cc84e690 is an unknown value
R8 =0x0000000000040000 is an unknown value
R9 =0x00007fe8cc80e690 is an unknown value
R10=0x0000000000000002 is an unknown value
R11=0x00007fe8d1662ab4: <offset 0xe2cab4> in /usr/lib/jvm/java-7-openjdk-amd64/jre/lib/amd64/server/libjvm.so at 0x00007fe8d0836000
R12=0x0000000000000000 is an unknown value
R13=0x0000000000040000 is an unknown value
R14=0x00007fe8d24457b8 is pointing into the stack for thread: 0x00007fe8cc00c000
R15=0x00007fe8cc682270 is an unknown value


Stack: [0x00007fe8d2346000,0x00007fe8d2447000],  sp=0x00007fe8d2445458,  free space=1021k
Java frames: (J=compiled Java code, j=interpreted, Vv=VM code)
j  com.jogamp.opencl.llb.impl.CLAbstractImpl.dispatch_clEnqueueWriteBuffer0(JJIJJLjava/lang/Object;IILjava/lang/Object;ILjava/lang/Object;IJ)I+0
j  com.jogamp.opencl.llb.impl.CLAbstractImpl.clEnqueueWriteBuffer(JJIJJLjava/nio/Buffer;ILcom/jogamp/common/nio/PointerBuffer;Lcom/jogamp/common/nio/PointerBuffer;)I+149
j  com.jogamp.opencl.CLCommandQueue.putWriteBuffer(Lcom/jogamp/opencl/CLBuffer;ZLcom/jogamp/opencl/CLEventList;Lcom/jogamp/opencl/CLEventList;)Lcom/jogamp/opencl/CLCommandQueue;+66
j  com.jogamp.opencl.CLCommandQueue.putWriteBuffer(Lcom/jogamp/opencl/CLBuffer;Z)Lcom/jogamp/opencl/CLCommandQueue;+5
j  edu.stanford.rsl.tutorial.gu74xyga.OpenCLBP.init()V+231
j  edu.stanford.rsl.tutorial.gu74xyga.OpenCLBP.main([Ljava/lang/String;)V+3
v  ~StubRoutines::call_stub

---------------  P R O C E S S  ---------------

Java Threads: ( => current thread )
  0x00007fe8cc4fb800 JavaThread "process reaper" daemon [_thread_blocked, id=27775, stack(0x00007fe8919f7000,0x00007fe891a30000)]
  0x00007fe8cc0c7000 JavaThread "Service Thread" daemon [_thread_blocked, id=27771, stack(0x00007fe891e49000,0x00007fe891f4a000)]
  0x00007fe8cc0c4800 JavaThread "C2 CompilerThread1" daemon [_thread_blocked, id=27770, stack(0x00007fe891f4a000,0x00007fe89204b000)]
  0x00007fe8cc0c1800 JavaThread "C2 CompilerThread0" daemon [_thread_blocked, id=27769, stack(0x00007fe89204b000,0x00007fe89214c000)]
  0x00007fe8cc0bf800 JavaThread "Signal Dispatcher" daemon [_thread_blocked, id=27768, stack(0x00007fe89214c000,0x00007fe89224d000)]
  0x00007fe8cc091000 JavaThread "Finalizer" daemon [_thread_blocked, id=27766, stack(0x00007fe8923bc000,0x00007fe8924bd000)]
  0x00007fe8cc08f000 JavaThread "Reference Handler" daemon [_thread_blocked, id=27765, stack(0x00007fe8924bd000,0x00007fe8925be000)]
=>0x00007fe8cc00c000 JavaThread "main" [_thread_in_native, id=27750, stack(0x00007fe8d2346000,0x00007fe8d2447000)]

Other Threads:
  0x00007fe8cc08b000 VMThread [stack: 0x00007fe8925be000,0x00007fe8926bf000] [id=27764]
  0x00007fe8cc0d1800 WatcherThread [stack: 0x00007fe891d48000,0x00007fe891e49000] [id=27772]

VM state:not at safepoint (normal execution)

VM Mutex/Monitor currently owned by a thread: None

Heap
 PSYoungGen      total 112640K, used 31484K [0x0000000782700000, 0x000000078a480000, 0x0000000800000000)
  eden space 96768K, 32% used [0x0000000782700000,0x00000007845bf078,0x0000000788580000)
  from space 15872K, 0% used [0x0000000789500000,0x0000000789500000,0x000000078a480000)
  to   space 15872K, 0% used [0x0000000788580000,0x0000000788580000,0x0000000789500000)
 ParOldGen       total 257024K, used 0K [0x0000000687600000, 0x0000000697100000, 0x0000000782700000)
  object space 257024K, 0% used [0x0000000687600000,0x0000000687600000,0x0000000697100000)
 PSPermGen       total 21504K, used 8154K [0x000000067d000000, 0x000000067e500000, 0x0000000687600000)
  object space 21504K, 37% used [0x000000067d000000,0x000000067d7f6918,0x000000067e500000)

Card table byte_map: [0x00007fe8c76bc000,0x00007fe8c82d5000] byte_map_base: 0x00007fe8c42d4000

Polling page: 0x00007fe8d2490000

Code Cache  [0x00007fe8c8395000, 0x00007fe8c8605000, 0x00007fe8cb395000)
 total_blobs=530 nmethods=124 adapters=360 free_code_cache=48142Kb largest_free_block=49252608

Compilation events (10 events):
Event: 0.928 Thread 0x00007fe8cc0c1800 nmethod 120 0x00007fe8c84713d0 code [0x00007fe8c8471540, 0x00007fe8c8471768]
Event: 0.935 Thread 0x00007fe8cc0c1800  121 %           java.lang.String::replace @ 78 (127 bytes)
Event: 0.940 Thread 0x00007fe8cc0c1800 nmethod 121% 0x00007fe8c8470d50 code [0x00007fe8c8470ec0, 0x00007fe8c8471238]
Event: 0.940 Thread 0x00007fe8cc0c1800  122             java.lang.String::replace (127 bytes)
Event: 0.948 Thread 0x00007fe8cc0c1800 nmethod 122 0x00007fe8c846e110 code [0x00007fe8c846e260, 0x00007fe8c846e6f8]
Event: 0.948 Thread 0x00007fe8cc0c1800  123             java.lang.CharacterData::of (120 bytes)
Event: 0.948 Thread 0x00007fe8cc0c1800 nmethod 123 0x00007fe8c846ea90 code [0x00007fe8c846ebc0, 0x00007fe8c846ec38]
Event: 0.948 Thread 0x00007fe8cc0c1800  124             java.lang.CharacterDataLatin1::getProperties (11 bytes)
Event: 0.948 Thread 0x00007fe8cc0c1800 nmethod 124 0x00007fe8c846ecd0 code [0x00007fe8c846ee00, 0x00007fe8c846ee98]
Event: 1.086 Thread 0x00007fe8cc0c4800 nmethod 114 0x00007fe8c8487550 code [0x00007fe8c8487dc0, 0x00007fe8c8490070]

GC Heap History (0 events):
No events

Deoptimization events (10 events):
Event: 0.879 Thread 0x00007fe8cc00c000 Uncommon trap: reason=class_check action=maybe_recompile pc=0x00007fe8c8411338 method=java.util.regex.Pattern$Start.match(Ljava/util/regex/Matcher;ILjava/lang/CharSequence;)Z @ 44
Event: 0.879 Thread 0x00007fe8cc00c000 Uncommon trap: reason=bimorphic action=maybe_recompile pc=0x00007fe8c84253d4 method=java.util.regex.Pattern$5.isSatisfiedBy(I)Z @ 5
Event: 0.879 Thread 0x00007fe8cc00c000 Uncommon trap: reason=class_check action=maybe_recompile pc=0x00007fe8c8411338 method=java.util.regex.Pattern$Start.match(Ljava/util/regex/Matcher;ILjava/lang/CharSequence;)Z @ 44
Event: 0.879 Thread 0x00007fe8cc00c000 Uncommon trap: reason=bimorphic action=maybe_recompile pc=0x00007fe8c84253d4 method=java.util.regex.Pattern$5.isSatisfiedBy(I)Z @ 5
Event: 0.879 Thread 0x00007fe8cc00c000 Uncommon trap: reason=class_check action=maybe_recompile pc=0x00007fe8c8411338 method=java.util.regex.Pattern$Start.match(Ljava/util/regex/Matcher;ILjava/lang/CharSequence;)Z @ 44
Event: 0.879 Thread 0x00007fe8cc00c000 Uncommon trap: reason=class_check action=maybe_recompile pc=0x00007fe8c8424b98 method=java.util.regex.Pattern$Start.match(Ljava/util/regex/Matcher;ILjava/lang/CharSequence;)Z @ 44
Event: 0.879 Thread 0x00007fe8cc00c000 Uncommon trap: reason=bimorphic action=maybe_recompile pc=0x00007fe8c84253d4 method=java.util.regex.Pattern$5.isSatisfiedBy(I)Z @ 5
Event: 0.886 Thread 0x00007fe8cc00c000 Uncommon trap: reason=unstable_if action=reinterpret pc=0x00007fe8c83fe734 method=java.lang.String.replace(CC)Ljava/lang/String; @ 26
Event: 1.117 Thread 0x00007fe8cc00c000 Uncommon trap: reason=bimorphic action=maybe_recompile pc=0x00007fe8c848a8d0 method=java.util.regex.Pattern$Curly.match0(Ljava/util/regex/Matcher;IILjava/lang/CharSequence;)Z @ 77
Event: 1.117 Thread 0x00007fe8cc00c000 Uncommon trap: reason=bimorphic action=maybe_recompile pc=0x00007fe8c848a8d0 method=java.util.regex.Pattern$Curly.match0(Ljava/util/regex/Matcher;IILjava/lang/CharSequence;)Z @ 77

Internal exceptions (10 events):
Event: 1.112 Thread 0x00007fe8cc00c000 Threw 0x000000078448f9b8 at /build/openjdk-7-Z6tDWf/openjdk-7-7u101-2.6.6/build/openjdk/hotspot/src/share/vm/prims/jvm.cpp:1322
Event: 1.113 Thread 0x00007fe8cc00c000 Threw 0x0000000784498cf8 at /build/openjdk-7-Z6tDWf/openjdk-7-7u101-2.6.6/build/openjdk/hotspot/src/share/vm/prims/jvm.cpp:1322
Event: 1.115 Thread 0x00007fe8cc00c000 Threw 0x00000007844a7b70 at /build/openjdk-7-Z6tDWf/openjdk-7-7u101-2.6.6/build/openjdk/hotspot/src/share/vm/prims/jvm.cpp:1322
Event: 1.116 Thread 0x00007fe8cc00c000 Threw 0x00000007844b0628 at /build/openjdk-7-Z6tDWf/openjdk-7-7u101-2.6.6/build/openjdk/hotspot/src/share/vm/prims/jvm.cpp:1322
Event: 1.175 Thread 0x00007fe8cc00c000 Threw 0x00000007844fb9c8 at /build/openjdk-7-Z6tDWf/openjdk-7-7u101-2.6.6/build/openjdk/hotspot/src/share/vm/prims/jvm.cpp:1322
Event: 1.182 Thread 0x00007fe8cc00c000 Threw 0x00000007845126b0 at /build/openjdk-7-Z6tDWf/openjdk-7-7u101-2.6.6/build/openjdk/hotspot/src/share/vm/prims/jvm.cpp:1322
Event: 1.183 Thread 0x00007fe8cc00c000 Threw 0x00000007845191e8 at /build/openjdk-7-Z6tDWf/openjdk-7-7u101-2.6.6/build/openjdk/hotspot/src/share/vm/prims/jvm.cpp:1322
Event: 1.184 Thread 0x00007fe8cc00c000 Threw 0x0000000784520a80 at /build/openjdk-7-Z6tDWf/openjdk-7-7u101-2.6.6/build/openjdk/hotspot/src/share/vm/prims/jvm.cpp:1322
Event: 1.185 Thread 0x00007fe8cc00c000 Threw 0x00000007845286a0 at /build/openjdk-7-Z6tDWf/openjdk-7-7u101-2.6.6/build/openjdk/hotspot/src/share/vm/prims/jvm.cpp:1322
Event: 1.186 Thread 0x00007fe8cc00c000 Threw 0x000000078452fba0 at /build/openjdk-7-Z6tDWf/openjdk-7-7u101-2.6.6/build/openjdk/hotspot/src/share/vm/prims/jvm.cpp:1322

Events (10 events):
Event: 1.182 loading class 0x00007fe8cc131eb0
Event: 1.182 loading class 0x00007fe8cc131eb0 done
Event: 1.183 loading class 0x00007fe8cc131ef0
Event: 1.183 loading class 0x00007fe8cc131ef0 done
Event: 1.183 loading class 0x00007fe8cc131fa0
Event: 1.183 loading class 0x00007fe8cc131fa0 done
Event: 1.184 loading class 0x00007fe8cc4b7cf0
Event: 1.184 loading class 0x00007fe8cc4b7cf0 done
Event: 1.185 loading class 0x00007fe8cc28ad80
Event: 1.185 loading class 0x00007fe8cc28ad80 done


Dynamic libraries:
00400000-00401000 r-xp 00000000 08:01 14699244                           /usr/lib/jvm/java-7-openjdk-amd64/jre/bin/java
00600000-00601000 r--p 00000000 08:01 14699244                           /usr/lib/jvm/java-7-openjdk-amd64/jre/bin/java
00601000-00602000 rw-p 00001000 08:01 14699244                           /usr/lib/jvm/java-7-openjdk-amd64/jre/bin/java
01eec000-01f0d000 rw-p 00000000 00:00 0                                  [heap]
200000000-400000000 ---p 00000000 00:00 0 
67d000000-67e500000 rw-p 00000000 00:00 0 
67e500000-687600000 rw-p 00000000 00:00 0 
687600000-697100000 rw-p 00000000 00:00 0 
697100000-782700000 rw-p 00000000 00:00 0 
782700000-78a480000 rw-p 00000000 00:00 0 
78a480000-800000000 rw-p 00000000 00:00 0 
800000000-f00000000 ---p 00000000 00:00 0 
7fe7ef7ff000-7fe7ef800000 ---p 00000000 00:00 0 
7fe7ef800000-7fe7f0000000 rwxp 00000000 00:00 0                          [stack:27802]
7fe7f0000000-7fe7f0021000 rw-p 00000000 00:00 0 
7fe7f0021000-7fe7f4000000 ---p 00000000 00:00 0 
7fe7f4000000-7fe7f4021000 rw-p 00000000 00:00 0 
7fe7f4021000-7fe7f8000000 ---p 00000000 00:00 0 
7fe7f8000000-7fe7f8021000 rw-p 00000000 00:00 0 
7fe7f8021000-7fe7fc000000 ---p 00000000 00:00 0 
7fe7fc000000-7fe7fc021000 rw-p 00000000 00:00 0 
7fe7fc021000-7fe800000000 ---p 00000000 00:00 0 
7fe800000000-7fe800021000 rw-p 00000000 00:00 0 
7fe800021000-7fe804000000 ---p 00000000 00:00 0 
7fe8047c0000-7fe8047c1000 ---p 00000000 00:00 0 
7fe8047c1000-7fe804fc1000 rwxp 00000000 00:00 0                          [stack:27801]
7fe804fc1000-7fe804fc2000 ---p 00000000 00:00 0 
7fe804fc2000-7fe805fd6000 rwxp 00000000 00:00 0                          [stack:27795]
7fe805fd6000-7fe805fd7000 ---p 00000000 00:00 0 
7fe805fd7000-7fe806feb000 rwxp 00000000 00:00 0                          [stack:27794]
7fe806feb000-7fe806fec000 ---p 00000000 00:00 0 
7fe806fec000-7fe808000000 rwxp 00000000 00:00 0                          [stack:27793]
7fe808000000-7fe808021000 rw-p 00000000 00:00 0 
7fe808021000-7fe80c000000 ---p 00000000 00:00 0 
7fe80c000000-7fe80c021000 rw-p 00000000 00:00 0 
7fe80c021000-7fe810000000 ---p 00000000 00:00 0 
7fe810000000-7fe810021000 rw-p 00000000 00:00 0 
7fe810021000-7fe814000000 ---p 00000000 00:00 0 
7fe8147c0000-7fe8147c1000 ---p 00000000 00:00 0 
7fe8147c1000-7fe814fc1000 rwxp 00000000 00:00 0                          [stack:27800]
7fe814fc1000-7fe814fc2000 ---p 00000000 00:00 0 
7fe814fc2000-7fe815fd6000 rwxp 00000000 00:00 0                          [stack:27792]
7fe815fd6000-7fe815fd7000 ---p 00000000 00:00 0 
7fe815fd7000-7fe816feb000 rwxp 00000000 00:00 0                          [stack:27791]
7fe816feb000-7fe816fec000 ---p 00000000 00:00 0 
7fe816fec000-7fe818000000 rwxp 00000000 00:00 0                          [stack:27790]
7fe818000000-7fe818021000 rw-p 00000000 00:00 0 
7fe818021000-7fe81c000000 ---p 00000000 00:00 0 
7fe81c000000-7fe81c021000 rw-p 00000000 00:00 0 
7fe81c021000-7fe820000000 ---p 00000000 00:00 0 
7fe820000000-7fe820021000 rw-p 00000000 00:00 0 
7fe820021000-7fe824000000 ---p 00000000 00:00 0 
7fe8247c0000-7fe8247c1000 ---p 00000000 00:00 0 
7fe8247c1000-7fe824fc1000 rwxp 00000000 00:00 0                          [stack:27799]
7fe824fc1000-7fe824fc2000 ---p 00000000 00:00 0 
7fe824fc2000-7fe825fd6000 rwxp 00000000 00:00 0                          [stack:27789]
7fe825fd6000-7fe825fd7000 ---p 00000000 00:00 0 
7fe825fd7000-7fe826feb000 rwxp 00000000 00:00 0                          [stack:27788]
7fe826feb000-7fe826fec000 ---p 00000000 00:00 0 
7fe826fec000-7fe828000000 rwxp 00000000 00:00 0                          [stack:27787]
7fe828000000-7fe828021000 rw-p 00000000 00:00 0 
7fe828021000-7fe82c000000 ---p 00000000 00:00 0 
7fe82c000000-7fe82c021000 rw-p 00000000 00:00 0 
7fe82c021000-7fe830000000 ---p 00000000 00:00 0 
7fe830000000-7fe830021000 rw-p 00000000 00:00 0 
7fe830021000-7fe834000000 ---p 00000000 00:00 0 
7fe8347c0000-7fe8347c1000 ---p 00000000 00:00 0 
7fe8347c1000-7fe834fc1000 rwxp 00000000 00:00 0                          [stack:27798]
7fe834fc1000-7fe834fc2000 ---p 00000000 00:00 0 
7fe834fc2000-7fe835fd6000 rwxp 00000000 00:00 0                          [stack:27786]
7fe835fd6000-7fe835fd7000 ---p 00000000 00:00 0 
7fe835fd7000-7fe836feb000 rwxp 00000000 00:00 0                          [stack:27785]
7fe836feb000-7fe836fec000 ---p 00000000 00:00 0 
7fe836fec000-7fe838000000 rwxp 00000000 00:00 0                          [stack:27784]
7fe838000000-7fe838021000 rw-p 00000000 00:00 0 
7fe838021000-7fe83c000000 ---p 00000000 00:00 0 
7fe83c000000-7fe83c021000 rw-p 00000000 00:00 0 
7fe83c021000-7fe840000000 ---p 00000000 00:00 0 
7fe840000000-7fe840021000 rw-p 00000000 00:00 0 
7fe840021000-7fe844000000 ---p 00000000 00:00 0 
7fe8447c0000-7fe8447c1000 ---p 00000000 00:00 0 
7fe8447c1000-7fe844fc1000 rwxp 00000000 00:00 0                          [stack:27797]
7fe844fc1000-7fe844fc2000 ---p 00000000 00:00 0 
7fe844fc2000-7fe845fd6000 rwxp 00000000 00:00 0                          [stack:27783]
7fe845fd6000-7fe845fd7000 ---p 00000000 00:00 0 
7fe845fd7000-7fe846feb000 rwxp 00000000 00:00 0                          [stack:27782]
7fe846feb000-7fe846fec000 ---p 00000000 00:00 0 
7fe846fec000-7fe848000000 rwxp 00000000 00:00 0                          [stack:27781]
7fe848000000-7fe848021000 rw-p 00000000 00:00 0 
7fe848021000-7fe84c000000 ---p 00000000 00:00 0 
7fe84c0d9000-7fe84c1d9000 rw-s 2d590c000 00:06 5688                      /dev/nvidiactl
7fe84c1d9000-7fe84c5d9000 rw-s 5fea06000 00:06 5688                      /dev/nvidiactl
7fe84c5d9000-7fe84c9d9000 rw-s 30b530000 00:06 5688                      /dev/nvidiactl
7fe84c9d9000-7fe84c9da000 ---p 00000000 00:00 0 
7fe84c9da000-7fe84d9ee000 rwxp 00000000 00:00 0                          [stack:27780]
7fe84d9ee000-7fe84fa5d000 r-xp 00000000 08:01 13372793                   /usr/lib/x86_64-linux-gnu/libamdocl12cl64.so
7fe84fa5d000-7fe84fc5d000 ---p 0206f000 08:01 13372793                   /usr/lib/x86_64-linux-gnu/libamdocl12cl64.so
7fe84fc5d000-7fe84ff6f000 rw-p 0206f000 08:01 13372793                   /usr/lib/x86_64-linux-gnu/libamdocl12cl64.so
7fe84ff6f000-7fe850000000 rw-p 00000000 00:00 0 
7fe850000000-7fe850087000 rw-p 00000000 00:00 0 
7fe850087000-7fe854000000 ---p 00000000 00:00 0 
7fe8540a7000-7fe8541a7000 rw-s 25e2e0000 00:06 5688                      /dev/nvidiactl
7fe8541a7000-7fe8542a7000 rw-s 976f9000 00:06 5688                       /dev/nvidiactl
7fe8542a7000-7fe857980000 r-xp 00000000 08:01 13371945                   /usr/lib/x86_64-linux-gnu/libamdocl64.so
7fe857980000-7fe857b80000 ---p 036d9000 08:01 13371945                   /usr/lib/x86_64-linux-gnu/libamdocl64.so
7fe857b80000-7fe857f2c000 rw-p 036d9000 08:01 13371945                   /usr/lib/x86_64-linux-gnu/libamdocl64.so
7fe857f2c000-7fe858000000 rw-p 00000000 00:00 0 
7fe858000000-7fe858021000 rw-p 00000000 00:00 0 
7fe858021000-7fe85c000000 ---p 00000000 00:00 0 
7fe85c000000-7fe85c021000 rw-p 00000000 00:00 0 
7fe85c021000-7fe860000000 ---p 00000000 00:00 0 
7fe860000000-7fe860da8000 rw-p 00000000 00:00 0 
7fe860da8000-7fe864000000 ---p 00000000 00:00 0 
7fe864000000-7fe864021000 rw-p 00000000 00:00 0 
7fe864021000-7fe868000000 ---p 00000000 00:00 0 
7fe868000000-7fe868021000 rw-p 00000000 00:00 0 
7fe868021000-7fe86c000000 ---p 00000000 00:00 0 
7fe86c000000-7fe86cd7d000 rw-p 00000000 00:00 0 
7fe86cd7d000-7fe870000000 ---p 00000000 00:00 0 
7fe870000000-7fe870021000 rw-p 00000000 00:00 0 
7fe870021000-7fe874000000 ---p 00000000 00:00 0 
7fe874000000-7fe874021000 rw-p 00000000 00:00 0 
7fe874021000-7fe878000000 ---p 00000000 00:00 0 
7fe878000000-7fe878021000 rw-p 00000000 00:00 0 
7fe878021000-7fe87c000000 ---p 00000000 00:00 0 
7fe87c0f7000-7fe87c1f7000 rw-s 25e112000 00:06 5688                      /dev/nvidiactl
7fe87c1f7000-7fe87c2f7000 rw-s 311f38000 00:06 5688                      /dev/nvidiactl
7fe87c2f7000-7fe87c2f8000 ---p 00000000 00:00 0 
7fe87c2f8000-7fe87caf8000 rwxp 00000000 00:00 0                          [stack:27796]
7fe87caf8000-7fe87cbf8000 rw-s 30279b000 00:06 5688                      /dev/nvidiactl
7fe87cbf8000-7fe87cc09000 r-xp 00000000 08:01 13375860                   /usr/lib/x86_64-linux-gnu/libXext.so.6.4.0
7fe87cc09000-7fe87ce08000 ---p 00011000 08:01 13375860                   /usr/lib/x86_64-linux-gnu/libXext.so.6.4.0
7fe87ce08000-7fe87ce09000 r--p 00010000 08:01 13375860                   /usr/lib/x86_64-linux-gnu/libXext.so.6.4.0
7fe87ce09000-7fe87ce0a000 rw-p 00011000 08:01 13375860                   /usr/lib/x86_64-linux-gnu/libXext.so.6.4.0
7fe87ce0a000-7fe87ce0f000 r-xp 00000000 08:01 13375835                   /usr/lib/x86_64-linux-gnu/libXdmcp.so.6.0.0
7fe87ce0f000-7fe87d00e000 ---p 00005000 08:01 13375835                   /usr/lib/x86_64-linux-gnu/libXdmcp.so.6.0.0
7fe87d00e000-7fe87d00f000 rw-p 00004000 08:01 13375835                   /usr/lib/x86_64-linux-gnu/libXdmcp.so.6.0.0
7fe87d00f000-7fe87d012000 r-xp 00000000 08:01 13375833                   /usr/lib/x86_64-linux-gnu/libXau.so.6.0.0
7fe87d012000-7fe87d211000 ---p 00003000 08:01 13375833                   /usr/lib/x86_64-linux-gnu/libXau.so.6.0.0
7fe87d211000-7fe87d212000 r--p 00002000 08:01 13375833                   /usr/lib/x86_64-linux-gnu/libXau.so.6.0.0
7fe87d212000-7fe87d213000 rw-p 00003000 08:01 13375833                   /usr/lib/x86_64-linux-gnu/libXau.so.6.0.0
7fe87d213000-7fe87d234000 r-xp 00000000 08:01 13375837                   /usr/lib/x86_64-linux-gnu/libxcb.so.1.1.0
7fe87d234000-7fe87d433000 ---p 00021000 08:01 13375837                   /usr/lib/x86_64-linux-gnu/libxcb.so.1.1.0
7fe87d433000-7fe87d434000 r--p 00020000 08:01 13375837                   /usr/lib/x86_64-linux-gnu/libxcb.so.1.1.0
7fe87d434000-7fe87d435000 rw-p 00021000 08:01 13375837                   /usr/lib/x86_64-linux-gnu/libxcb.so.1.1.0
7fe87d435000-7fe87d571000 r-xp 00000000 08:01 13375841                   /usr/lib/x86_64-linux-gnu/libX11.so.6.3.0
7fe87d571000-7fe87d770000 ---p 0013c000 08:01 13375841                   /usr/lib/x86_64-linux-gnu/libX11.so.6.3.0
7fe87d770000-7fe87d772000 r--p 0013b000 08:01 13375841                   /usr/lib/x86_64-linux-gnu/libX11.so.6.3.0
7fe87d772000-7fe87d777000 rw-p 0013d000 08:01 13375841                   /usr/lib/x86_64-linux-gnu/libX11.so.6.3.0
7fe87d777000-7fe87d778000 rw-p 00000000 00:00 0 
7fe87d778000-7fe87e35a000 r-xp 00000000 08:01 14288167                   /usr/lib/x86_64-linux-gnu/nvidia/current/libcuda.so.352.79
7fe87e35a000-7fe87e559000 ---p 00be2000 08:01 14288167                   /usr/lib/x86_64-linux-gnu/nvidia/current/libcuda.so.352.79
7fe87e559000-7fe87e717000 rw-p 00be1000 08:01 14288167                   /usr/lib/x86_64-linux-gnu/nvidia/current/libcuda.so.352.79
7fe87e717000-7fe87e72d000 rw-p 00000000 00:00 0 
7fe87e72d000-7fe87f496000 r-xp 00000000 08:01 14288170                   /usr/lib/x86_64-linux-gnu/nvidia/current/libnvidia-opencl.so.352.79
7fe87f496000-7fe87f695000 ---p 00d69000 08:01 14288170                   /usr/lib/x86_64-linux-gnu/nvidia/current/libnvidia-opencl.so.352.79
7fe87f695000-7fe87f857000 rw-p 00d68000 08:01 14288170                   /usr/lib/x86_64-linux-gnu/nvidia/current/libnvidia-opencl.so.352.79
7fe87f857000-7fe87f86d000 rw-p 00000000 00:00 0 
7fe87f86d000-7fe87f878000 r-xp 00000000 08:01 23331875                   /tmp/jogamp_0000/file_cache/jln7154355761216170277/jln7648803676647426928/libjocl.so
7fe87f878000-7fe87fa77000 ---p 0000b000 08:01 23331875                   /tmp/jogamp_0000/file_cache/jln7154355761216170277/jln7648803676647426928/libjocl.so
7fe87fa77000-7fe87fa78000 rw-p 0000a000 08:01 23331875                   /tmp/jogamp_0000/file_cache/jln7154355761216170277/jln7648803676647426928/libjocl.so
7fe87fa78000-7fe87fa7d000 r-xp 00000000 08:01 13370374                   /usr/lib/x86_64-linux-gnu/libOpenCL.so.1.0.0
7fe87fa7d000-7fe87fc7d000 ---p 00005000 08:01 13370374                   /usr/lib/x86_64-linux-gnu/libOpenCL.so.1.0.0
7fe87fc7d000-7fe87fc7e000 rw-p 00005000 08:01 13370374                   /usr/lib/x86_64-linux-gnu/libOpenCL.so.1.0.0
7fe87fc7e000-7fe87fc80000 r-xp 00000000 08:01 23331872                   /tmp/jogamp_0000/file_cache/jln7154355761216170277/jln7648803676647426928/libgluegen-rt.so
7fe87fc80000-7fe87fe7f000 ---p 00002000 08:01 23331872                   /tmp/jogamp_0000/file_cache/jln7154355761216170277/jln7648803676647426928/libgluegen-rt.so
7fe87fe7f000-7fe87fe80000 rw-p 00001000 08:01 23331872                   /tmp/jogamp_0000/file_cache/jln7154355761216170277/jln7648803676647426928/libgluegen-rt.so
7fe87fe80000-7fe88c000000 rw-p 00000000 00:00 0 
7fe88c000000-7fe88c021000 rw-p 00000000 00:00 0 
7fe88c021000-7fe890000000 ---p 00000000 00:00 0 
7fe8900a8000-7fe8900f4000 rw-s 9751e000 00:06 5688                       /dev/nvidiactl
7fe8900f4000-7fe8900f5000 ---p 00000000 00:00 0 
7fe8900f5000-7fe8900f7000 rwxp 00000000 00:00 0 
7fe8900f7000-7fe8901f5000 rwxp 00000000 00:00 0                          [stack:27779]
7fe8901f5000-7fe890206000 r-xp 00000000 08:01 14701892                   /usr/lib/jvm/java-7-openjdk-amd64/jre/lib/amd64/libnio.so
7fe890206000-7fe890405000 ---p 00011000 08:01 14701892                   /usr/lib/jvm/java-7-openjdk-amd64/jre/lib/amd64/libnio.so
7fe890405000-7fe890406000 r--p 00010000 08:01 14701892                   /usr/lib/jvm/java-7-openjdk-amd64/jre/lib/amd64/libnio.so
7fe890406000-7fe890407000 rw-p 00011000 08:01 14701892                   /usr/lib/jvm/java-7-openjdk-amd64/jre/lib/amd64/libnio.so
7fe890407000-7fe890473000 r-xp 00000000 08:01 7340179                    /lib/x86_64-linux-gnu/libpcre.so.3.13.1
7fe890473000-7fe890673000 ---p 0006c000 08:01 7340179                    /lib/x86_64-linux-gnu/libpcre.so.3.13.1
7fe890673000-7fe890674000 r--p 0006c000 08:01 7340179                    /lib/x86_64-linux-gnu/libpcre.so.3.13.1
7fe890674000-7fe890675000 rw-p 0006d000 08:01 7340179                    /lib/x86_64-linux-gnu/libpcre.so.3.13.1
7fe890675000-7fe89067c000 r-xp 00000000 08:01 13374038                   /usr/lib/x86_64-linux-gnu/libffi.so.6.0.2
7fe89067c000-7fe89087b000 ---p 00007000 08:01 13374038                   /usr/lib/x86_64-linux-gnu/libffi.so.6.0.2
7fe89087b000-7fe89087c000 r--p 00006000 08:01 13374038                   /usr/lib/x86_64-linux-gnu/libffi.so.6.0.2
7fe89087c000-7fe89087d000 rw-p 00007000 08:01 13374038                   /usr/lib/x86_64-linux-gnu/libffi.so.6.0.2
7fe89087d000-7fe890891000 r-xp 00000000 08:01 7340313                    /lib/x86_64-linux-gnu/libresolv-2.19.so
7fe890891000-7fe890a90000 ---p 00014000 08:01 7340313                    /lib/x86_64-linux-gnu/libresolv-2.19.so
7fe890a90000-7fe890a91000 r--p 00013000 08:01 7340313                    /lib/x86_64-linux-gnu/libresolv-2.19.so
7fe890a91000-7fe890a92000 rw-p 00014000 08:01 7340313                    /lib/x86_64-linux-gnu/libresolv-2.19.so
7fe890a92000-7fe890a94000 rw-p 00000000 00:00 0 
7fe890a94000-7fe890ab5000 r-xp 00000000 08:01 7340095                    /lib/x86_64-linux-gnu/libselinux.so.1
7fe890ab5000-7fe890cb5000 ---p 00021000 08:01 7340095                    /lib/x86_64-linux-gnu/libselinux.so.1
7fe890cb5000-7fe890cb6000 r--p 00021000 08:01 7340095                    /lib/x86_64-linux-gnu/libselinux.so.1
7fe890cb6000-7fe890cb7000 rw-p 00022000 08:01 7340095                    /lib/x86_64-linux-gnu/libselinux.so.1
7fe890cb7000-7fe890cb9000 rw-p 00000000 00:00 0 
7fe890cb9000-7fe890cbc000 r-xp 00000000 08:01 13395180                   /usr/lib/x86_64-linux-gnu/libgmodule-2.0.so.0.4200.1
7fe890cbc000-7fe890ebb000 ---p 00003000 08:01 13395180                   /usr/lib/x86_64-linux-gnu/libgmodule-2.0.so.0.4200.1
7fe890ebb000-7fe890ebc000 r--p 00002000 08:01 13395180                   /usr/lib/x86_64-linux-gnu/libgmodule-2.0.so.0.4200.1
7fe890ebc000-7fe890ebd000 rw-p 00003000 08:01 13395180                   /usr/lib/x86_64-linux-gnu/libgmodule-2.0.so.0.4200.1
7fe890ebd000-7fe890fc9000 r-xp 00000000 08:01 7340130                    /lib/x86_64-linux-gnu/libglib-2.0.so.0.4200.1
7fe890fc9000-7fe8911c9000 ---p 0010c000 08:01 7340130                    /lib/x86_64-linux-gnu/libglib-2.0.so.0.4200.1
7fe8911c9000-7fe8911ca000 r--p 0010c000 08:01 7340130                    /lib/x86_64-linux-gnu/libglib-2.0.so.0.4200.1
7fe8911ca000-7fe8911cb000 rw-p 0010d000 08:01 7340130                    /lib/x86_64-linux-gnu/libglib-2.0.so.0.4200.1
7fe8911cb000-7fe8911cc000 rw-p 00000000 00:00 0 
7fe8911cc000-7fe89121d000 r-xp 00000000 08:01 13395179                   /usr/lib/x86_64-linux-gnu/libgobject-2.0.so.0.4200.1
7fe89121d000-7fe89141d000 ---p 00051000 08:01 13395179                   /usr/lib/x86_64-linux-gnu/libgobject-2.0.so.0.4200.1
7fe89141d000-7fe89141e000 r--p 00051000 08:01 13395179                   /usr/lib/x86_64-linux-gnu/libgobject-2.0.so.0.4200.1
7fe89141e000-7fe89141f000 rw-p 00052000 08:01 13395179                   /usr/lib/x86_64-linux-gnu/libgobject-2.0.so.0.4200.1
7fe89141f000-7fe891591000 r-xp 00000000 08:01 13395182                   /usr/lib/x86_64-linux-gnu/libgio-2.0.so.0.4200.1
7fe891591000-7fe891791000 ---p 00172000 08:01 13395182                   /usr/lib/x86_64-linux-gnu/libgio-2.0.so.0.4200.1
7fe891791000-7fe891795000 r--p 00172000 08:01 13395182                   /usr/lib/x86_64-linux-gnu/libgio-2.0.so.0.4200.1
7fe891795000-7fe891797000 rw-p 00176000 08:01 13395182                   /usr/lib/x86_64-linux-gnu/libgio-2.0.so.0.4200.1
7fe891797000-7fe891799000 rw-p 00000000 00:00 0 
7fe8917cd000-7fe8917ce000 rw-s efeea000 00:06 5689                       /dev/nvidia0
7fe8917ce000-7fe8917cf000 rw-s 5bcfbf000 00:06 5688                      /dev/nvidiactl
7fe8917cf000-7fe8917d3000 rw-s e8200000 00:06 5689                       /dev/nvidia0
7fe8917d3000-7fe8917d4000 rw-s efee9000 00:06 5689                       /dev/nvidia0
7fe8917d4000-7fe8917d5000 rw-s 2609e9000 00:06 5688                      /dev/nvidiactl
7fe8917d5000-7fe8917d9000 rw-s e81e0000 00:06 5689                       /dev/nvidia0
7fe8917d9000-7fe8917de000 rwxp 00000000 00:00 0 
7fe8917de000-7fe8917f6000 r-xp 00000000 08:01 14701885                   /usr/lib/jvm/java-7-openjdk-amd64/jre/lib/amd64/libnet.so
7fe8917f6000-7fe8919f5000 ---p 00018000 08:01 14701885                   /usr/lib/jvm/java-7-openjdk-amd64/jre/lib/amd64/libnet.so
7fe8919f5000-7fe8919f6000 r--p 00017000 08:01 14701885                   /usr/lib/jvm/java-7-openjdk-amd64/jre/lib/amd64/libnet.so
7fe8919f6000-7fe8919f7000 rw-p 00018000 08:01 14701885                   /usr/lib/jvm/java-7-openjdk-amd64/jre/lib/amd64/libnet.so
7fe8919f7000-7fe891a30000 rwxp 00000000 00:00 0                          [stack:27775]
7fe891a30000-7fe891a31000 r--p 00000000 00:00 0 
7fe891a31000-7fe891a35000 r--s 0004f000 08:01 14701912                   /usr/lib/jvm/java-7-openjdk-amd64/jre/lib/jsse.jar
7fe891a35000-7fe891a3f000 r--s 000ae000 08:01 14701906                   /usr/lib/jvm/java-7-openjdk-amd64/jre/lib/resources.jar
7fe891a3f000-7fe891a41000 r--s 0000f000 00:2a 66079622                   /home/cip/medtech2015/gu74xyga/Reconstruction/CONRAD/lib/fastica-1.11.jar
7fe891a41000-7fe891a44000 r--s 00067000 00:2a 66079668                   /home/cip/medtech2015/gu74xyga/Reconstruction/CONRAD/lib/jpop.0.7.5.jar
7fe891a44000-7fe891a90000 r--s 006b7000 00:2a 66079678                   /home/cip/medtech2015/gu74xyga/Reconstruction/CONRAD/lib/wekaBRF_1.jar
7fe891a90000-7fe891a95000 r--s 00039000 00:2a 66079640                   /home/cip/medtech2015/gu74xyga/Reconstruction/CONRAD/lib/jmathplot.jar
7fe891a95000-7fe891ab8000 rw-p 00000000 00:00 0 
7fe891ab8000-7fe891b82000 r--s 01354000 00:2a 66079674                   /home/cip/medtech2015/gu74xyga/Reconstruction/CONRAD/lib/trainablesegmentation.jar
7fe891b82000-7fe891bbb000 r--s 00631000 00:2a 66079676                   /home/cip/medtech2015/gu74xyga/Reconstruction/CONRAD/lib/weka-src.jar
7fe891bbb000-7fe891c06000 r--s 006ae000 00:2a 66079677                   /home/cip/medtech2015/gu74xyga/Reconstruction/CONRAD/lib/weka.jar
7fe891c06000-7fe891c0a000 r--s 000a5000 00:2a 67253725                   /home/cip/medtech2015/gu74xyga/Reconstruction/CONRAD/plugins/VolumeJ/bij.jar
7fe891c0a000-7fe891c0b000 r--s 00007000 00:2a 66735051                   /home/cip/medtech2015/gu74xyga/Reconstruction/CONRAD/plugins/Input-Output/QuickTime_Plugins.jar
7fe891c0b000-7fe891c84000 r--s 006ef000 00:2a 66735137                   /home/cip/medtech2015/gu74xyga/Reconstruction/CONRAD/plugins/Input-Output/ome_tools.jar
7fe891c84000-7fe891c86000 r--s 00008000 00:2a 66735136                   /home/cip/medtech2015/gu74xyga/Reconstruction/CONRAD/plugins/Input-Output/nifti_io.jar
7fe891c86000-7fe891c87000 r--s 00005000 00:2a 66735050                   /home/cip/medtech2015/gu74xyga/Reconstruction/CONRAD/plugins/Input-Output/LSM_Reader.jar
7fe891c87000-7fe891cd5000 r--s 006da000 00:2a 66735135                   /home/cip/medtech2015/gu74xyga/Reconstruction/CONRAD/plugins/Input-Output/loci_tools.jar
7fe891cd5000-7fe891cd6000 r--s 00002000 00:2a 66735042                   /home/cip/medtech2015/gu74xyga/Reconstruction/CONRAD/plugins/Input-Output/Deltavision_Opener.jar
7fe891cd6000-7fe891cd7000 r--s 00009000 00:2a 66735038                   /home/cip/medtech2015/gu74xyga/Reconstruction/CONRAD/plugins/Input-Output/Animated_Gif.jar
7fe891cd7000-7fe891cd8000 r--s 00005000 00:2a 66333527                   /home/cip/medtech2015/gu74xyga/Reconstruction/CONRAD/plugins/Analyze/Color_Histogram.jar
7fe891cd8000-7fe891cd9000 r--s 00008000 00:2a 66333526                   /home/cip/medtech2015/gu74xyga/Reconstruction/CONRAD/plugins/Analyze/Cell_Counter.jar
7fe891cd9000-7fe891cda000 r--s 00013000 00:2a 66204975                   /home/cip/medtech2015/gu74xyga/Reconstruction/CONRAD/plugins/3D/Volume_Viewer.jar
7fe891cda000-7fe891cdb000 r--s 00020000 00:2a 66204008                   /home/cip/medtech2015/gu74xyga/Reconstruction/CONRAD/plugins/3D/Interactive_3D_Surface_Plot.jar
7fe891cdb000-7fe891ce4000 r--s 000e7000 00:2a 66079679                   /home/cip/medtech2015/gu74xyga/Reconstruction/CONRAD/lib/yacas.1.2.2.jar
7fe891ce4000-7fe891ce8000 r--s 00028000 00:2a 66079673                   /home/cip/medtech2015/gu74xyga/Reconstruction/CONRAD/lib/qdox-1.12.1.jar
7fe891ce8000-7fe891ce9000 r--s 00006000 00:2a 66079672                   /home/cip/medtech2015/gu74xyga/Reconstruction/CONRAD/lib/latexlet.jar
7fe891ce9000-7fe891ceb000 r--s 0000f000 00:2a 66079671                   /home/cip/medtech2015/gu74xyga/Reconstruction/CONRAD/lib/jzlib-1.0.7.jar
7fe891ceb000-7fe891cf1000 r--s 00034000 00:2a 66079670                   /home/cip/medtech2015/gu74xyga/Reconstruction/CONRAD/lib/junit-4.8.2.jar
7fe891cf1000-7fe891cfc000 r--s 00068000 00:2a 66079669                   /home/cip/medtech2015/gu74xyga/Reconstruction/CONRAD/lib/jtransforms-2.3.jar
7fe891cfc000-7fe891d1f000 r--s 002ec000 00:2a 66079666                   /home/cip/medtech2015/gu74xyga/Reconstruction/CONRAD/lib/jogl-all.jar
7fe891d1f000-7fe891d20000 r--s 0002d000 00:2a 66079665                   /home/cip/medtech2015/gu74xyga/Reconstruction/CONRAD/lib/jogl-all-natives-windows-i586.jar
7fe891d20000-7fe891d22000 r--s 00034000 00:2a 66079664                   /home/cip/medtech2015/gu74xyga/Reconstruction/CONRAD/lib/jogl-all-natives-windows-amd64.jar
7fe891d22000-7fe891d23000 r--s 00021000 00:2a 66079663                   /home/cip/medtech2015/gu74xyga/Reconstruction/CONRAD/lib/jogl-all-natives-solaris-i586.jar
7fe891d23000-7fe891d24000 r--s 0002e000 00:2a 66079662                   /home/cip/medtech2015/gu74xyga/Reconstruction/CONRAD/lib/jogl-all-natives-solaris-amd64.jar
7fe891d24000-7fe891d25000 r--s 00064000 00:2a 66079661                   /home/cip/medtech2015/gu74xyga/Reconstruction/CONRAD/lib/jogl-all-natives-macosx-universal.jar
7fe891d25000-7fe891d26000 r--s 0002d000 00:2a 66079660                   /home/cip/medtech2015/gu74xyga/Reconstruction/CONRAD/lib/jogl-all-natives-linux-i586.jar
7fe891d26000-7fe891d27000 r--s 0002f000 00:2a 66079659                   /home/cip/medtech2015/gu74xyga/Reconstruction/CONRAD/lib/jogl-all-natives-linux-amd64.jar
7fe891d27000-7fe891d2c000 r--s 00031000 00:2a 66079658                   /home/cip/medtech2015/gu74xyga/Reconstruction/CONRAD/lib/jocl.jar
7fe891d2c000-7fe891d2d000 r--s 00003000 00:2a 66079657                   /home/cip/medtech2015/gu74xyga/Reconstruction/CONRAD/lib/jocl-natives-windows-i586.jar
7fe891d2d000-7fe891d2e000 r--s 00003000 00:2a 66079656                   /home/cip/medtech2015/gu74xyga/Reconstruction/CONRAD/lib/jocl-natives-windows-amd64.jar
7fe891d2e000-7fe891d30000 r--s 00001000 00:2a 66079655                   /home/cip/medtech2015/gu74xyga/Reconstruction/CONRAD/lib/jocl-natives-solaris-i586.jar
7fe891d30000-7fe891d31000 r--s 00002000 00:2a 66079654                   /home/cip/medtech2015/gu74xyga/Reconstruction/CONRAD/lib/jocl-natives-solaris-amd64.jar
7fe891d31000-7fe891d32000 r--s 00006000 00:2a 66079653                   /home/cip/medtech2015/gu74xyga/Reconstruction/CONRAD/lib/jocl-natives-macosx-universal.jar
7fe891d32000-7fe891d33000 r--s 00002000 00:2a 66079652                   /home/cip/medtech2015/gu74xyga/Reconstruction/CONRAD/lib/jocl-natives-linux-i586.jar
7fe891d33000-7fe891d34000 r--s 00002000 00:2a 66079651                   /home/cip/medtech2015/gu74xyga/Reconstruction/CONRAD/lib/jocl-natives-linux-amd64.jar
7fe891d34000-7fe891d36000 r--s 0000f000 00:2a 66079649                   /home/cip/medtech2015/gu74xyga/Reconstruction/CONRAD/lib/joal.jar
7fe891d36000-7fe891d37000 r--s 0002b000 00:2a 66079648                   /home/cip/medtech2015/gu74xyga/Reconstruction/CONRAD/lib/joal-natives-windows-i586.jar
7fe891d37000-7fe891d38000 r--s 0002d000 00:2a 66079647                   /home/cip/medtech2015/gu74xyga/Reconstruction/CONRAD/lib/joal-natives-windows-amd64.jar
7fe891d38000-7fe891d39000 r--s 00001000 00:2a 66079646                   /home/cip/medtech2015/gu74xyga/Reconstruction/CONRAD/lib/joal-natives-solaris-i586.jar
7fe891d39000-7fe891d3a000 r--s 00002000 00:2a 66079645                   /home/cip/medtech2015/gu74xyga/Reconstruction/CONRAD/lib/joal-natives-solaris-amd64.jar
7fe891d3a000-7fe891d3b000 r--s 0006f000 00:2a 66079644                   /home/cip/medtech2015/gu74xyga/Reconstruction/CONRAD/lib/joal-natives-macosx-universal.jar
7fe891d3b000-7fe891d3c000 r--s 00030000 00:2a 66079643                   /home/cip/medtech2015/gu74xyga/Reconstruction/CONRAD/lib/joal-natives-linux-i586.jar
7fe891d3c000-7fe891d3d000 r--s 0002e000 00:2a 66079642                   /home/cip/medtech2015/gu74xyga/Reconstruction/CONRAD/lib/joal-natives-linux-amd64.jar
7fe891d3d000-7fe891d3f000 r--s 00011000 00:2a 66079637                   /home/cip/medtech2015/gu74xyga/Reconstruction/CONRAD/lib/jcudpp-0.3.0a.jar
7fe891d3f000-7fe891d46000 r--s 0007c000 00:2a 66079636                   /home/cip/medtech2015/gu74xyga/Reconstruction/CONRAD/lib/jcuda-0.3.0a.jar
7fe891d46000-7fe891d48000 r--s 0001f000 00:2a 66079635                   /home/cip/medtech2015/gu74xyga/Reconstruction/CONRAD/lib/jcublas-0.3.0a.jar
7fe891d48000-7fe891d49000 ---p 00000000 00:00 0 
7fe891d49000-7fe891f4a000 rwxp 00000000 00:00 0                          [stack:27771]
7fe891f4a000-7fe891f4b000 ---p 00000000 00:00 0 
7fe891f4b000-7fe89204b000 rwxp 00000000 00:00 0                          [stack:27770]
7fe89204b000-7fe89204c000 ---p 00000000 00:00 0 
7fe89204c000-7fe89224d000 rwxp 00000000 00:00 0                          [stack:27768]
7fe89224d000-7fe89228c000 r--p 00000000 08:01 22151262                   /usr/lib/locale/zu_ZA.utf8/LC_CTYPE
7fe89228c000-7fe8923bc000 r--p 00000000 08:01 22151261                   /usr/lib/locale/zu_ZA.utf8/LC_COLLATE
7fe8923bc000-7fe8925be000 rwxp 00000000 00:00 0                          [stack:27765]
7fe8925be000-7fe8925bf000 ---p 00000000 00:00 0 
7fe8925bf000-7fe8926bf000 rwxp 00000000 00:00 0                          [stack:27764]
7fe8926bf000-7fe894000000 rw-p 00000000 00:00 0 
7fe894000000-7fe894021000 rw-p 00000000 00:00 0 
7fe894021000-7fe898000000 ---p 00000000 00:00 0 
7fe898000000-7fe898021000 rw-p 00000000 00:00 0 
7fe898021000-7fe89c000000 ---p 00000000 00:00 0 
7fe89c000000-7fe89c021000 rw-p 00000000 00:00 0 
7fe89c021000-7fe8a0000000 ---p 00000000 00:00 0 
7fe8a0000000-7fe8a0021000 rw-p 00000000 00:00 0 
7fe8a0021000-7fe8a4000000 ---p 00000000 00:00 0 
7fe8a4000000-7fe8a4021000 rw-p 00000000 00:00 0 
7fe8a4021000-7fe8a8000000 ---p 00000000 00:00 0 
7fe8a8000000-7fe8a8021000 rw-p 00000000 00:00 0 
7fe8a8021000-7fe8ac000000 ---p 00000000 00:00 0 
7fe8ac000000-7fe8ac021000 rw-p 00000000 00:00 0 
7fe8ac021000-7fe8b0000000 ---p 00000000 00:00 0 
7fe8b0000000-7fe8b0021000 rw-p 00000000 00:00 0 
7fe8b0021000-7fe8b4000000 ---p 00000000 00:00 0 
7fe8b4000000-7fe8b4021000 rw-p 00000000 00:00 0 
7fe8b4021000-7fe8b8000000 ---p 00000000 00:00 0 
7fe8b8000000-7fe8b8021000 rw-p 00000000 00:00 0 
7fe8b8021000-7fe8bc000000 ---p 00000000 00:00 0 
7fe8bc000000-7fe8bc021000 rw-p 00000000 00:00 0 
7fe8bc021000-7fe8c0000000 ---p 00000000 00:00 0 
7fe8c0000000-7fe8c0021000 rw-p 00000000 00:00 0 
7fe8c0021000-7fe8c4000000 ---p 00000000 00:00 0 
7fe8c4000000-7fe8c4001000 r--s 00029000 00:2a 66079638                   /home/cip/medtech2015/gu74xyga/Reconstruction/CONRAD/lib/jcufft-0.3.0a.jar
7fe8c4001000-7fe8c4003000 r--s 00007000 00:2a 66079620                   /home/cip/medtech2015/gu74xyga/Reconstruction/CONRAD/lib/Jama-1.0.2.jar
7fe8c4003000-7fe8c4005000 r--s 0000f000 00:2a 66079619                   /home/cip/medtech2015/gu74xyga/Reconstruction/CONRAD/lib/ImageJ_SURF_2009-12-01_08.19.jar
7fe8c4005000-7fe8c400f000 r--s 001da000 00:2a 66079633                   /home/cip/medtech2015/gu74xyga/Reconstruction/CONRAD/lib/ij.jar
7fe8c400f000-7fe8c4010000 r--s 00002000 00:2a 66079632                   /home/cip/medtech2015/gu74xyga/Reconstruction/CONRAD/lib/hough-0.1.jar
7fe8c4010000-7fe8c4016000 r--s 00041000 00:2a 66079631                   /home/cip/medtech2015/gu74xyga/Reconstruction/CONRAD/lib/gluegen-rt.jar
7fe8c4016000-7fe8c4017000 r--s 00001000 00:2a 66079630                   /home/cip/medtech2015/gu74xyga/Reconstruction/CONRAD/lib/gluegen-rt-natives-windows-i586.jar
7fe8c4017000-7fe8c4018000 r--s 00001000 00:2a 66079629                   /home/cip/medtech2015/gu74xyga/Reconstruction/CONRAD/lib/gluegen-rt-natives-windows-amd64.jar
7fe8c4018000-7fe8c4019000 r--s 00000000 00:2a 66079628                   /home/cip/medtech2015/gu74xyga/Reconstruction/CONRAD/lib/gluegen-rt-natives-solaris-i586.jar
7fe8c4019000-7fe8c401b000 r--s 00000000 00:2a 66079625                   /home/cip/medtech2015/gu74xyga/Reconstruction/CONRAD/lib/gluegen-rt-natives-linux-i586.jar
7fe8c401b000-7fe8c401d000 r--s 00000000 00:2a 66079624                   /home/cip/medtech2015/gu74xyga/Reconstruction/CONRAD/lib/gluegen-rt-natives-linux-amd64.jar
7fe8c401d000-7fe8c531d000 rw-p 00000000 00:00 0 
7fe8c531d000-7fe8c54cf000 r--s 01d32000 08:01 14701907                   /usr/lib/jvm/java-7-openjdk-amd64/jre/lib/rt.jar
7fe8c54cf000-7fe8c61d6000 rw-p 00000000 00:00 0 
7fe8c61d6000-7fe8c61d7000 ---p 00000000 00:00 0 
7fe8c61d7000-7fe8c62d7000 rwxp 00000000 00:00 0                          [stack:27763]
7fe8c62d7000-7fe8c62d8000 ---p 00000000 00:00 0 
7fe8c62d8000-7fe8c63d8000 rwxp 00000000 00:00 0                          [stack:27762]
7fe8c63d8000-7fe8c63d9000 ---p 00000000 00:00 0 
7fe8c63d9000-7fe8c64d9000 rwxp 00000000 00:00 0                          [stack:27761]
7fe8c64d9000-7fe8c64da000 ---p 00000000 00:00 0 
7fe8c64da000-7fe8c65da000 rwxp 00000000 00:00 0                          [stack:27760]
7fe8c65da000-7fe8c65db000 ---p 00000000 00:00 0 
7fe8c65db000-7fe8c66db000 rwxp 00000000 00:00 0                          [stack:27759]
7fe8c66db000-7fe8c66dc000 ---p 00000000 00:00 0 
7fe8c66dc000-7fe8c67dc000 rwxp 00000000 00:00 0                          [stack:27758]
7fe8c67dc000-7fe8c67dd000 ---p 00000000 00:00 0 
7fe8c67dd000-7fe8c68dd000 rwxp 00000000 00:00 0                          [stack:27757]
7fe8c68dd000-7fe8c68de000 ---p 00000000 00:00 0 
7fe8c68de000-7fe8c69de000 rwxp 00000000 00:00 0                          [stack:27756]
7fe8c69de000-7fe8c69df000 ---p 00000000 00:00 0 
7fe8c69df000-7fe8c6adf000 rwxp 00000000 00:00 0                          [stack:27755]
7fe8c6adf000-7fe8c6ae0000 ---p 00000000 00:00 0 
7fe8c6ae0000-7fe8c6be0000 rwxp 00000000 00:00 0                          [stack:27754]
7fe8c6be0000-7fe8c6be1000 ---p 00000000 00:00 0 
7fe8c6be1000-7fe8c6ce1000 rwxp 00000000 00:00 0                          [stack:27753]
7fe8c6ce1000-7fe8c6ce2000 ---p 00000000 00:00 0 
7fe8c6ce2000-7fe8c6de2000 rwxp 00000000 00:00 0                          [stack:27752]
7fe8c6de2000-7fe8c6de3000 ---p 00000000 00:00 0 
7fe8c6de3000-7fe8c6ee3000 rwxp 00000000 00:00 0                          [stack:27751]
7fe8c6ee3000-7fe8c6f61000 rw-p 00000000 00:00 0 
7fe8c6f61000-7fe8c76bc000 rw-p 00000000 00:00 0 
7fe8c76bc000-7fe8c76c7000 rw-p 00000000 00:00 0 
7fe8c76c7000-7fe8c770f000 rw-p 00000000 00:00 0 
7fe8c770f000-7fe8c778d000 rw-p 00000000 00:00 0 
7fe8c778d000-7fe8c7ee7000 rw-p 00000000 00:00 0 
7fe8c7ee7000-7fe8c7f27000 rw-p 00000000 00:00 0 
7fe8c7f27000-7fe8c82d4000 rw-p 00000000 00:00 0 
7fe8c82d4000-7fe8c82df000 rw-p 00000000 00:00 0 
7fe8c82df000-7fe8c8395000 rw-p 00000000 00:00 0 
7fe8c8395000-7fe8c8605000 rwxp 00000000 00:00 0 
7fe8c8605000-7fe8cb395000 rw-p 00000000 00:00 0 
7fe8cb395000-7fe8cb39d000 r-xp 00000000 08:01 14701903                   /usr/lib/jvm/java-7-openjdk-amd64/jre/lib/amd64/libzip.so
7fe8cb39d000-7fe8cb59c000 ---p 00008000 08:01 14701903                   /usr/lib/jvm/java-7-openjdk-amd64/jre/lib/amd64/libzip.so
7fe8cb59c000-7fe8cb59d000 r--p 00007000 08:01 14701903                   /usr/lib/jvm/java-7-openjdk-amd64/jre/lib/amd64/libzip.so
7fe8cb59d000-7fe8cb59e000 rw-p 00008000 08:01 14701903                   /usr/lib/jvm/java-7-openjdk-amd64/jre/lib/amd64/libzip.so
7fe8cb59e000-7fe8cb5aa000 r-xp 00000000 08:01 7340622                    /lib/x86_64-linux-gnu/libnss_ldap.so.2
7fe8cb5aa000-7fe8cb7a9000 ---p 0000c000 08:01 7340622                    /lib/x86_64-linux-gnu/libnss_ldap.so.2
7fe8cb7a9000-7fe8cb7aa000 r--p 0000b000 08:01 7340622                    /lib/x86_64-linux-gnu/libnss_ldap.so.2
7fe8cb7aa000-7fe8cb7ab000 rw-p 0000c000 08:01 7340622                    /lib/x86_64-linux-gnu/libnss_ldap.so.2
7fe8cb7ab000-7fe8cb7b6000 r-xp 00000000 08:01 7340284                    /lib/x86_64-linux-gnu/libnss_files-2.19.so
7fe8cb7b6000-7fe8cb9b5000 ---p 0000b000 08:01 7340284                    /lib/x86_64-linux-gnu/libnss_files-2.19.so
7fe8cb9b5000-7fe8cb9b6000 r--p 0000a000 08:01 7340284                    /lib/x86_64-linux-gnu/libnss_files-2.19.so
7fe8cb9b6000-7fe8cb9b7000 rw-p 0000b000 08:01 7340284                    /lib/x86_64-linux-gnu/libnss_files-2.19.so
7fe8cb9b7000-7fe8cb9e4000 r-xp 00000000 08:01 14701039                   /usr/lib/jvm/java-7-openjdk-amd64/jre/lib/amd64/libjava.so
7fe8cb9e4000-7fe8cbbe3000 ---p 0002d000 08:01 14701039                   /usr/lib/jvm/java-7-openjdk-amd64/jre/lib/amd64/libjava.so
7fe8cbbe3000-7fe8cbbe4000 r--p 0002c000 08:01 14701039                   /usr/lib/jvm/java-7-openjdk-amd64/jre/lib/amd64/libjava.so
7fe8cbbe4000-7fe8cbbe6000 rw-p 0002d000 08:01 14701039                   /usr/lib/jvm/java-7-openjdk-amd64/jre/lib/amd64/libjava.so
7fe8cbbe6000-7fe8cbbf5000 r-xp 00000000 08:01 14701901                   /usr/lib/jvm/java-7-openjdk-amd64/jre/lib/amd64/libverify.so
7fe8cbbf5000-7fe8cbdf4000 ---p 0000f000 08:01 14701901                   /usr/lib/jvm/java-7-openjdk-amd64/jre/lib/amd64/libverify.so
7fe8cbdf4000-7fe8cbdf7000 r--p 0000e000 08:01 14701901                   /usr/lib/jvm/java-7-openjdk-amd64/jre/lib/amd64/libverify.so
7fe8cbdf7000-7fe8cbdf8000 rw-p 00011000 08:01 14701901                   /usr/lib/jvm/java-7-openjdk-amd64/jre/lib/amd64/libverify.so
7fe8cbdf8000-7fe8cbdff000 r-xp 00000000 08:01 7340319                    /lib/x86_64-linux-gnu/librt-2.19.so
7fe8cbdff000-7fe8cbffe000 ---p 00007000 08:01 7340319                    /lib/x86_64-linux-gnu/librt-2.19.so
7fe8cbffe000-7fe8cbfff000 r--p 00006000 08:01 7340319                    /lib/x86_64-linux-gnu/librt-2.19.so
7fe8cbfff000-7fe8cc000000 rw-p 00007000 08:01 7340319                    /lib/x86_64-linux-gnu/librt-2.19.so
7fe8cc000000-7fe8ccc97000 rw-p 00000000 00:00 0 
7fe8ccc97000-7fe8d0000000 ---p 00000000 00:00 0 
7fe8d0000000-7fe8d0001000 r--s 00001000 00:2a 66079627                   /home/cip/medtech2015/gu74xyga/Reconstruction/CONRAD/lib/gluegen-rt-natives-solaris-amd64.jar
7fe8d0001000-7fe8d0006000 r--s 0009a000 00:2a 66079618                   /home/cip/medtech2015/gu74xyga/Reconstruction/CONRAD/lib/BoneJ_.jar
7fe8d0006000-7fe8d000a000 r--s 0003c000 08:01 14700461                   /usr/lib/jvm/java-7-openjdk-amd64/jre/lib/ext/sunpkcs11.jar
7fe8d000a000-7fe8d000c000 r--s 00006000 08:01 14159583                   /usr/share/java/java-atk-wrapper.jar
7fe8d000c000-7fe8d0010000 r--s 00034000 08:01 14700457                   /usr/lib/jvm/java-7-openjdk-amd64/jre/lib/ext/sunjce_provider.jar
7fe8d0010000-7fe8d0014000 r--s 00085000 08:01 14700462                   /usr/lib/jvm/java-7-openjdk-amd64/jre/lib/ext/localedata.jar
7fe8d0014000-7fe8d002a000 r-xp 00000000 08:01 7340050                    /lib/x86_64-linux-gnu/libgcc_s.so.1
7fe8d002a000-7fe8d0229000 ---p 00016000 08:01 7340050                    /lib/x86_64-linux-gnu/libgcc_s.so.1
7fe8d0229000-7fe8d022a000 rw-p 00015000 08:01 7340050                    /lib/x86_64-linux-gnu/libgcc_s.so.1
7fe8d022a000-7fe8d032a000 r-xp 00000000 08:01 7340274                    /lib/x86_64-linux-gnu/libm-2.19.so
7fe8d032a000-7fe8d0529000 ---p 00100000 08:01 7340274                    /lib/x86_64-linux-gnu/libm-2.19.so
7fe8d0529000-7fe8d052a000 r--p 000ff000 08:01 7340274                    /lib/x86_64-linux-gnu/libm-2.19.so
7fe8d052a000-7fe8d052b000 rw-p 00100000 08:01 7340274                    /lib/x86_64-linux-gnu/libm-2.19.so
7fe8d052b000-7fe8d0617000 r-xp 00000000 08:01 13373791                   /usr/lib/x86_64-linux-gnu/libstdc++.so.6.0.20
7fe8d0617000-7fe8d0817000 ---p 000ec000 08:01 13373791                   /usr/lib/x86_64-linux-gnu/libstdc++.so.6.0.20
7fe8d0817000-7fe8d081f000 r--p 000ec000 08:01 13373791                   /usr/lib/x86_64-linux-gnu/libstdc++.so.6.0.20
7fe8d081f000-7fe8d0821000 rw-p 000f4000 08:01 13373791                   /usr/lib/x86_64-linux-gnu/libstdc++.so.6.0.20
7fe8d0821000-7fe8d0836000 rw-p 00000000 00:00 0 
7fe8d0836000-7fe8d138e000 r-xp 00000000 08:01 14701046                   /usr/lib/jvm/java-7-openjdk-amd64/jre/lib/amd64/server/libjvm.so
7fe8d138e000-7fe8d158e000 ---p 00b58000 08:01 14701046                   /usr/lib/jvm/java-7-openjdk-amd64/jre/lib/amd64/server/libjvm.so
7fe8d158e000-7fe8d162d000 r--p 00b58000 08:01 14701046                   /usr/lib/jvm/java-7-openjdk-amd64/jre/lib/amd64/server/libjvm.so
7fe8d162d000-7fe8d1650000 rw-p 00bf7000 08:01 14701046                   /usr/lib/jvm/java-7-openjdk-amd64/jre/lib/amd64/server/libjvm.so
7fe8d1650000-7fe8d167e000 rw-p 00000000 00:00 0 
7fe8d167e000-7fe8d1698000 r-xp 00000000 08:01 7340334                    /lib/x86_64-linux-gnu/libz.so.1.2.8
7fe8d1698000-7fe8d1897000 ---p 0001a000 08:01 7340334                    /lib/x86_64-linux-gnu/libz.so.1.2.8
7fe8d1897000-7fe8d1898000 r--p 00019000 08:01 7340334                    /lib/x86_64-linux-gnu/libz.so.1.2.8
7fe8d1898000-7fe8d1899000 rw-p 0001a000 08:01 7340334                    /lib/x86_64-linux-gnu/libz.so.1.2.8
7fe8d1899000-7fe8d1a3b000 r-xp 00000000 08:01 7340207                    /lib/x86_64-linux-gnu/libc-2.19.so
7fe8d1a3b000-7fe8d1c3a000 ---p 001a2000 08:01 7340207                    /lib/x86_64-linux-gnu/libc-2.19.so
7fe8d1c3a000-7fe8d1c3e000 r--p 001a1000 08:01 7340207                    /lib/x86_64-linux-gnu/libc-2.19.so
7fe8d1c3e000-7fe8d1c40000 rw-p 001a5000 08:01 7340207                    /lib/x86_64-linux-gnu/libc-2.19.so
7fe8d1c40000-7fe8d1c44000 rw-p 00000000 00:00 0 
7fe8d1c44000-7fe8d1c47000 r-xp 00000000 08:01 7340272                    /lib/x86_64-linux-gnu/libdl-2.19.so
7fe8d1c47000-7fe8d1e46000 ---p 00003000 08:01 7340272                    /lib/x86_64-linux-gnu/libdl-2.19.so
7fe8d1e46000-7fe8d1e47000 r--p 00002000 08:01 7340272                    /lib/x86_64-linux-gnu/libdl-2.19.so
7fe8d1e47000-7fe8d1e48000 rw-p 00003000 08:01 7340272                    /lib/x86_64-linux-gnu/libdl-2.19.so
7fe8d1e48000-7fe8d1e55000 r-xp 00000000 08:01 14700528                   /usr/lib/jvm/java-7-openjdk-amd64/jre/lib/amd64/jli/libjli.so
7fe8d1e55000-7fe8d2054000 ---p 0000d000 08:01 14700528                   /usr/lib/jvm/java-7-openjdk-amd64/jre/lib/amd64/jli/libjli.so
7fe8d2054000-7fe8d2055000 r--p 0000c000 08:01 14700528                   /usr/lib/jvm/java-7-openjdk-amd64/jre/lib/amd64/jli/libjli.so
7fe8d2055000-7fe8d2056000 rw-p 0000d000 08:01 14700528                   /usr/lib/jvm/java-7-openjdk-amd64/jre/lib/amd64/jli/libjli.so
7fe8d2056000-7fe8d206e000 r-xp 00000000 08:01 7340144                    /lib/x86_64-linux-gnu/libpthread-2.19.so
7fe8d206e000-7fe8d226d000 ---p 00018000 08:01 7340144                    /lib/x86_64-linux-gnu/libpthread-2.19.so
7fe8d226d000-7fe8d226e000 r--p 00017000 08:01 7340144                    /lib/x86_64-linux-gnu/libpthread-2.19.so
7fe8d226e000-7fe8d226f000 rw-p 00018000 08:01 7340144                    /lib/x86_64-linux-gnu/libpthread-2.19.so
7fe8d226f000-7fe8d2273000 rw-p 00000000 00:00 0 
7fe8d2273000-7fe8d2293000 r-xp 00000000 08:01 7340148                    /lib/x86_64-linux-gnu/ld-2.19.so
7fe8d2293000-7fe8d2294000 r--s 00001000 00:2a 66079626                   /home/cip/medtech2015/gu74xyga/Reconstruction/CONRAD/lib/gluegen-rt-natives-macosx-universal.jar
7fe8d2294000-7fe8d2297000 r--s 0000f000 08:01 14700458                   /usr/lib/jvm/java-7-openjdk-amd64/jre/lib/ext/icedtea-sound.jar
7fe8d2297000-7fe8d2298000 r--s 00002000 08:01 14700459                   /usr/lib/jvm/java-7-openjdk-amd64/jre/lib/ext/dnsns.jar
7fe8d2298000-7fe8d22fe000 rw-p 00000000 00:00 0 
7fe8d22fe000-7fe8d2346000 rw-p 00000000 00:00 0 
7fe8d2346000-7fe8d2347000 ---p 00000000 00:00 0 
7fe8d2347000-7fe8d2447000 rwxp 00000000 00:00 0                          [stack:27750]
7fe8d2447000-7fe8d244c000 rw-p 00000000 00:00 0 
7fe8d244c000-7fe8d244e000 r--s 00012000 08:01 14700460                   /usr/lib/jvm/java-7-openjdk-amd64/jre/lib/ext/zipfs.jar
7fe8d244e000-7fe8d244f000 r--p 00000000 08:01 22151263                   /usr/lib/locale/zu_ZA.utf8/LC_NUMERIC
7fe8d244f000-7fe8d2450000 r--p 00000000 08:01 22153591                   /usr/lib/locale/en_US.utf8/LC_TIME
7fe8d2450000-7fe8d2451000 r--p 00000000 08:01 22153590                   /usr/lib/locale/en_US.utf8/LC_MONETARY
7fe8d2451000-7fe8d2452000 r--p 00000000 08:01 22151616                   /usr/lib/locale/ug_CN/LC_MESSAGES/SYS_LC_MESSAGES
7fe8d2452000-7fe8d2453000 r--p 00000000 08:01 22151260                   /usr/lib/locale/zu_ZA.utf8/LC_PAPER
7fe8d2453000-7fe8d2454000 r--p 00000000 08:01 22151420                   /usr/lib/locale/yi_US.utf8/LC_NAME
7fe8d2454000-7fe8d2455000 r--p 00000000 08:01 22153589                   /usr/lib/locale/en_US.utf8/LC_ADDRESS
7fe8d2455000-7fe8d2456000 r--p 00000000 08:01 22151415                   /usr/lib/locale/yi_US.utf8/LC_TELEPHONE
7fe8d2456000-7fe8d2457000 r--p 00000000 08:01 22151414                   /usr/lib/locale/yi_US.utf8/LC_MEASUREMENT
7fe8d2457000-7fe8d245e000 r--s 00000000 08:01 13459380                   /usr/lib/x86_64-linux-gnu/gconv/gconv-modules.cache
7fe8d245e000-7fe8d245f000 r--p 00000000 08:01 22153588                   /usr/lib/locale/en_US.utf8/LC_IDENTIFICATION
7fe8d245f000-7fe8d2487000 rw-p 00000000 00:00 0 
7fe8d2487000-7fe8d248f000 rw-s 00000000 08:01 23331876                   /tmp/hsperfdata_gu74xyga/27745
7fe8d248f000-7fe8d2490000 rw-p 00000000 00:00 0 
7fe8d2490000-7fe8d2491000 r--p 00000000 00:00 0 
7fe8d2491000-7fe8d2493000 rw-p 00000000 00:00 0 
7fe8d2493000-7fe8d2494000 r--p 00020000 08:01 7340148                    /lib/x86_64-linux-gnu/ld-2.19.so
7fe8d2494000-7fe8d2495000 rw-p 00021000 08:01 7340148                    /lib/x86_64-linux-gnu/ld-2.19.so
7fe8d2495000-7fe8d2496000 rw-p 00000000 00:00 0 
7ffe35e4c000-7ffe35e6c000 rwxp 00000000 00:00 0                          [stack]
7ffe35e6c000-7ffe35e6e000 rw-p 00000000 00:00 0 
7ffe35fc1000-7ffe35fc3000 r--p 00000000 00:00 0                          [vvar]
7ffe35fc3000-7ffe35fc5000 r-xp 00000000 00:00 0                          [vdso]

VM Arguments:
jvm_args: -Dfile.encoding=UTF-8 
java_command: edu.stanford.rsl.tutorial.gu74xyga.OpenCLBP
Launcher Type: SUN_STANDARD

Environment Variables:
PATH=/usr/local/bin:/usr/bin:/bin:/usr/local/games:/usr/games
SHELL=/usr/bin/cip-login
DISPLAY=:0.0

Signal Handlers:
SIGSEGV: [libjvm.so+0x989ea0], sa_mask[0]=0x7ffbfeff, sa_flags=0x10000004
SIGBUS: [libjvm.so+0x989ea0], sa_mask[0]=0x7ffbfeff, sa_flags=0x10000004
SIGFPE: [libamdocl12cl64.so+0x84c000], sa_mask[0]=0x7ffbfeff, sa_flags=0x10000004
SIGPIPE: [libjvm.so+0x7f6820], sa_mask[0]=0x7ffbfeff, sa_flags=0x10000004
SIGXFSZ: [libjvm.so+0x7f6820], sa_mask[0]=0x7ffbfeff, sa_flags=0x10000004
SIGILL: [libjvm.so+0x7f6820], sa_mask[0]=0x7ffbfeff, sa_flags=0x10000004
SIGUSR1: SIG_DFL, sa_mask[0]=0x00000000, sa_flags=0x00000000
SIGUSR2: [libjvm.so+0x7f66a0], sa_mask[0]=0x00000004, sa_flags=0x10000004
SIGHUP: [libjvm.so+0x7f68a0], sa_mask[0]=0x7ffbfeff, sa_flags=0x10000004
SIGINT: [libjvm.so+0x7f68a0], sa_mask[0]=0x7ffbfeff, sa_flags=0x10000004
SIGTERM: [libjvm.so+0x7f68a0], sa_mask[0]=0x7ffbfeff, sa_flags=0x10000004
SIGQUIT: [libjvm.so+0x7f68a0], sa_mask[0]=0x7ffbfeff, sa_flags=0x10000004
SIGTRAP: SIG_DFL, sa_mask[0]=0x00000000, sa_flags=0x00000000


---------------  S Y S T E M  ---------------

OS:8.5

uname:Linux 4.4.14-2-cip-amd64 #2 SMP Mon Jul 4 13:01:26 CEST 2016 x86_64
libc:glibc 2.19 NPTL 2.19 
rlimit: STACK 8192k, CORE 0k, NPROC 1000, NOFILE 16384, AS infinity
load average:0.09 0.05 0.06

/proc/meminfo:
MemTotal:       24676820 kB
MemFree:        19055084 kB
MemAvailable:   22545824 kB
Buffers:          595704 kB
Cached:          1569912 kB
SwapCached:            0 kB
Active:          3363368 kB
Inactive:         547200 kB
Active(anon):    1747168 kB
Inactive(anon):    59008 kB
Active(file):    1616200 kB
Inactive(file):   488192 kB
Unevictable:           0 kB
Mlocked:               0 kB
SwapTotal:      31248380 kB
SwapFree:       31248380 kB
Dirty:               524 kB
Writeback:             0 kB
AnonPages:       1744992 kB
Mapped:           467500 kB
Shmem:             61228 kB
Slab:            1507468 kB
SReclaimable:    1460820 kB
SUnreclaim:        46648 kB
KernelStack:        8960 kB
PageTables:        26336 kB
NFS_Unstable:          0 kB
Bounce:                0 kB
WritebackTmp:          0 kB
CommitLimit:    43586788 kB
Committed_AS:    4812112 kB
VmallocTotal:   34359738367 kB
VmallocUsed:           0 kB
VmallocChunk:          0 kB
DirectMap4k:      200384 kB
DirectMap2M:     9228288 kB
DirectMap1G:    15728640 kB


CPU:total 16 (4 cores per cpu, 2 threads per core) family 6 model 44 stepping 2, cmov, cx8, fxsr, mmx, sse, sse2, sse3, ssse3, sse4.1, sse4.2, popcnt, aes, ht, tsc, tscinvbit, tscinv

/proc/cpuinfo:
processor	: 0
vendor_id	: GenuineIntel
cpu family	: 6
model		: 44
model name	: Intel(R) Xeon(R) CPU           E5620  @ 2.40GHz
stepping	: 2
microcode	: 0x15
cpu MHz		: 1729.000
cache size	: 12288 KB
physical id	: 0
siblings	: 8
core id		: 0
cpu cores	: 4
apicid		: 0
initial apicid	: 0
fpu		: yes
fpu_exception	: yes
cpuid level	: 11
wp		: yes
flags		: fpu vme de pse tsc msr pae mce cx8 apic sep mtrr pge mca cmov pat pse36 clflush dts acpi mmx fxsr sse sse2 ss ht tm pbe syscall nx pdpe1gb rdtscp lm constant_tsc arch_perfmon pebs bts rep_good nopl xtopology nonstop_tsc aperfmperf pni pclmulqdq dtes64 monitor ds_cpl vmx smx est tm2 ssse3 cx16 xtpr pdcm pcid dca sse4_1 sse4_2 popcnt aes lahf_lm ida arat dtherm tpr_shadow vnmi flexpriority ept vpid
bugs		:
bogomips	: 4787.59
clflush size	: 64
cache_alignment	: 64
address sizes	: 40 bits physical, 48 bits virtual
power management:

processor	: 1
vendor_id	: GenuineIntel
cpu family	: 6
model		: 44
model name	: Intel(R) Xeon(R) CPU           E5620  @ 2.40GHz
stepping	: 2
microcode	: 0x15
cpu MHz		: 1995.000
cache size	: 12288 KB
physical id	: 0
siblings	: 8
core id		: 1
cpu cores	: 4
apicid		: 2
initial apicid	: 2
fpu		: yes
fpu_exception	: yes
cpuid level	: 11
wp		: yes
flags		: fpu vme de pse tsc msr pae mce cx8 apic sep mtrr pge mca cmov pat pse36 clflush dts acpi mmx fxsr sse sse2 ss ht tm pbe syscall nx pdpe1gb rdtscp lm constant_tsc arch_perfmon pebs bts rep_good nopl xtopology nonstop_tsc aperfmperf pni pclmulqdq dtes64 monitor ds_cpl vmx smx est tm2 ssse3 cx16 xtpr pdcm pcid dca sse4_1 sse4_2 popcnt aes lahf_lm ida arat dtherm tpr_shadow vnmi flexpriority ept vpid
bugs		:
bogomips	: 4787.59
clflush size	: 64
cache_alignment	: 64
address sizes	: 40 bits physical, 48 bits virtual
power management:

processor	: 2
vendor_id	: GenuineIntel
cpu family	: 6
model		: 44
model name	: Intel(R) Xeon(R) CPU           E5620  @ 2.40GHz
stepping	: 2
microcode	: 0x15
cpu MHz		: 1729.000
cache size	: 12288 KB
physical id	: 0
siblings	: 8
core id		: 9
cpu cores	: 4
apicid		: 18
initial apicid	: 18
fpu		: yes
fpu_exception	: yes
cpuid level	: 11
wp		: yes
flags		: fpu vme de pse tsc msr pae mce cx8 apic sep mtrr pge mca cmov pat pse36 clflush dts acpi mmx fxsr sse sse2 ss ht tm pbe syscall nx pdpe1gb rdtscp lm constant_tsc arch_perfmon pebs bts rep_good nopl xtopology nonstop_tsc aperfmperf pni pclmulqdq dtes64 monitor ds_cpl vmx smx est tm2 ssse3 cx16 xtpr pdcm pcid dca sse4_1 sse4_2 popcnt aes lahf_lm ida arat dtherm tpr_shadow vnmi flexpriority ept vpid
bugs		:
bogomips	: 4787.59
clflush size	: 64
cache_alignment	: 64
address sizes	: 40 bits physical, 48 bits virtual
power management:

processor	: 3
vendor_id	: GenuineIntel
cpu family	: 6
model		: 44
model name	: Intel(R) Xeon(R) CPU           E5620  @ 2.40GHz
stepping	: 2
microcode	: 0x15
cpu MHz		: 1729.000
cache size	: 12288 KB
physical id	: 0
siblings	: 8
core id		: 10
cpu cores	: 4
apicid		: 20
initial apicid	: 20
fpu		: yes
fpu_exception	: yes
cpuid level	: 11
wp		: yes
flags		: fpu vme de pse tsc msr pae mce cx8 apic sep mtrr pge mca cmov pat pse36 clflush dts acpi mmx fxsr sse sse2 ss ht tm pbe syscall nx pdpe1gb rdtscp lm constant_tsc arch_perfmon pebs bts rep_good nopl xtopology nonstop_tsc aperfmperf pni pclmulqdq dtes64 monitor ds_cpl vmx smx est tm2 ssse3 cx16 xtpr pdcm pcid dca sse4_1 sse4_2 popcnt aes lahf_lm ida arat dtherm tpr_shadow vnmi flexpriority ept vpid
bugs		:
bogomips	: 4787.59
clflush size	: 64
cache_alignment	: 64
address sizes	: 40 bits physical, 48 bits virtual
power management:

processor	: 4
vendor_id	: GenuineIntel
cpu family	: 6
model		: 44
model name	: Intel(R) Xeon(R) CPU           E5620  @ 2.40GHz
stepping	: 2
microcode	: 0x15
cpu MHz		: 2395.000
cache size	: 12288 KB
physical id	: 1
siblings	: 8
core id		: 0
cpu cores	: 4
apicid		: 32
initial apicid	: 32
fpu		: yes
fpu_exception	: yes
cpuid level	: 11
wp		: yes
flags		: fpu vme de pse tsc msr pae mce cx8 apic sep mtrr pge mca cmov pat pse36 clflush dts acpi mmx fxsr sse sse2 ss ht tm pbe syscall nx pdpe1gb rdtscp lm constant_tsc arch_perfmon pebs bts rep_good nopl xtopology nonstop_tsc aperfmperf pni pclmulqdq dtes64 monitor ds_cpl vmx smx est tm2 ssse3 cx16 xtpr pdcm pcid dca sse4_1 sse4_2 popcnt aes lahf_lm ida arat dtherm tpr_shadow vnmi flexpriority ept vpid
bugs		:
bogomips	: 4787.78
clflush size	: 64
cache_alignment	: 64
address sizes	: 40 bits physical, 48 bits virtual
power management:

processor	: 5
vendor_id	: GenuineIntel
cpu family	: 6
model		: 44
model name	: Intel(R) Xeon(R) CPU           E5620  @ 2.40GHz
stepping	: 2
microcode	: 0x15
cpu MHz		: 1596.000
cache size	: 12288 KB
physical id	: 1
siblings	: 8
core id		: 1
cpu cores	: 4
apicid		: 34
initial apicid	: 34
fpu		: yes
fpu_exception	: yes
cpuid level	: 11
wp		: yes
flags		: fpu vme de pse tsc msr pae mce cx8 apic sep mtrr pge mca cmov pat pse36 clflush dts acpi mmx fxsr sse sse2 ss ht tm pbe syscall nx pdpe1gb rdtscp lm constant_tsc arch_perfmon pebs bts rep_good nopl xtopology nonstop_tsc aperfmperf pni pclmulqdq dtes64 monitor ds_cpl vmx smx est tm2 ssse3 cx16 xtpr pdcm pcid dca sse4_1 sse4_2 popcnt aes lahf_lm ida arat dtherm tpr_shadow vnmi flexpriority ept vpid
bugs		:
bogomips	: 4787.78
clflush size	: 64
cache_alignment	: 64
address sizes	: 40 bits physical, 48 bits virtual
power management:

processor	: 6
vendor_id	: GenuineIntel
cpu family	: 6
model		: 44
model name	: Intel(R) Xeon(R) CPU           E5620  @ 2.40GHz
stepping	: 2
microcode	: 0x15
cpu MHz		: 2395.000
cache size	: 12288 KB
physical id	: 1
siblings	: 8
core id		: 9
cpu cores	: 4
apicid		: 50
initial apicid	: 50
fpu		: yes
fpu_exception	: yes
cpuid level	: 11
wp		: yes
flags		: fpu vme de pse tsc msr pae mce cx8 apic sep mtrr pge mca cmov pat pse36 clflush dts acpi mmx fxsr sse sse2 ss ht tm pbe syscall nx pdpe1gb rdtscp lm constant_tsc arch_perfmon pebs bts rep_good nopl xtopology nonstop_tsc aperfmperf pni pclmulqdq dtes64 monitor ds_cpl vmx smx est tm2 ssse3 cx16 xtpr pdcm pcid dca sse4_1 sse4_2 popcnt aes lahf_lm ida arat dtherm tpr_shadow vnmi flexpriority ept vpid
bugs		:
bogomips	: 4787.78
clflush size	: 64
cache_alignment	: 64
address sizes	: 40 bits physical, 48 bits virtual
power management:

processor	: 7
vendor_id	: GenuineIntel
cpu family	: 6
model		: 44
model name	: Intel(R) Xeon(R) CPU           E5620  @ 2.40GHz
stepping	: 2
microcode	: 0x15
cpu MHz		: 2395.000
cache size	: 12288 KB
physical id	: 1
siblings	: 8
core id		: 10
cpu cores	: 4
apicid		: 52
initial apicid	: 52
fpu		: yes
fpu_exception	: yes
cpuid level	: 11
wp		: yes
flags		: fpu vme de pse tsc msr pae mce cx8 apic sep mtrr pge mca cmov pat pse36 clflush dts acpi mmx fxsr sse sse2 ss ht tm pbe syscall nx pdpe1gb rdtscp lm constant_tsc arch_perfmon pebs bts rep_good nopl xtopology nonstop_tsc aperfmperf pni pclmulqdq dtes64 monitor ds_cpl vmx smx est tm2 ssse3 cx16 xtpr pdcm pcid dca sse4_1 sse4_2 popcnt aes lahf_lm ida arat dtherm tpr_shadow vnmi flexpriority ept vpid
bugs		:
bogomips	: 4787.78
clflush size	: 64
cache_alignment	: 64
address sizes	: 40 bits physical, 48 bits virtual
power management:

processor	: 8
vendor_id	: GenuineIntel
cpu family	: 6
model		: 44
model name	: Intel(R) Xeon(R) CPU           E5620  @ 2.40GHz
stepping	: 2
microcode	: 0x15
cpu MHz		: 1729.000
cache size	: 12288 KB
physical id	: 0
siblings	: 8
core id		: 0
cpu cores	: 4
apicid		: 1
initial apicid	: 1
fpu		: yes
fpu_exception	: yes
cpuid level	: 11
wp		: yes
flags		: fpu vme de pse tsc msr pae mce cx8 apic sep mtrr pge mca cmov pat pse36 clflush dts acpi mmx fxsr sse sse2 ss ht tm pbe syscall nx pdpe1gb rdtscp lm constant_tsc arch_perfmon pebs bts rep_good nopl xtopology nonstop_tsc aperfmperf pni pclmulqdq dtes64 monitor ds_cpl vmx smx est tm2 ssse3 cx16 xtpr pdcm pcid dca sse4_1 sse4_2 popcnt aes lahf_lm ida arat dtherm tpr_shadow vnmi flexpriority ept vpid
bugs		:
bogomips	: 4787.59
clflush size	: 64
cache_alignment	: 64
address sizes	: 40 bits physical, 48 bits virtual
power management:

processor	: 9
vendor_id	: GenuineIntel
cpu family	: 6
model		: 44
model name	: Intel(R) Xeon(R) CPU           E5620  @ 2.40GHz
stepping	: 2
microcode	: 0x15
cpu MHz		: 2395.000
cache size	: 12288 KB
physical id	: 0
siblings	: 8
core id		: 1
cpu cores	: 4
apicid		: 3
initial apicid	: 3
fpu		: yes
fpu_exception	: yes
cpuid level	: 11
wp		: yes
flags		: fpu vme de pse tsc msr pae mce cx8 apic sep mtrr pge mca cmov pat pse36 clflush dts acpi mmx fxsr sse sse2 ss ht tm pbe syscall nx pdpe1gb rdtscp lm constant_tsc arch_perfmon pebs bts rep_good nopl xtopology nonstop_tsc aperfmperf pni pclmulqdq dtes64 monitor ds_cpl vmx smx est tm2 ssse3 cx16 xtpr pdcm pcid dca sse4_1 sse4_2 popcnt aes lahf_lm ida arat dtherm tpr_shadow vnmi flexpriority ept vpid
bugs		:
bogomips	: 4787.59
clflush size	: 64
cache_alignment	: 64
address sizes	: 40 bits physical, 48 bits virtual
power management:

processor	: 10
vendor_id	: GenuineIntel
cpu family	: 6
model		: 44
model name	: Intel(R) Xeon(R) CPU           E5620  @ 2.40GHz
stepping	: 2
microcode	: 0x15
cpu MHz		: 1596.000
cache size	: 12288 KB
physical id	: 0
siblings	: 8
core id		: 9
cpu cores	: 4
apicid		: 19
initial apicid	: 19
fpu		: yes
fpu_exception	: yes
cpuid level	: 11
wp		: yes
flags		: fpu vme de pse tsc msr pae mce cx8 apic sep mtrr pge mca cmov pat pse36 clflush dts acpi mmx fxsr sse sse2 ss ht tm pbe syscall nx pdpe1gb rdtscp lm constant_tsc arch_perfmon pebs bts rep_good nopl xtopology nonstop_tsc aperfmperf pni pclmulqdq dtes64 monitor ds_cpl vmx smx est tm2 ssse3 cx16 xtpr pdcm pcid dca sse4_1 sse4_2 popcnt aes lahf_lm ida arat dtherm tpr_shadow vnmi flexpriority ept vpid
bugs		:
bogomips	: 4787.59
clflush size	: 64
cache_alignment	: 64
address sizes	: 40 bits physical, 48 bits virtual
power management:

processor	: 11
vendor_id	: GenuineIntel
cpu family	: 6
model		: 44
model name	: Intel(R) Xeon(R) CPU           E5620  @ 2.40GHz
stepping	: 2
microcode	: 0x15
cpu MHz		: 1596.000
cache size	: 12288 KB
physical id	: 0
siblings	: 8
core id		: 10
cpu cores	: 4
apicid		: 21
initial apicid	: 21
fpu		: yes
fpu_exception	: yes
cpuid level	: 11
wp		: yes
flags		: fpu vme de pse tsc msr pae mce cx8 apic sep mtrr pge mca cmov pat pse36 clflush dts acpi mmx fxsr sse sse2 ss ht tm pbe syscall nx pdpe1gb rdtscp lm constant_tsc arch_perfmon pebs bts rep_good nopl xtopology nonstop_tsc aperfmperf pni pclmulqdq dtes64 monitor ds_cpl vmx smx est tm2 ssse3 cx16 xtpr pdcm pcid dca sse4_1 sse4_2 popcnt aes lahf_lm ida arat dtherm tpr_shadow vnmi flexpriority ept vpid
bugs		:
bogomips	: 4787.59
clflush size	: 64
cache_alignment	: 64
address sizes	: 40 bits physical, 48 bits virtual
power management:

processor	: 12
vendor_id	: GenuineIntel
cpu family	: 6
model		: 44
model name	: Intel(R) Xeon(R) CPU           E5620  @ 2.40GHz
stepping	: 2
microcode	: 0x15
cpu MHz		: 1596.000
cache size	: 12288 KB
physical id	: 1
siblings	: 8
core id		: 0
cpu cores	: 4
apicid		: 33
initial apicid	: 33
fpu		: yes
fpu_exception	: yes
cpuid level	: 11
wp		: yes
flags		: fpu vme de pse tsc msr pae mce cx8 apic sep mtrr pge mca cmov pat pse36 clflush dts acpi mmx fxsr sse sse2 ss ht tm pbe syscall nx pdpe1gb rdtscp lm constant_tsc arch_perfmon pebs bts rep_good nopl xtopology nonstop_tsc aperfmperf pni pclmulqdq dtes64 monitor ds_cpl vmx smx est tm2 ssse3 cx16 xtpr pdcm pcid dca sse4_1 sse4_2 popcnt aes lahf_lm ida arat dtherm tpr_shadow vnmi flexpriority ept vpid
bugs		:
bogomips	: 4787.78
clflush size	: 64
cache_alignment	: 64
address sizes	: 40 bits physical, 48 bits virtual
power management:

processor	: 13
vendor_id	: GenuineIntel
cpu family	: 6
model		: 44
model name	: Intel(R) Xeon(R) CPU           E5620  @ 2.40GHz
stepping	: 2
microcode	: 0x15
cpu MHz		: 1596.000
cache size	: 12288 KB
physical id	: 1
siblings	: 8
core id		: 1
cpu cores	: 4
apicid		: 35
initial apicid	: 35
fpu		: yes
fpu_exception	: yes
cpuid level	: 11
wp		: yes
flags		: fpu vme de pse tsc msr pae mce cx8 apic sep mtrr pge mca cmov pat pse36 clflush dts acpi mmx fxsr sse sse2 ss ht tm pbe syscall nx pdpe1gb rdtscp lm constant_tsc arch_perfmon pebs bts rep_good nopl xtopology nonstop_tsc aperfmperf pni pclmulqdq dtes64 monitor ds_cpl vmx smx est tm2 ssse3 cx16 xtpr pdcm pcid dca sse4_1 sse4_2 popcnt aes lahf_lm ida arat dtherm tpr_shadow vnmi flexpriority ept vpid
bugs		:
bogomips	: 4787.78
clflush size	: 64
cache_alignment	: 64
address sizes	: 40 bits physical, 48 bits virtual
power management:

processor	: 14
vendor_id	: GenuineIntel
cpu family	: 6
model		: 44
model name	: Intel(R) Xeon(R) CPU           E5620  @ 2.40GHz
stepping	: 2
microcode	: 0x15
cpu MHz		: 2395.000
cache size	: 12288 KB
physical id	: 1
siblings	: 8
core id		: 9
cpu cores	: 4
apicid		: 51
initial apicid	: 51
fpu		: yes
fpu_exception	: yes
cpuid level	: 11
wp		: yes
flags		: fpu vme de pse tsc msr pae mce cx8 apic sep mtrr pge mca cmov pat pse36 clflush dts acpi mmx fxsr sse sse2 ss ht tm pbe syscall nx pdpe1gb rdtscp lm constant_tsc arch_perfmon pebs bts rep_good nopl xtopology nonstop_tsc aperfmperf pni pclmulqdq dtes64 monitor ds_cpl vmx smx est tm2 ssse3 cx16 xtpr pdcm pcid dca sse4_1 sse4_2 popcnt aes lahf_lm ida arat dtherm tpr_shadow vnmi flexpriority ept vpid
bugs		:
bogomips	: 4787.78
clflush size	: 64
cache_alignment	: 64
address sizes	: 40 bits physical, 48 bits virtual
power management:

processor	: 15
vendor_id	: GenuineIntel
cpu family	: 6
model		: 44
model name	: Intel(R) Xeon(R) CPU           E5620  @ 2.40GHz
stepping	: 2
microcode	: 0x15
cpu MHz		: 1596.000
cache size	: 12288 KB
physical id	: 1
siblings	: 8
core id		: 10
cpu cores	: 4
apicid		: 53
initial apicid	: 53
fpu		: yes
fpu_exception	: yes
cpuid level	: 11
wp		: yes
flags		: fpu vme de pse tsc msr pae mce cx8 apic sep mtrr pge mca cmov pat pse36 clflush dts acpi mmx fxsr sse sse2 ss ht tm pbe syscall nx pdpe1gb rdtscp lm constant_tsc arch_perfmon pebs bts rep_good nopl xtopology nonstop_tsc aperfmperf pni pclmulqdq dtes64 monitor ds_cpl vmx smx est tm2 ssse3 cx16 xtpr pdcm pcid dca sse4_1 sse4_2 popcnt aes lahf_lm ida arat dtherm tpr_shadow vnmi flexpriority ept vpid
bugs		:
bogomips	: 4787.78
clflush size	: 64
cache_alignment	: 64
address sizes	: 40 bits physical, 48 bits virtual
power management:



Memory: 4k page, physical 24676820k(19055084k free), swap 31248380k(31248380k free)

vm_info: OpenJDK 64-Bit Server VM (24.95-b01) for linux-amd64 JRE (1.7.0_101-b00), built on May  4 2016 17:57:00 by "julien" with gcc 4.9.2

time: Wed Jul  6 15:05:46 2016
elapsed time: 1 seconds

